[1.743s] Invoking command in '/home/pi/sunflower/src/stem_pkg': PYTEST_ADDOPTS=--tb=short --junit-xml=/home/pi/sunflower/build/stem_pkg/pytest.xml --junit-prefix=stem_pkg -o cache_dir=/home/pi/sunflower/build/stem_pkg/.pytest_cache PYTHONPATH=/home/pi/sunflower/build/stem_pkg:/home/pi/sunflower/install/stem_pkg/lib/python3.8/site-packages:/home/pi/sunflower/install/sunflower_interfaces/lib/python3.8/site-packages:/opt/ros/foxy/lib/python3.8/site-packages /usr/bin/python3 -m pytest
[6.653s] [1m============================= test session starts ==============================[0m
[6.656s] platform linux -- Python 3.8.10, pytest-7.1.2, pluggy-0.13.0
[6.711s] cachedir: /home/pi/sunflower/build/stem_pkg/.pytest_cache
[6.715s] rootdir: /home/pi/sunflower/src/stem_pkg
[6.717s] plugins: ament-flake8-0.9.6, ament-copyright-0.9.6, launch-testing-ros-0.11.6, ament-xmllint-0.9.6, ament-pep257-0.9.6, ament-lint-0.9.6, launch-testing-0.10.8, rerunfailures-10.2, repeat-0.9.1, colcon-core-0.8.3, cov-2.8.1
[7.358s] [1mcollecting ... [0m[1m
[7.385s] collecting 0 items                                                             [0m[1m
[7.385s] collected 3 items                                                              [0m
[7.388s] 
[7.865s] test/test_copyright.py [31mF[0m[31m                                                 [ 33%][0m
[9.695s] test/test_flake8.py [31mF[0m[31m                                                    [ 66%][0m
[10.151s] test/test_pep257.py [32m.[0m[31m                                                    [100%][0m
[10.152s] 
[10.153s] =================================== FAILURES ===================================
[10.153s] [31m[1m________________________________ test_copyright ________________________________[0m
[10.154s] [1m[31mtest/test_copyright.py[0m:23: in test_copyright
[10.448s]     [34;01massert[39;49;00m rc == [34;01m0[39;49;00m, [33m'[39;49;00m[33mFound errors[39;49;00m[33m'[39;49;00m
[10.456s] [1m[31mE   AssertionError: Found errors[0m
[10.457s] [1m[31mE   assert 1 == 0[0m
[10.459s] ----------------------------- Captured stderr call -----------------------------
[10.460s] launch/stem.launch.py: could not find copyright notice
[10.462s] stem_pkg/async_serial_talker.py: could not find copyright notice
[10.463s] stem_pkg/calculator.py: could not find copyright notice
[10.464s] stem_pkg/cmd_selector.py: could not find copyright notice
[10.464s] stem_pkg/controller.py: could not find copyright notice
[10.466s] stem_pkg/serial_talker.py: could not find copyright notice
[10.466s] stem_pkg/tensor.py: could not find copyright notice
[10.467s] stem_pkg/tensor_publisher.py: could not find copyright notice
[10.468s] stem_pkg/tester.py: could not find copyright notice
[10.469s] 9 errors, checked 13 files
[10.469s] [31m[1m_________________________________ test_flake8 __________________________________[0m
[10.470s] [1m[31mtest/test_flake8.py[0m:23: in test_flake8
[10.471s]     [34;01massert[39;49;00m rc == [34;01m0[39;49;00m, \
[10.472s] [1m[31mE   AssertionError: Found 199 code style errors / warnings:[0m
[10.487s] [1m[31mE     ./setup.py:2:1: I100 Import statements are in the wrong order. 'import os' should be before 'from setuptools import setup' and in a different group.[0m
[10.488s] [1m[31mE     ./setup.py:2:1: I201 Missing newline between import groups. 'import os' is identified as Stdlib and 'from setuptools import setup' is identified as Third Party.[0m
[10.489s] [1m[31mE     ./setup.py:3:1: I100 Import statements are in the wrong order. 'from glob import glob' should be before 'import os'[0m
[10.489s] [1m[31mE     ./setup.py:26:13: Q000 Double quotes found but single quotes preferred[0m
[10.490s] [1m[31mE     ./setup.py:27:13: Q000 Double quotes found but single quotes preferred[0m
[10.492s] [1m[31mE     ./setup.py:28:13: Q000 Double quotes found but single quotes preferred[0m
[10.496s] [1m[31mE     ./setup.py:29:13: Q000 Double quotes found but single quotes preferred[0m
[10.497s] [1m[31mE     ./setup.py:30:13: Q000 Double quotes found but single quotes preferred[0m
[10.512s] [1m[31mE     ./setup.py:31:13: E265 block comment should start with '# '[0m
[10.515s] [1m[31mE     ./setup.py:32:13: E265 block comment should start with '# '[0m
[10.516s] [1m[31mE     ./setup.py:35:2: W292 no newline at end of file[0m
[10.516s] [1m[31mE     ./launch/stem.launch.py:4:1: E302 expected 2 blank lines, found 1[0m
[10.517s] [1m[31mE     ./launch/stem.launch.py:10:20: E251 unexpected spaces around keyword / parameter equals[0m
[10.518s] [1m[31mE     ./launch/stem.launch.py:20:32: E202 whitespace before ')'[0m
[10.519s] [1m[31mE     ./launch/stem.launch.py:26:20: E251 unexpected spaces around keyword / parameter equals[0m
[10.519s] [1m[31mE     ./launch/stem.launch.py:26:29: E202 whitespace before ')'[0m
[10.520s] [1m[31mE     ./launch/stem.launch.py:27:7: W292 no newline at end of file[0m
[10.521s] [1m[31mE     ./stem_pkg/serial_talker.py:5:1: I100 Import statements are in the wrong order. 'import serial' should be before 'from std_msgs.msg import String'[0m
[10.522s] [1m[31mE     ./stem_pkg/serial_talker.py:5:14: W291 trailing whitespace[0m
[10.523s] [1m[31mE     ./stem_pkg/serial_talker.py:11:5: E301 expected 1 blank line, found 0[0m
[10.524s] [1m[31mE     ./stem_pkg/serial_talker.py:19:32: Q000 Double quotes found but single quotes preferred[0m
[10.525s] [1m[31mE     ./stem_pkg/serial_talker.py:22:24: Q000 Double quotes found but single quotes preferred[0m
[10.531s] [1m[31mE     ./stem_pkg/serial_talker.py:40:1: E305 expected 2 blank lines after class or function definition, found 1[0m
[10.532s] [1m[31mE     ./stem_pkg/serial_talker.py:40:26: E203 whitespace before ':'[0m
[10.533s] [1m[31mE     ./stem_pkg/serial_talker.py:41:11: W292 no newline at end of file[0m
[10.534s] [1m[31mE     ./stem_pkg/controller.py:5:1: I100 Import statements are in the wrong order. 'import RPi.GPIO' should be before 'from std_msgs.msg import String'[0m
[10.539s] [1m[31mE     ./stem_pkg/controller.py:7:1: E302 expected 2 blank lines, found 1[0m
[10.540s] [1m[31mE     ./stem_pkg/controller.py:7:23: E203 whitespace before ':'[0m
[10.541s] [1m[31mE     ./stem_pkg/controller.py:8:1: CNL100 Class definition does not have a new line.[0m
[10.541s] [1m[31mE     ./stem_pkg/controller.py:15:1: W293 blank line contains whitespace[0m
[10.542s] [1m[31mE     ./stem_pkg/controller.py:19:60: E261 at least two spaces before inline comment[0m
[10.543s] [1m[31mE     ./stem_pkg/controller.py:19:61: E262 inline comment should start with '# '[0m
[10.544s] [1m[31mE     ./stem_pkg/controller.py:20:60: E261 at least two spaces before inline comment[0m
[10.545s] [1m[31mE     ./stem_pkg/controller.py:20:61: E262 inline comment should start with '# '[0m
[10.554s] [1m[31mE     ./stem_pkg/controller.py:22:60: E261 at least two spaces before inline comment[0m
[10.555s] [1m[31mE     ./stem_pkg/controller.py:22:61: E262 inline comment should start with '# '[0m
[10.557s] [1m[31mE     ./stem_pkg/controller.py:23:60: E261 at least two spaces before inline comment[0m
[10.558s] [1m[31mE     ./stem_pkg/controller.py:23:61: E262 inline comment should start with '# '[0m
[10.559s] [1m[31mE     ./stem_pkg/controller.py:25:60: E261 at least two spaces before inline comment[0m
[10.560s] [1m[31mE     ./stem_pkg/controller.py:25:61: E262 inline comment should start with '# '[0m
[10.561s] [1m[31mE     ./stem_pkg/controller.py:26:60: E261 at least two spaces before inline comment[0m
[10.561s] [1m[31mE     ./stem_pkg/controller.py:26:61: E262 inline comment should start with '# '[0m
[10.578s] [1m[31mE     ./stem_pkg/controller.py:28:60: E261 at least two spaces before inline comment[0m
[10.580s] [1m[31mE     ./stem_pkg/controller.py:28:61: E262 inline comment should start with '# '[0m
[10.581s] [1m[31mE     ./stem_pkg/controller.py:30:9: E265 block comment should start with '# '[0m
[10.582s] [1m[31mE     ./stem_pkg/controller.py:31:9: E265 block comment should start with '# '[0m
[10.584s] [1m[31mE     ./stem_pkg/controller.py:33:57: E251 unexpected spaces around keyword / parameter equals[0m
[10.585s] [1m[31mE     ./stem_pkg/controller.py:33:59: E251 unexpected spaces around keyword / parameter equals[0m
[10.587s] [1m[31mE     ./stem_pkg/controller.py:34:57: E251 unexpected spaces around keyword / parameter equals[0m
[10.590s] [1m[31mE     ./stem_pkg/controller.py:34:59: E251 unexpected spaces around keyword / parameter equals[0m
[10.604s] [1m[31mE     ./stem_pkg/controller.py:36:57: E251 unexpected spaces around keyword / parameter equals[0m
[10.605s] [1m[31mE     ./stem_pkg/controller.py:36:59: E251 unexpected spaces around keyword / parameter equals[0m
[10.606s] [1m[31mE     ./stem_pkg/controller.py:37:57: E251 unexpected spaces around keyword / parameter equals[0m
[10.607s] [1m[31mE     ./stem_pkg/controller.py:37:59: E251 unexpected spaces around keyword / parameter equals[0m
[10.609s] [1m[31mE     ./stem_pkg/controller.py:39:57: E251 unexpected spaces around keyword / parameter equals[0m
[10.623s] [1m[31mE     ./stem_pkg/controller.py:39:59: E251 unexpected spaces around keyword / parameter equals[0m
[10.624s] [1m[31mE     ./stem_pkg/controller.py:40:57: E251 unexpected spaces around keyword / parameter equals[0m
[10.625s] [1m[31mE     ./stem_pkg/controller.py:40:59: E251 unexpected spaces around keyword / parameter equals[0m
[10.627s] [1m[31mE     ./stem_pkg/controller.py:42:57: E251 unexpected spaces around keyword / parameter equals[0m
[10.629s] [1m[31mE     ./stem_pkg/controller.py:42:59: E251 unexpected spaces around keyword / parameter equals[0m
[10.630s] [1m[31mE     ./stem_pkg/controller.py:46:9: E265 block comment should start with '# '[0m
[10.631s] [1m[31mE     ./stem_pkg/controller.py:48:43: E203 whitespace before ':'[0m
[10.632s] [1m[31mE     ./stem_pkg/controller.py:55:32: E203 whitespace before ':'[0m
[10.633s] [1m[31mE     ./stem_pkg/controller.py:60:19: E203 whitespace before ':'[0m
[10.634s] [1m[31mE     ./stem_pkg/controller.py:61:17: Q000 Double quotes found but single quotes preferred[0m
[10.648s] [1m[31mE     ./stem_pkg/controller.py:62:21: E203 whitespace before ':'[0m
[10.649s] [1m[31mE     ./stem_pkg/controller.py:63:17: Q000 Double quotes found but single quotes preferred[0m
[10.651s] [1m[31mE     ./stem_pkg/controller.py:64:21: E203 whitespace before ':'[0m
[10.652s] [1m[31mE     ./stem_pkg/controller.py:65:17: Q000 Double quotes found but single quotes preferred[0m
[10.654s] [1m[31mE     ./stem_pkg/controller.py:66:21: E203 whitespace before ':'[0m
[10.655s] [1m[31mE     ./stem_pkg/controller.py:67:17: Q000 Double quotes found but single quotes preferred[0m
[10.657s] [1m[31mE     ./stem_pkg/controller.py:68:21: E203 whitespace before ':'[0m
[10.671s] [1m[31mE     ./stem_pkg/controller.py:69:17: Q000 Double quotes found but single quotes preferred[0m
[10.673s] [1m[31mE     ./stem_pkg/controller.py:70:21: E203 whitespace before ':'[0m
[10.674s] [1m[31mE     ./stem_pkg/controller.py:71:17: Q000 Double quotes found but single quotes preferred[0m
[10.676s] [1m[31mE     ./stem_pkg/controller.py:72:21: E203 whitespace before ':'[0m
[10.678s] [1m[31mE     ./stem_pkg/controller.py:73:17: Q000 Double quotes found but single quotes preferred[0m
[10.679s] [1m[31mE     ./stem_pkg/controller.py:74:21: E203 whitespace before ':'[0m
[10.680s] [1m[31mE     ./stem_pkg/controller.py:75:17: Q000 Double quotes found but single quotes preferred[0m
[10.682s] [1m[31mE     ./stem_pkg/controller.py:76:21: E203 whitespace before ':'[0m
[10.683s] [1m[31mE     ./stem_pkg/controller.py:77:17: Q000 Double quotes found but single quotes preferred[0m
[10.684s] [1m[31mE     ./stem_pkg/controller.py:78:13: E203 whitespace before ':'[0m
[10.685s] [1m[31mE     ./stem_pkg/controller.py:83:20: E203 whitespace before ':'[0m
[10.686s] [1m[31mE     ./stem_pkg/controller.py:95:1: E305 expected 2 blank lines after class or function definition, found 1[0m
[10.687s] [1m[31mE     ./stem_pkg/controller.py:95:26: E203 whitespace before ':'[0m
[10.687s] [1m[31mE     ./stem_pkg/controller.py:96:11: W292 no newline at end of file[0m
[10.689s] [1m[31mE     ./stem_pkg/async_serial_talker.py:5:1: I100 Import statements are in the wrong order. 'import asyncio' should be before 'from std_msgs.msg import String' and in a different group.[0m
[10.690s] [1m[31mE     ./stem_pkg/async_serial_talker.py:5:1: I201 Missing newline between import groups. 'import asyncio' is identified as Stdlib and 'from std_msgs.msg import String' is identified as Third Party.[0m
[10.703s] [1m[31mE     ./stem_pkg/async_serial_talker.py:6:1: I201 Missing newline between import groups. 'import serial_asyncio' is identified as Third Party and 'import asyncio' is identified as Stdlib.[0m
[10.704s] [1m[31mE     ./stem_pkg/async_serial_talker.py:11:5: E301 expected 1 blank line, found 0[0m
[10.705s] [1m[31mE     ./stem_pkg/async_serial_talker.py:20:32: Q000 Double quotes found but single quotes preferred[0m
[10.706s] [1m[31mE     ./stem_pkg/async_serial_talker.py:29:100: E501 line too long (102 > 99 characters)[0m
[10.708s] [1m[31mE     ./stem_pkg/async_serial_talker.py:38:38: E203 whitespace before ':'[0m
[10.709s] [1m[31mE     ./stem_pkg/async_serial_talker.py:39:21: E203 whitespace before ':'[0m
[10.722s] [1m[31mE     ./stem_pkg/async_serial_talker.py:42:9: E265 block comment should start with '# '[0m
[10.724s] [1m[31mE     ./stem_pkg/async_serial_talker.py:57:1: E305 expected 2 blank lines after class or function definition, found 1[0m
[10.725s] [1m[31mE     ./stem_pkg/async_serial_talker.py:57:26: E203 whitespace before ':'[0m
[10.727s] [1m[31mE     ./stem_pkg/async_serial_talker.py:58:11: W292 no newline at end of file[0m
[10.729s] [1m[31mE     ./stem_pkg/cmd_selector.py:6:1: E302 expected 2 blank lines, found 1[0m
[10.730s] [1m[31mE     ./stem_pkg/cmd_selector.py:8:5: E301 expected 1 blank line, found 0[0m
[10.731s] [1m[31mE     ./stem_pkg/cmd_selector.py:44:1: E303 too many blank lines (3)[0m
[10.732s] [1m[31mE     ./stem_pkg/cmd_selector.py:55:1: E305 expected 2 blank lines after class or function definition, found 1[0m
[10.747s] [1m[31mE     ./stem_pkg/cmd_selector.py:55:26: E203 whitespace before ':'[0m
[10.748s] [1m[31mE     ./stem_pkg/cmd_selector.py:56:11: W292 no newline at end of file[0m
[10.750s] [1m[31mE     ./stem_pkg/calculator.py:1:1: F401 'socket.NI_NUMERICHOST' imported but unused[0m
[10.752s] [1m[31mE     ./stem_pkg/calculator.py:2:1: I201 Missing newline between import groups. 'import rclpy' is identified as Third Party and 'from socket import NI_NUMERICHOST' is identified as Stdlib.[0m
[10.754s] [1m[31mE     ./stem_pkg/calculator.py:7:1: I100 Import statements are in the wrong order. 'import math' should be before 'from sunflower_interfaces.msg import TfliteResult' and in a different group.[0m
[10.767s] [1m[31mE     ./stem_pkg/calculator.py:7:1: I201 Missing newline between import groups. 'import math' is identified as Stdlib and 'from sunflower_interfaces.msg import TfliteResult' is identified as Third Party.[0m
[10.769s] [1m[31mE     ./stem_pkg/calculator.py:9:1: E302 expected 2 blank lines, found 1[0m
[10.771s] [1m[31mE     ./stem_pkg/calculator.py:9:23: E203 whitespace before ':'[0m
[10.773s] [1m[31mE     ./stem_pkg/calculator.py:10:1: CNL100 Class definition does not have a new line.[0m
[10.774s] [1m[31mE     ./stem_pkg/calculator.py:23:35: E203 whitespace before ':'[0m
[10.775s] [1m[31mE     ./stem_pkg/calculator.py:31:30: Q000 Double quotes found but single quotes preferred[0m
[10.777s] [1m[31mE     ./stem_pkg/calculator.py:34:27: C417 Unnecessary use of map - use a generator expression instead.[0m
[10.778s] [1m[31mE     ./stem_pkg/calculator.py:35:27: C417 Unnecessary use of map - use a generator expression instead.[0m
[10.779s] [1m[31mE     ./stem_pkg/calculator.py:36:27: C417 Unnecessary use of map - use a generator expression instead.[0m
[10.786s] [1m[31mE     ./stem_pkg/calculator.py:62:1: W293 blank line contains whitespace[0m
[10.788s] [1m[31mE     ./stem_pkg/calculator.py:65:10: E203 whitespace before ','[0m
[10.791s] [1m[31mE     ./stem_pkg/calculator.py:65:39: C417 Unnecessary use of map - use a generator expression instead.[0m
[10.803s] [1m[31mE     ./stem_pkg/calculator.py:83:1: E302 expected 2 blank lines, found 1[0m
[10.805s] [1m[31mE     ./stem_pkg/calculator.py:83:20: E203 whitespace before ':'[0m
[10.806s] [1m[31mE     ./stem_pkg/calculator.py:94:1: E305 expected 2 blank lines after class or function definition, found 1[0m
[10.808s] [1m[31mE     ./stem_pkg/calculator.py:94:26: E203 whitespace before ':'[0m
[10.809s] [1m[31mE     ./stem_pkg/calculator.py:95:11: W292 no newline at end of file[0m
[10.810s] [1m[31mE     ./stem_pkg/tensor.py:5:1: I100 Import statements are in the wrong order. 'import cv2' should be before 'from sunflower_interfaces.msg import TfliteResult'[0m
[10.823s] [1m[31mE     ./stem_pkg/tensor.py:7:1: I100 Import statements are in the wrong order. 'import numpy' should be before 'import tensorflow'[0m
[10.826s] [1m[31mE     ./stem_pkg/tensor.py:9:1: E302 expected 2 blank lines, found 1[0m
[10.829s] [1m[31mE     ./stem_pkg/tensor.py:9:19: E203 whitespace before ':'[0m
[10.832s] [1m[31mE     ./stem_pkg/tensor.py:10:1: CNL100 Class definition does not have a new line.[0m
[10.834s] [1m[31mE     ./stem_pkg/tensor.py:20:46: E203 whitespace before ':'[0m
[10.838s] [1m[31mE     ./stem_pkg/tensor.py:41:9: F841 local variable 'data' is assigned to but never used[0m
[10.849s] [1m[31mE     ./stem_pkg/tensor.py:41:16: C408 Unnecessary list call - rewrite as a literal.[0m
[10.854s] [1m[31mE     ./stem_pkg/tensor.py:53:1: E302 expected 2 blank lines, found 1[0m
[10.858s] [1m[31mE     ./stem_pkg/tensor.py:53:20: E203 whitespace before ':'[0m
[10.869s] [1m[31mE     ./stem_pkg/tensor.py:55:50: Q000 Double quotes found but single quotes preferred[0m
[10.873s] [1m[31mE     ./stem_pkg/tensor.py:55:100: E501 line too long (100 > 99 characters)[0m
[10.877s] [1m[31mE     ./stem_pkg/tensor.py:67:1: E305 expected 2 blank lines after class or function definition, found 1[0m
[10.880s] [1m[31mE     ./stem_pkg/tensor.py:67:26: E203 whitespace before ':'[0m
[10.885s] [1m[31mE     ./stem_pkg/tensor.py:70:1: E265 block comment should start with '# '[0m
[10.888s] [1m[31mE     ./stem_pkg/tensor.py:70:29: W292 no newline at end of file[0m
[10.890s] [1m[31mE     ./stem_pkg/tensor.py:70:29: W292 no newline at end of file[0m
[10.893s] [1m[31mE     ./stem_pkg/tensor.py:70:29: W292 no newline at end of file[0m
[10.897s] [1m[31mE     ./stem_pkg/tester.py:5:1: I100 Import statements are in the wrong order. 'from pynput import keyboard' should be before 'from std_msgs.msg import String'[0m
[10.900s] [1m[31mE     ./stem_pkg/tester.py:7:1: E302 expected 2 blank lines, found 1[0m
[10.903s] [1m[31mE     ./stem_pkg/tester.py:7:19: E203 whitespace before ':'[0m
[10.906s] [1m[31mE     ./stem_pkg/tester.py:8:1: CNL100 Class definition does not have a new line.[0m
[10.909s] [1m[31mE     ./stem_pkg/tester.py:16:21: E251 unexpected spaces around keyword / parameter equals[0m
[10.912s] [1m[31mE     ./stem_pkg/tester.py:16:23: E251 unexpected spaces around keyword / parameter equals[0m
[10.915s] [1m[31mE     ./stem_pkg/tester.py:17:23: E251 unexpected spaces around keyword / parameter equals[0m
[10.919s] [1m[31mE     ./stem_pkg/tester.py:17:25: E251 unexpected spaces around keyword / parameter equals[0m
[10.922s] [1m[31mE     ./stem_pkg/tester.py:21:43: E203 whitespace before ':'[0m
[10.925s] [1m[31mE     ./stem_pkg/tester.py:29:1: B901 blind except: statement[0m
[10.928s] [1m[31mE     ./stem_pkg/tester.py:29:9: E722 do not use bare 'except'[0m
[10.931s] [1m[31mE     ./stem_pkg/tester.py:32:32: E203 whitespace before ':'[0m
[10.946s] [1m[31mE     ./stem_pkg/tester.py:37:17: Q000 Double quotes found but single quotes preferred[0m
[10.949s] [1m[31mE     ./stem_pkg/tester.py:37:20: E203 whitespace before ':'[0m
[10.952s] [1m[31mE     ./stem_pkg/tester.py:38:17: Q000 Double quotes found but single quotes preferred[0m
[10.955s] [1m[31mE     ./stem_pkg/tester.py:39:19: Q000 Double quotes found but single quotes preferred[0m
[10.957s] [1m[31mE     ./stem_pkg/tester.py:39:22: E203 whitespace before ':'[0m
[10.960s] [1m[31mE     ./stem_pkg/tester.py:40:17: Q000 Double quotes found but single quotes preferred[0m
[10.963s] [1m[31mE     ./stem_pkg/tester.py:41:19: Q000 Double quotes found but single quotes preferred[0m
[10.972s] [1m[31mE     ./stem_pkg/tester.py:41:22: E203 whitespace before ':'[0m
[10.973s] [1m[31mE     ./stem_pkg/tester.py:42:17: Q000 Double quotes found but single quotes preferred[0m
[10.979s] [1m[31mE     ./stem_pkg/tester.py:43:19: Q000 Double quotes found but single quotes preferred[0m
[10.980s] [1m[31mE     ./stem_pkg/tester.py:43:22: E203 whitespace before ':'[0m
[10.982s] [1m[31mE     ./stem_pkg/tester.py:44:17: Q000 Double quotes found but single quotes preferred[0m
[10.983s] [1m[31mE     ./stem_pkg/tester.py:45:19: Q000 Double quotes found but single quotes preferred[0m
[10.984s] [1m[31mE     ./stem_pkg/tester.py:45:22: E203 whitespace before ':'[0m
[10.985s] [1m[31mE     ./stem_pkg/tester.py:46:17: Q000 Double quotes found but single quotes preferred[0m
[10.995s] [1m[31mE     ./stem_pkg/tester.py:47:19: Q000 Double quotes found but single quotes preferred[0m
[10.997s] [1m[31mE     ./stem_pkg/tester.py:47:22: E203 whitespace before ':'[0m
[10.999s] [1m[31mE     ./stem_pkg/tester.py:48:17: Q000 Double quotes found but single quotes preferred[0m
[11.000s] [1m[31mE     ./stem_pkg/tester.py:49:13: E203 whitespace before ':'[0m
[11.001s] [1m[31mE     ./stem_pkg/tester.py:57:1: E302 expected 2 blank lines, found 1[0m
[11.002s] [1m[31mE     ./stem_pkg/tester.py:57:20: E203 whitespace before ':'[0m
[11.003s] [1m[31mE     ./stem_pkg/tester.py:68:1: E305 expected 2 blank lines after class or function definition, found 1[0m
[11.004s] [1m[31mE     ./stem_pkg/tester.py:68:26: E203 whitespace before ':'[0m
[11.005s] [1m[31mE     ./stem_pkg/tester.py:69:11: W292 no newline at end of file[0m
[11.006s] [1m[31mE     ./stem_pkg/tensor_publisher.py:5:1: I100 Import statements are in the wrong order. 'import cv2' should be before 'from std_msgs.msg import String'[0m
[11.030s] [1m[31mE     ./stem_pkg/tensor_publisher.py:7:1: I100 Import statements are in the wrong order. 'import numpy' should be before 'import tensorflow'[0m
[11.035s] [1m[31mE     ./stem_pkg/tensor_publisher.py:8:1: F401 'pandas as pd' imported but unused[0m
[11.037s] [1m[31mE     ./stem_pkg/tensor_publisher.py:10:1: E302 expected 2 blank lines, found 1[0m
[11.039s] [1m[31mE     ./stem_pkg/tensor_publisher.py:10:28: E203 whitespace before ':'[0m
[11.041s] [1m[31mE     ./stem_pkg/tensor_publisher.py:11:1: CNL100 Class definition does not have a new line.[0m
[11.043s] [1m[31mE     ./stem_pkg/tensor_publisher.py:21:46: E203 whitespace before ':'[0m
[11.045s] [1m[31mE     ./stem_pkg/tensor_publisher.py:42:16: C408 Unnecessary list call - rewrite as a literal.[0m
[11.047s] [1m[31mE     ./stem_pkg/tensor_publisher.py:44:28: E203 whitespace before ':'[0m
[11.048s] [1m[31mE     ./stem_pkg/tensor_publisher.py:47:20: Q000 Double quotes found but single quotes preferred[0m
[11.050s] [1m[31mE     ./stem_pkg/tensor_publisher.py:48:20: Q000 Double quotes found but single quotes preferred[0m
[11.052s] [1m[31mE     ./stem_pkg/tensor_publisher.py:52:1: E302 expected 2 blank lines, found 1[0m
[11.053s] [1m[31mE     ./stem_pkg/tensor_publisher.py:52:20: E203 whitespace before ':'[0m
[11.054s] [1m[31mE     ./stem_pkg/tensor_publisher.py:54:50: Q000 Double quotes found but single quotes preferred[0m
[11.056s] [1m[31mE     ./stem_pkg/tensor_publisher.py:54:100: E501 line too long (100 > 99 characters)[0m
[11.057s] [1m[31mE     ./stem_pkg/tensor_publisher.py:66:1: E305 expected 2 blank lines after class or function definition, found 1[0m
[11.058s] [1m[31mE     ./stem_pkg/tensor_publisher.py:66:26: E203 whitespace before ':'[0m
[11.075s] [1m[31mE     ./stem_pkg/tensor_publisher.py:69:1: E265 block comment should start with '# '[0m
[11.075s] [1m[31mE     ./stem_pkg/tensor_publisher.py:69:29: W292 no newline at end of file[0m
[11.076s] [1m[31mE     ./stem_pkg/tensor_publisher.py:69:29: W292 no newline at end of file[0m
[11.077s] [1m[31mE     ./stem_pkg/tensor_publisher.py:69:29: W292 no newline at end of file[0m
[11.079s] [1m[31mE   assert 1 == 0[0m
[11.079s] ----------------------------- Captured stdout call -----------------------------
[11.080s] 
[11.081s] ./setup.py:2:1: I100 Import statements are in the wrong order. 'import os' should be before 'from setuptools import setup' and in a different group.
[11.082s] import os
[11.091s] ^
[11.091s] 
[11.092s] ./setup.py:2:1: I201 Missing newline between import groups. 'import os' is identified as Stdlib and 'from setuptools import setup' is identified as Third Party.
[11.092s] import os
[11.093s] ^
[11.093s] 
[11.094s] ./setup.py:3:1: I100 Import statements are in the wrong order. 'from glob import glob' should be before 'import os'
[11.094s] from glob import glob
[11.095s] ^
[11.096s] 
[11.096s] ./setup.py:26:13: Q000 Double quotes found but single quotes preferred
[11.101s]             "serial_talker=stem_pkg.serial_talker:main",
[11.102s]             ^
[11.115s] 
[11.115s] ./setup.py:27:13: Q000 Double quotes found but single quotes preferred
[11.116s]             "cmd_selector=stem_pkg.cmd_selector:main",
[11.117s]             ^
[11.118s] 
[11.119s] ./setup.py:28:13: Q000 Double quotes found but single quotes preferred
[11.120s]             "calculator=stem_pkg.calculator:main",
[11.121s]             ^
[11.121s] 
[11.122s] ./setup.py:29:13: Q000 Double quotes found but single quotes preferred
[11.123s]             "tensor_publisher=stem_pkg.tensor_publisher:main",
[11.124s]             ^
[11.125s] 
[11.131s] ./setup.py:30:13: Q000 Double quotes found but single quotes preferred
[11.131s]             "tensor=stem_pkg.tensor:main"
[11.132s]             ^
[11.133s] 
[11.134s] ./setup.py:31:13: E265 block comment should start with '# '
[11.135s]             #"tester=stem_pkg.tester:main",
[11.142s]             ^
[11.143s] 
[11.144s] ./setup.py:32:13: E265 block comment should start with '# '
[11.145s]             #"controller=stem_pkg.controller:main"
[11.146s]             ^
[11.147s] 
[11.148s] ./setup.py:35:2: W292 no newline at end of file
[11.148s] ) ^
[11.149s] 
[11.150s] ./launch/stem.launch.py:4:1: E302 expected 2 blank lines, found 1
[11.151s] def generate_launch_description():
[11.152s] ^
[11.163s] 
[11.164s] ./launch/stem.launch.py:10:20: E251 unexpected spaces around keyword / parameter equals
[11.165s]             output= 'screen'),
[11.166s]                    ^
[11.166s] 
[11.167s] ./launch/stem.launch.py:20:32: E202 whitespace before ')'
[11.168s]             name='cmd_selector' ),
[11.169s]                                ^
[11.170s] 
[11.170s] ./launch/stem.launch.py:26:20: E251 unexpected spaces around keyword / parameter equals
[11.171s]             output= 'screen' )
[11.172s]                    ^
[11.173s] 
[11.174s] ./launch/stem.launch.py:26:29: E202 whitespace before ')'
[11.186s]             output= 'screen' )
[11.187s]                             ^
[11.188s] 
[11.189s] ./launch/stem.launch.py:27:7: W292 no newline at end of file
[11.190s]     ])      ^
[11.191s] 
[11.191s] ./stem_pkg/serial_talker.py:5:1: I100 Import statements are in the wrong order. 'import serial' should be before 'from std_msgs.msg import String'
[11.192s] import serial 
[11.193s] ^
[11.194s] 
[11.195s] ./stem_pkg/serial_talker.py:5:14: W291 trailing whitespace
[11.196s] import serial 
[11.206s]              ^
[11.211s] 
[11.212s] ./stem_pkg/serial_talker.py:11:5: E301 expected 1 blank line, found 0
[11.227s]     def __init__(self):
[11.227s]     ^
[11.228s] 
[11.229s] ./stem_pkg/serial_talker.py:19:32: Q000 Double quotes found but single quotes preferred
[11.230s]         self.get_logger().info("Serial connection started")
[11.231s]                                ^
[11.231s] 
[11.232s] ./stem_pkg/serial_talker.py:22:24: Q000 Double quotes found but single quotes preferred
[11.233s]         self.ser.write("^1*2*3*4*5*6*7*8*8".encode())
[11.234s]                        ^
[11.235s] 
[11.235s] ./stem_pkg/serial_talker.py:40:1: E305 expected 2 blank lines after class or function definition, found 1
[11.236s] if __name__ == '__main__' :
[11.237s] ^
[11.238s] 
[11.251s] ./stem_pkg/serial_talker.py:40:26: E203 whitespace before ':'
[11.252s] if __name__ == '__main__' :
[11.252s]                          ^
[11.253s] 
[11.254s] ./stem_pkg/serial_talker.py:41:11: W292 no newline at end of file
[11.255s]     main()          ^
[11.256s] 
[11.256s] ./stem_pkg/controller.py:5:1: I100 Import statements are in the wrong order. 'import RPi.GPIO' should be before 'from std_msgs.msg import String'
[11.258s] import RPi.GPIO as GPIO
[11.259s] ^
[11.260s] 
[11.261s] ./stem_pkg/controller.py:7:1: E302 expected 2 blank lines, found 1
[11.262s] class Controller(Node) :
[11.263s] ^
[11.264s] 
[11.264s] ./stem_pkg/controller.py:7:23: E203 whitespace before ':'
[11.266s] class Controller(Node) :
[11.267s]                       ^
[11.268s] 
[11.269s] ./stem_pkg/controller.py:8:1: CNL100 Class definition does not have a new line.
[11.270s]     def __init__(self):
[11.271s] ^
[11.272s] 
[11.273s] ./stem_pkg/controller.py:15:1: W293 blank line contains whitespace
[11.273s]         
[11.274s] ^
[11.275s] 
[11.276s] ./stem_pkg/controller.py:19:60: E261 at least two spaces before inline comment
[11.277s]         GPIO.setup(12, GPIO.IN, pull_up_down=GPIO.PUD_DOWN) #RED
[11.278s]                                                            ^
[11.278s] 
[11.279s] ./stem_pkg/controller.py:19:61: E262 inline comment should start with '# '
[11.280s]         GPIO.setup(12, GPIO.IN, pull_up_down=GPIO.PUD_DOWN) #RED
[11.281s]                                                             ^
[11.281s] 
[11.282s] ./stem_pkg/controller.py:20:60: E261 at least two spaces before inline comment
[11.283s]         GPIO.setup(13, GPIO.IN, pull_up_down=GPIO.PUD_DOWN) #ORANGE
[11.284s]                                                            ^
[11.285s] 
[11.285s] ./stem_pkg/controller.py:20:61: E262 inline comment should start with '# '
[11.286s]         GPIO.setup(13, GPIO.IN, pull_up_down=GPIO.PUD_DOWN) #ORANGE
[11.287s]                                                             ^
[11.288s] 
[11.289s] ./stem_pkg/controller.py:22:60: E261 at least two spaces before inline comment
[11.290s]         GPIO.setup(19, GPIO.IN, pull_up_down=GPIO.PUD_DOWN) #YELLOW
[11.290s]                                                            ^
[11.291s] 
[11.292s] ./stem_pkg/controller.py:22:61: E262 inline comment should start with '# '
[11.293s]         GPIO.setup(19, GPIO.IN, pull_up_down=GPIO.PUD_DOWN) #YELLOW
[11.294s]                                                             ^
[11.294s] 
[11.295s] ./stem_pkg/controller.py:23:60: E261 at least two spaces before inline comment
[11.296s]         GPIO.setup(16, GPIO.IN, pull_up_down=GPIO.PUD_DOWN) #GREEN
[11.297s]                                                            ^
[11.298s] 
[11.299s] ./stem_pkg/controller.py:23:61: E262 inline comment should start with '# '
[11.300s]         GPIO.setup(16, GPIO.IN, pull_up_down=GPIO.PUD_DOWN) #GREEN
[11.301s]                                                             ^
[11.301s] 
[11.302s] ./stem_pkg/controller.py:25:60: E261 at least two spaces before inline comment
[11.303s]         GPIO.setup(20, GPIO.IN, pull_up_down=GPIO.PUD_DOWN) #BLUE
[11.304s]                                                            ^
[11.304s] 
[11.305s] ./stem_pkg/controller.py:25:61: E262 inline comment should start with '# '
[11.306s]         GPIO.setup(20, GPIO.IN, pull_up_down=GPIO.PUD_DOWN) #BLUE
[11.307s]                                                             ^
[11.312s] 
[11.313s] ./stem_pkg/controller.py:26:60: E261 at least two spaces before inline comment
[11.315s]         GPIO.setup(26, GPIO.IN, pull_up_down=GPIO.PUD_DOWN) #VIOLET
[11.316s]                                                            ^
[11.316s] 
[11.317s] ./stem_pkg/controller.py:26:61: E262 inline comment should start with '# '
[11.318s]         GPIO.setup(26, GPIO.IN, pull_up_down=GPIO.PUD_DOWN) #VIOLET
[11.319s]                                                             ^
[11.320s] 
[11.321s] ./stem_pkg/controller.py:28:60: E261 at least two spaces before inline comment
[11.322s]         GPIO.setup(21, GPIO.IN, pull_up_down=GPIO.PUD_DOWN) #BROWN
[11.323s]                                                            ^
[11.324s] 
[11.325s] ./stem_pkg/controller.py:28:61: E262 inline comment should start with '# '
[11.325s]         GPIO.setup(21, GPIO.IN, pull_up_down=GPIO.PUD_DOWN) #BROWN
[11.326s]                                                             ^
[11.327s] 
[11.328s] ./stem_pkg/controller.py:30:9: E265 block comment should start with '# '
[11.329s]         #GPIO.setup(17, GPIO.IN, GPIO.PUD_UP) #black toggle yellow
[11.329s]         ^
[11.330s] 
[11.331s] ./stem_pkg/controller.py:31:9: E265 block comment should start with '# '
[11.332s]         #GPIO.setup(18, GPIO.IN, GPIO.PUD_UP) #black toggle greeen
[11.333s]         ^
[11.333s] 
[11.334s] ./stem_pkg/controller.py:33:57: E251 unexpected spaces around keyword / parameter equals
[11.335s]         GPIO.add_event_detect(12, GPIO.FALLING, callback = self.on_press, bouncetime=100)
[11.336s]                                                         ^
[11.337s] 
[11.338s] ./stem_pkg/controller.py:33:59: E251 unexpected spaces around keyword / parameter equals
[11.339s]         GPIO.add_event_detect(12, GPIO.FALLING, callback = self.on_press, bouncetime=100)
[11.340s]                                                           ^
[11.340s] 
[11.341s] ./stem_pkg/controller.py:34:57: E251 unexpected spaces around keyword / parameter equals
[11.342s]         GPIO.add_event_detect(13, GPIO.FALLING, callback = self.on_press, bouncetime=100)
[11.343s]                                                         ^
[11.344s] 
[11.344s] ./stem_pkg/controller.py:34:59: E251 unexpected spaces around keyword / parameter equals
[11.345s]         GPIO.add_event_detect(13, GPIO.FALLING, callback = self.on_press, bouncetime=100)
[11.346s]                                                           ^
[11.347s] 
[11.347s] ./stem_pkg/controller.py:36:57: E251 unexpected spaces around keyword / parameter equals
[11.348s]         GPIO.add_event_detect(19, GPIO.FALLING, callback = self.on_press, bouncetime=100)
[11.349s]                                                         ^
[11.349s] 
[11.351s] ./stem_pkg/controller.py:36:59: E251 unexpected spaces around keyword / parameter equals
[11.351s]         GPIO.add_event_detect(19, GPIO.FALLING, callback = self.on_press, bouncetime=100)
[11.352s]                                                           ^
[11.353s] 
[11.354s] ./stem_pkg/controller.py:37:57: E251 unexpected spaces around keyword / parameter equals
[11.355s]         GPIO.add_event_detect(16, GPIO.FALLING, callback = self.on_press, bouncetime=100)
[11.356s]                                                         ^
[11.357s] 
[11.357s] ./stem_pkg/controller.py:37:59: E251 unexpected spaces around keyword / parameter equals
[11.359s]         GPIO.add_event_detect(16, GPIO.FALLING, callback = self.on_press, bouncetime=100)
[11.360s]                                                           ^
[11.361s] 
[11.361s] ./stem_pkg/controller.py:39:57: E251 unexpected spaces around keyword / parameter equals
[11.362s]         GPIO.add_event_detect(20, GPIO.FALLING, callback = self.on_press, bouncetime=100)
[11.363s]                                                         ^
[11.364s] 
[11.365s] ./stem_pkg/controller.py:39:59: E251 unexpected spaces around keyword / parameter equals
[11.366s]         GPIO.add_event_detect(20, GPIO.FALLING, callback = self.on_press, bouncetime=100)
[11.366s]                                                           ^
[11.367s] 
[11.368s] ./stem_pkg/controller.py:40:57: E251 unexpected spaces around keyword / parameter equals
[11.369s]         GPIO.add_event_detect(26, GPIO.FALLING, callback = self.on_press, bouncetime=100)
[11.370s]                                                         ^
[11.371s] 
[11.372s] ./stem_pkg/controller.py:40:59: E251 unexpected spaces around keyword / parameter equals
[11.373s]         GPIO.add_event_detect(26, GPIO.FALLING, callback = self.on_press, bouncetime=100)
[11.374s]                                                           ^
[11.375s] 
[11.375s] ./stem_pkg/controller.py:42:57: E251 unexpected spaces around keyword / parameter equals
[11.376s]         GPIO.add_event_detect(21, GPIO.FALLING, callback = self.on_press, bouncetime=100)
[11.377s]                                                         ^
[11.377s] 
[11.378s] ./stem_pkg/controller.py:42:59: E251 unexpected spaces around keyword / parameter equals
[11.379s]         GPIO.add_event_detect(21, GPIO.FALLING, callback = self.on_press, bouncetime=100)
[11.380s]                                                           ^
[11.381s] 
[11.381s] ./stem_pkg/controller.py:46:9: E265 block comment should start with '# '
[11.382s]         #GPIO.wait_for_edge(18, GPIO.RISING, bouncetime = 10)
[11.383s]         ^
[11.384s] 
[11.384s] ./stem_pkg/controller.py:48:43: E203 whitespace before ':'
[11.385s]     def publish_key_command_msg(self, msg) :
[11.386s]                                           ^
[11.387s] 
[11.388s] ./stem_pkg/controller.py:55:32: E203 whitespace before ':'
[11.389s]         if msg.data is not None :
[11.390s]                                ^
[11.390s] 
[11.391s] ./stem_pkg/controller.py:60:19: E203 whitespace before ':'
[11.392s]         if k == 12 :
[11.393s]                   ^
[11.394s] 
[11.395s] ./stem_pkg/controller.py:61:17: Q000 Double quotes found but single quotes preferred
[11.396s]             c = "up"
[11.396s]                 ^
[11.397s] 
[11.398s] ./stem_pkg/controller.py:62:21: E203 whitespace before ':'
[11.399s]         elif k == 13 :
[11.400s]                     ^
[11.401s] 
[11.401s] ./stem_pkg/controller.py:63:17: Q000 Double quotes found but single quotes preferred
[11.402s]             c = "left"
[11.403s]                 ^
[11.404s] 
[11.404s] ./stem_pkg/controller.py:64:21: E203 whitespace before ':'
[11.405s]         elif k == 19 :
[11.406s]                     ^
[11.407s] 
[11.412s] ./stem_pkg/controller.py:65:17: Q000 Double quotes found but single quotes preferred
[11.414s]             c = "init"
[11.415s]                 ^
[11.416s] 
[11.417s] ./stem_pkg/controller.py:66:21: E203 whitespace before ':'
[11.418s]         elif k == 16 :
[11.419s]                     ^
[11.420s] 
[11.421s] ./stem_pkg/controller.py:67:17: Q000 Double quotes found but single quotes preferred
[11.422s]             c = "down"
[11.422s]                 ^
[11.423s] 
[11.423s] ./stem_pkg/controller.py:68:21: E203 whitespace before ':'
[11.424s]         elif k == 20 :
[11.425s]                     ^
[11.425s] 
[11.426s] ./stem_pkg/controller.py:69:17: Q000 Double quotes found but single quotes preferred
[11.426s]             c = "turn left"
[11.427s]                 ^
[11.427s] 
[11.428s] ./stem_pkg/controller.py:70:21: E203 whitespace before ':'
[11.429s]         elif k == 26 :
[11.430s]                     ^
[11.430s] 
[11.431s] ./stem_pkg/controller.py:71:17: Q000 Double quotes found but single quotes preferred
[11.431s]             c = "turn right"
[11.432s]                 ^
[11.433s] 
[11.433s] ./stem_pkg/controller.py:72:21: E203 whitespace before ':'
[11.434s]         elif k == 21 :
[11.434s]                     ^
[11.435s] 
[11.435s] ./stem_pkg/controller.py:73:17: Q000 Double quotes found but single quotes preferred
[11.436s]             c = "right"
[11.436s]                 ^
[11.437s] 
[11.437s] ./stem_pkg/controller.py:74:21: E203 whitespace before ':'
[11.438s]         elif k == 18 :
[11.439s]                     ^
[11.439s] 
[11.440s] ./stem_pkg/controller.py:75:17: Q000 Double quotes found but single quotes preferred
[11.441s]             c = "True"
[11.443s]                 ^
[11.444s] 
[11.444s] ./stem_pkg/controller.py:76:21: E203 whitespace before ':'
[11.445s]         elif k == 17 :
[11.445s]                     ^
[11.446s] 
[11.446s] ./stem_pkg/controller.py:77:17: Q000 Double quotes found but single quotes preferred
[11.447s]             c = "False"
[11.447s]                 ^
[11.448s] 
[11.449s] ./stem_pkg/controller.py:78:13: E203 whitespace before ':'
[11.449s]         else :
[11.449s]             ^
[11.450s] 
[11.451s] ./stem_pkg/controller.py:83:20: E203 whitespace before ':'
[11.451s] def main(args=None) :
[11.452s]                    ^
[11.453s] 
[11.453s] ./stem_pkg/controller.py:95:1: E305 expected 2 blank lines after class or function definition, found 1
[11.454s] if __name__ == '__main__' :
[11.455s] ^
[11.456s] 
[11.457s] ./stem_pkg/controller.py:95:26: E203 whitespace before ':'
[11.458s] if __name__ == '__main__' :
[11.459s]                          ^
[11.460s] 
[11.461s] ./stem_pkg/controller.py:96:11: W292 no newline at end of file
[11.462s]     main()          ^
[11.463s] 
[11.463s] ./stem_pkg/async_serial_talker.py:5:1: I100 Import statements are in the wrong order. 'import asyncio' should be before 'from std_msgs.msg import String' and in a different group.
[11.465s] import asyncio
[11.465s] ^
[11.467s] 
[11.468s] ./stem_pkg/async_serial_talker.py:5:1: I201 Missing newline between import groups. 'import asyncio' is identified as Stdlib and 'from std_msgs.msg import String' is identified as Third Party.
[11.469s] import asyncio
[11.470s] ^
[11.470s] 
[11.471s] ./stem_pkg/async_serial_talker.py:6:1: I201 Missing newline between import groups. 'import serial_asyncio' is identified as Third Party and 'import asyncio' is identified as Stdlib.
[11.472s] import serial_asyncio
[11.473s] ^
[11.474s] 
[11.475s] ./stem_pkg/async_serial_talker.py:11:5: E301 expected 1 blank line, found 0
[11.475s]     def __init__(self):
[11.476s]     ^
[11.477s] 
[11.478s] ./stem_pkg/async_serial_talker.py:20:32: Q000 Double quotes found but single quotes preferred
[11.479s]         self.get_logger().info("Serial connection started")
[11.480s]                                ^
[11.480s] 
[11.481s] ./stem_pkg/async_serial_talker.py:29:100: E501 line too long (102 > 99 characters)
[11.482s]         _, writer = await serial_asyncio.open_serial_connection(url=self.SERIAL_PORT, baudrate=115200)
[11.483s]                                                                                                    ^
[11.485s] 
[11.487s] ./stem_pkg/async_serial_talker.py:38:38: E203 whitespace before ':'
[11.488s]     async def send(self, writer, msg) :
[11.488s]                                      ^
[11.489s] 
[11.490s] ./stem_pkg/async_serial_talker.py:39:21: E203 whitespace before ':'
[11.491s]         for c in msg :
[11.491s]                     ^
[11.492s] 
[11.492s] ./stem_pkg/async_serial_talker.py:42:9: E265 block comment should start with '# '
[11.493s]         #writer.write(b'_')
[11.494s]         ^
[11.494s] 
[11.495s] ./stem_pkg/async_serial_talker.py:57:1: E305 expected 2 blank lines after class or function definition, found 1
[11.495s] if __name__ == '__main__' :
[11.496s] ^
[11.496s] 
[11.497s] ./stem_pkg/async_serial_talker.py:57:26: E203 whitespace before ':'
[11.497s] if __name__ == '__main__' :
[11.498s]                          ^
[11.498s] 
[11.499s] ./stem_pkg/async_serial_talker.py:58:11: W292 no newline at end of file
[11.499s]     main()          ^
[11.500s] 
[11.500s] ./stem_pkg/cmd_selector.py:6:1: E302 expected 2 blank lines, found 1
[11.501s] class CommandSelector(Node):
[11.501s] ^
[11.501s] 
[11.502s] ./stem_pkg/cmd_selector.py:8:5: E301 expected 1 blank line, found 0
[11.502s]     def __init__(self):
[11.502s]     ^
[11.503s] 
[11.503s] ./stem_pkg/cmd_selector.py:44:1: E303 too many blank lines (3)
[11.504s] def main(args=None):
[11.504s] ^
[11.504s] 
[11.505s] ./stem_pkg/cmd_selector.py:55:1: E305 expected 2 blank lines after class or function definition, found 1
[11.505s] if __name__ == '__main__' :
[11.505s] ^
[11.506s] 
[11.506s] ./stem_pkg/cmd_selector.py:55:26: E203 whitespace before ':'
[11.507s] if __name__ == '__main__' :
[11.507s]                          ^
[11.511s] 
[11.511s] ./stem_pkg/cmd_selector.py:56:11: W292 no newline at end of file
[11.512s]     main()          ^
[11.512s] 
[11.513s] ./stem_pkg/calculator.py:1:1: F401 'socket.NI_NUMERICHOST' imported but unused
[11.514s] from socket import NI_NUMERICHOST
[11.514s] ^
[11.515s] 
[11.515s] ./stem_pkg/calculator.py:2:1: I201 Missing newline between import groups. 'import rclpy' is identified as Third Party and 'from socket import NI_NUMERICHOST' is identified as Stdlib.
[11.516s] import rclpy
[11.516s] ^
[11.517s] 
[11.517s] ./stem_pkg/calculator.py:7:1: I100 Import statements are in the wrong order. 'import math' should be before 'from sunflower_interfaces.msg import TfliteResult' and in a different group.
[11.517s] import math
[11.518s] ^
[11.518s] 
[11.519s] ./stem_pkg/calculator.py:7:1: I201 Missing newline between import groups. 'import math' is identified as Stdlib and 'from sunflower_interfaces.msg import TfliteResult' is identified as Third Party.
[11.519s] import math
[11.519s] ^
[11.520s] 
[11.520s] ./stem_pkg/calculator.py:9:1: E302 expected 2 blank lines, found 1
[11.520s] class Calculator(Node) :
[11.521s] ^
[11.522s] 
[11.522s] ./stem_pkg/calculator.py:9:23: E203 whitespace before ':'
[11.523s] class Calculator(Node) :
[11.524s]                       ^
[11.524s] 
[11.525s] ./stem_pkg/calculator.py:10:1: CNL100 Class definition does not have a new line.
[11.526s]     def __init__(self):
[11.527s] ^
[11.527s] 
[11.528s] ./stem_pkg/calculator.py:23:35: E203 whitespace before ':'
[11.529s]     def publish_command(self, cmd) :
[11.529s]                                   ^
[11.530s] 
[11.531s] ./stem_pkg/calculator.py:31:30: Q000 Double quotes found but single quotes preferred
[11.531s]         self.publish_command("".join(data))
[11.532s]                              ^
[11.533s] 
[11.533s] ./stem_pkg/calculator.py:34:27: C417 Unnecessary use of map - use a generator expression instead.
[11.534s]         n_x, n_y, n_con = map(lambda x: x, nose)
[11.534s]                           ^
[11.535s] 
[11.536s] ./stem_pkg/calculator.py:35:27: C417 Unnecessary use of map - use a generator expression instead.
[11.536s]         l_x, l_y, l_con = map(lambda x: x, eye_l)
[11.537s]                           ^
[11.538s] 
[11.538s] ./stem_pkg/calculator.py:36:27: C417 Unnecessary use of map - use a generator expression instead.
[11.539s]         r_x, r_y, r_con = map(lambda x: x, eye_r)
[11.540s]                           ^
[11.540s] 
[11.541s] ./stem_pkg/calculator.py:62:1: W293 blank line contains whitespace
[11.542s]     
[11.543s] ^
[11.543s] 
[11.544s] ./stem_pkg/calculator.py:65:10: E203 whitespace before ','
[11.544s]         _ , nose_x, nose_confidence = map(lambda x: x, nose)
[11.545s]          ^
[11.546s] 
[11.547s] ./stem_pkg/calculator.py:65:39: C417 Unnecessary use of map - use a generator expression instead.
[11.548s]         _ , nose_x, nose_confidence = map(lambda x: x, nose)
[11.548s]                                       ^
[11.549s] 
[11.550s] ./stem_pkg/calculator.py:83:1: E302 expected 2 blank lines, found 1
[11.551s] def main(args=None) :
[11.551s] ^
[11.552s] 
[11.553s] ./stem_pkg/calculator.py:83:20: E203 whitespace before ':'
[11.555s] def main(args=None) :
[11.555s]                    ^
[11.556s] 
[11.557s] ./stem_pkg/calculator.py:94:1: E305 expected 2 blank lines after class or function definition, found 1
[11.558s] if __name__ == '__main__' :
[11.558s] ^
[11.559s] 
[11.560s] ./stem_pkg/calculator.py:94:26: E203 whitespace before ':'
[11.561s] if __name__ == '__main__' :
[11.562s]                          ^
[11.562s] 
[11.563s] ./stem_pkg/calculator.py:95:11: W292 no newline at end of file
[11.564s]     main()          ^
[11.565s] 
[11.566s] ./stem_pkg/tensor.py:5:1: I100 Import statements are in the wrong order. 'import cv2' should be before 'from sunflower_interfaces.msg import TfliteResult'
[11.567s] import cv2
[11.567s] ^
[11.568s] 
[11.569s] ./stem_pkg/tensor.py:7:1: I100 Import statements are in the wrong order. 'import numpy' should be before 'import tensorflow'
[11.570s] import numpy as np
[11.571s] ^
[11.572s] 
[11.572s] ./stem_pkg/tensor.py:9:1: E302 expected 2 blank lines, found 1
[11.573s] class Tensor(Node) :
[11.574s] ^
[11.575s] 
[11.576s] ./stem_pkg/tensor.py:9:19: E203 whitespace before ':'
[11.576s] class Tensor(Node) :
[11.577s]                   ^
[11.579s] 
[11.580s] [33m=============================== warnings summary ===============================[0m
[11.587s] ../../../.local/lib/python3.8/site-packages/_pytest/nodes.py:633
[11.588s]   Warning: The (fspath: py.path.local) argument to Package is deprecated. Please use the (path: pathlib.Path) argument instead.
[11.589s]   See https://docs.pytest.org/en/latest/deprecations.html#fspath-argument-for-node-constructors-replaced-with-pathlib-path
[11.590s] 
[11.591s] ../../../../../opt/ros/foxy/lib/python3.8/site-packages/launch_testing/pytest/hooks.py:179
[11.592s] ../../../../../opt/ros/foxy/lib/python3.8/site-packages/launch_testing/pytest/hooks.py:179
[11.593s] ../../../../../opt/ros/foxy/lib/python3.8/site-packages/launch_testing/pytest/hooks.py:179
[11.594s] ./stem_pkg/tensor.py:10:1: CNL100 Class definition does not have a new line.
[11.595s]     def __init__(self, interpreter, cap):
[11.596s] ^
[11.597s] 
[11.598s] ./stem_pkg/tensor.py:20:46: E203 whitespace before ':'
[11.599s]     def tensor_result(self, interpreter, cap) :
[11.600s]                                              ^
[11.601s] 
[11.602s] ./stem_pkg/tensor.py:41:9: F841 local variable 'data' is assigned to but never used
[11.603s]         data = list()
[11.604s]         ^
[11.605s] 
[11.605s] ./stem_pkg/tensor.py:41:16: C408 Unnecessary list call - rewrite as a literal.
[11.606s]         data = list()
[11.606s]                ^
[11.607s] 
[11.607s] ./stem_pkg/tensor.py:53:1: E302 expected 2 blank lines, found 1
[11.609s] def main(args=None) :
[11.609s] ^
[11.614s] 
[11.616s] ./stem_pkg/tensor.py:53:20: E203 whitespace before ':'
[11.617s] def main(args=None) :
[11.618s]                    ^
[11.619s] 
[11.620s] ./stem_pkg/tensor.py:55:50: Q000 Double quotes found but single quotes preferred
[11.635s]     interpreter = tf.lite.Interpreter(model_path="lite-model_movenet_singlepose_lightning_3.tflite")
[11.636s]                                                  ^
[11.637s] 
[11.637s] ./stem_pkg/tensor.py:55:100: E501 line too long (100 > 99 characters)
[11.639s]     interpreter = tf.lite.Interpreter(model_path="lite-model_movenet_singlepose_lightning_3.tflite")
[11.639s]                                                                                                    ^
[11.640s] 
[11.641s] ./stem_pkg/tensor.py:67:1: E305 expected 2 blank lines after class or function definition, found 1
[11.642s] if __name__ == '__main__' :
[11.643s] ^
[11.644s] 
[11.645s] ./stem_pkg/tensor.py:67:26: E203 whitespace before ':'
[11.646s] if __name__ == '__main__' :
[11.647s]                          ^
[11.648s] 
[11.649s] ./stem_pkg/tensor.py:70:1: E265 block comment should start with '# '
[11.650s] #코, 왼눈, 오눈, 왼귀, 오귀, 왼어깨, 오어깨^
[11.652s] 
[11.652s] ./stem_pkg/tensor.py:70:29: W292 no newline at end of file
[11.653s] #코, 왼눈, 오눈, 왼귀, 오귀, 왼어깨, 오어깨                            ^
[11.654s] 
[11.655s] ./stem_pkg/tensor.py:70:29: W292 no newline at end of file
[11.656s] #코, 왼눈, 오눈, 왼귀, 오귀, 왼어깨, 오어깨                            ^
[11.657s] 
[11.658s] ./stem_pkg/tensor.py:70:29: W292 no newline at end of file
[11.659s] #코, 왼눈, 오눈, 왼귀, 오귀, 왼어깨, 오어깨                            ^
[11.660s] 
[11.661s] ./stem_pkg/tester.py:5:1: I100 Import statements are in the wrong order. 'from pynput import keyboard' should be before 'from std_msgs.msg import String'
[11.662s] from pynput import keyboard
[11.663s] ^
[11.664s] 
[11.665s] ./stem_pkg/tester.py:7:1: E302 expected 2 blank lines, found 1
[11.666s] class Tester(Node) :
[11.667s] ^
[11.668s] 
[11.669s] ./stem_pkg/tester.py:7:19: E203 whitespace before ':'
[11.669s] class Tester(Node) :
[11.671s]                   ^
[11.671s] 
[11.672s] ./stem_pkg/tester.py:8:1: CNL100 Class definition does not have a new line.
[11.673s]     def __init__(self):
[11.674s] ^
[11.675s] 
[11.676s] ./stem_pkg/tester.py:16:21: E251 unexpected spaces around keyword / parameter equals
[11.677s]             on_press = self.on_press,
[11.678s]                     ^
[11.679s] 
[11.680s] ./stem_pkg/tester.py:16:23: E251 unexpected spaces around keyword / parameter equals
[11.680s]             on_press = self.on_press,
[11.681s]                       ^
[11.682s] 
[11.683s] ./stem_pkg/tester.py:17:23: E251 unexpected spaces around keyword / parameter equals
[11.684s]             on_release = self.on_release)
[11.685s]                       ^
[11.686s] 
[11.687s] ./stem_pkg/tester.py:17:25: E251 unexpected spaces around keyword / parameter equals
[11.688s]             on_release = self.on_release)
[11.689s]                         ^
[11.690s] 
[11.691s] ./stem_pkg/tester.py:21:43: E203 whitespace before ':'
[11.692s]     def publish_key_command_msg(self, msg) :
[11.693s]                                           ^
[11.693s] 
[11.694s] ./stem_pkg/tester.py:29:1: B901 blind except: statement
[11.695s]         except:
[11.696s] ^
[11.697s] 
[11.698s] ./stem_pkg/tester.py:29:9: E722 do not use bare 'except'
[11.699s]         except:
[11.700s]         ^
[11.701s] 
[11.701s] ./stem_pkg/tester.py:32:32: E203 whitespace before ':'
[11.702s]         if msg.data is not None :
[11.703s]                                ^
[11.704s] 
[11.705s] ./stem_pkg/tester.py:37:17: Q000 Double quotes found but single quotes preferred
[11.706s]         if k == "w" :
[11.707s]                 ^
[11.708s] 
[11.710s] ./stem_pkg/tester.py:37:20: E203 whitespace before ':'
[11.713s]         if k == "w" :
[11.714s]                    ^
[11.715s] 
[11.716s] ./stem_pkg/tester.py:38:17: Q000 Double quotes found but single quotes preferred
[11.717s]             c = "up"
[11.718s]                 ^
[11.719s] 
[11.720s] ./stem_pkg/tester.py:39:19: Q000 Double quotes found but single quotes preferred
[11.721s]         elif k == "s" :
[11.722s]                   ^
[11.723s] 
[11.724s]   Warning: The (fspath: py.path.local) argument to Module is deprecated. Please use the (path: pathlib.Path) argument instead.
[11.725s]   See https://docs.pytest.org/en/latest/deprecations.html#fspath-argument-for-node-constructors-replaced-with-pathlib-path
[11.725s] 
[11.726s] ./stem_pkg/tester.py:39:22: E203 whitespace before ':'
[11.727s] ../../../../../usr/lib/python3/dist-packages/pydocstyle/config.py:6
[11.728s]   Warning: Using or importing the ABCs from 'collections' instead of from 'collections.abc' is deprecated since Python 3.3, and in 3.10 it will stop working
[11.729s] 
[11.729s] -- Docs: https://docs.pytest.org/en/stable/how-to/capture-warnings.html
[11.730s]         elif k == "s" :
[11.731s]                      ^
[11.733s] 
[11.734s] ./stem_pkg/tester.py:40:17: Q000 Double quotes found but single quotes preferred
[11.735s]             c = "down"
[11.736s]                 ^
[11.737s] 
[11.738s] ./stem_pkg/tester.py:41:19: Q000 Double quotes found but single quotes preferred
[11.739s]         elif k == "a" :
[11.740s]                   ^
[11.740s] 
[11.741s] ./stem_pkg/tester.py:41:22: E203 whitespace before ':'
[11.742s]         elif k == "a" :
[11.743s]                      ^
[11.744s] 
[11.745s] ./stem_pkg/tester.py:42:17: Q000 Double quotes found but single quotes preferred
[11.746s]             c = "left"
[11.747s]                 ^
[11.748s] 
[11.748s] ./stem_pkg/tester.py:43:19: Q000 Double quotes found but single quotes preferred
[11.750s]         elif k == "d" :
[11.750s]                   ^
[11.751s] 
[11.752s] ./stem_pkg/tester.py:43:22: E203 whitespace before ':'
[11.753s]         elif k == "d" :
[11.754s]                      ^
[11.755s] 
[11.756s] ./stem_pkg/tester.py:44:17: Q000 Double quotes found but single quotes preferred
[11.756s]             c = "right"
[11.757s]                 ^
[11.758s] 
[11.759s] ./stem_pkg/tester.py:45:19: Q000 Double quotes found but single quotes preferred
[11.760s]         elif k == "," :
[11.761s]                   ^
[11.762s] 
[11.764s] ./stem_pkg/tester.py:45:22: E203 whitespace before ':'
[11.765s]         elif k == "," :
[11.766s]                      ^
[11.767s] 
[11.768s] ./stem_pkg/tester.py:46:17: Q000 Double quotes found but single quotes preferred
[11.769s]             c = "turn left"
[11.770s]                 ^
[11.771s] 
[11.772s] ./stem_pkg/tester.py:47:19: Q000 Double quotes found but single quotes preferred
[11.773s]         elif k == "." :
[11.774s]                   ^
[11.774s] 
[11.775s] ./stem_pkg/tester.py:47:22: E203 whitespace before ':'
[11.776s]         elif k == "." :
[11.777s]                      ^
[11.779s] 
[11.780s] ./stem_pkg/tester.py:48:17: Q000 Double quotes found but single quotes preferred
[11.781s]             c = "turn right"
[11.782s]                 ^
[11.783s] 
[11.784s] ./stem_pkg/tester.py:49:13: E203 whitespace before ':'
[11.785s]         else :
[11.786s]             ^
[11.787s] 
[11.788s] ./stem_pkg/tester.py:57:1: E302 expected 2 blank lines, found 1
[11.789s] def main(args=None) :
[11.790s] ^
[11.791s] 
[11.791s] ./stem_pkg/tester.py:57:20: E203 whitespace before ':'
[11.792s] def main(args=None) :
[11.793s]                    ^
[11.795s] 
[11.796s] ./stem_pkg/tester.py:68:1: E305 expected 2 blank lines after class or function definition, found 1
[11.797s] if __name__ == '__main__' :
[11.798s] ^
[11.799s] 
[11.800s] ./stem_pkg/tester.py:68:26: E203 whitespace before ':'
[11.801s] if __name__ == '__main__' :
[11.802s]                          ^
[11.803s] 
[11.804s] ./stem_pkg/tester.py:69:11: W292 no newline at end of file
[11.805s]     main()          ^
[11.807s] 
[11.808s] ./stem_pkg/tensor_publisher.py:5:1: I100 Import statements are in the wrong order. 'import cv2' should be before 'from std_msgs.msg import String'
[11.811s] import cv2
[11.815s] ^
[11.816s] 
[11.817s] ./stem_pkg/tensor_publisher.py:7:1: I100 Import statements are in the wrong order. 'import numpy' should be before 'import tensorflow'
[11.818s] import numpy as np
[11.819s] ^
[11.821s] 
[11.822s] ./stem_pkg/tensor_publisher.py:8:1: F401 'pandas as pd' imported but unused
[11.823s] import pandas as pd
[11.824s] ^
[11.825s] 
[11.827s] ./stem_pkg/tensor_publisher.py:10:1: E302 expected 2 blank lines, found 1
[11.828s] class TensorPublisher(Node) :
[11.830s] ^
[11.831s] 
[11.833s] ./stem_pkg/tensor_publisher.py:10:28: E203 whitespace before ':'
[11.834s] class TensorPublisher(Node) :
[11.835s]                            ^
[11.836s] 
[11.837s] ./stem_pkg/tensor_publisher.py:11:1: CNL100 Class definition does not have a new line.
[11.838s]     def __init__(self, interpreter, cap):
[11.840s] ^
[11.841s] 
[11.841s] ./stem_pkg/tensor_publisher.py:21:46: E203 whitespace before ':'
[11.843s]     def tensor_result(self, interpreter, cap) :
[11.844s]                                              ^
[11.845s] 
[11.846s] ./stem_pkg/tensor_publisher.py:42:16: C408 Unnecessary list call - rewrite as a literal.
[11.847s]         data = list()
[11.848s]                ^
[11.850s] 
[11.851s] ./stem_pkg/tensor_publisher.py:44:28: E203 whitespace before ':'
[11.853s]         for shape in shaped :
[11.855s]                            ^
[11.857s] 
[11.858s] ./stem_pkg/tensor_publisher.py:47:20: Q000 Double quotes found but single quotes preferred
[11.859s]         datastr = ["^"] + datastr
[11.860s]                    ^
[11.862s] 
[11.864s] ./stem_pkg/tensor_publisher.py:48:20: Q000 Double quotes found but single quotes preferred
[11.865s]         msg.data = "*".join(datastr)
[11.866s]                    ^
[11.868s] 
[11.869s] ./stem_pkg/tensor_publisher.py:52:1: E302 expected 2 blank lines, found 1
[11.870s] def main(args=None) :
[11.872s] ^
[11.873s] 
[11.874s] ./stem_pkg/tensor_publisher.py:52:20: E203 whitespace before ':'
[11.876s] def main(args=None) :
[11.877s]                    ^
[11.878s] 
[11.880s] ./stem_pkg/tensor_publisher.py:54:50: Q000 Double quotes found but single quotes preferred
[11.881s]     interpreter = tf.lite.Interpreter(model_path="lite-model_movenet_singlepose_lightning_3.tflite")
[11.883s]                                                  ^
[11.885s] 
[11.886s] ./stem_pkg/tensor_publisher.py:54:100: E501 line too long (100 > 99 characters)
[11.887s]     interpreter = tf.lite.Interpreter(model_path="lite-model_movenet_singlepose_lightning_3.tflite")
[11.887s]                                                                                                    ^
[11.888s] 
[11.888s] ./stem_pkg/tensor_publisher.py:66:1: E305 expected 2 blank lines after class or function definition, found 1
[11.889s] if __name__ == '__main__' :
[11.889s] ^
[11.890s] 
[11.890s] ./stem_pkg/tensor_publisher.py:66:26: E203 whitespace before ':'
[11.891s] if __name__ == '__main__' :
[11.891s]                          ^
[11.892s] 
[11.892s] ./stem_pkg/tensor_publisher.py:69:1: E265 block comment should start with '# '
[11.893s] #코, 왼눈, 오눈, 왼귀, 오귀, 왼어깨, 오어깨^
[11.893s] 
[11.894s] ./stem_pkg/tensor_publisher.py:69:29: W292 no newline at end of file
[11.894s] #코, 왼눈, 오눈, 왼귀, 오귀, 왼어깨, 오어깨                            ^
[11.895s] 
[11.895s] ./stem_pkg/tensor_publisher.py:69:29: W292 no newline at end of file
[11.896s] #코, 왼눈, 오눈, 왼귀, 오귀, 왼어깨, 오어깨                            ^
[11.896s] 
[11.897s] ./stem_pkg/tensor_publisher.py:69:29: W292 no newline at end of file
[11.897s] #코, 왼눈, 오눈, 왼귀, 오귀, 왼어깨, 오어깨                            ^
[11.898s] 
[11.899s] 1     B901 blind except: statement
[11.899s] 2     C408 Unnecessary list call - rewrite as a literal.
[11.900s] 4     C417 Unnecessary use of map - use a generator expression instead.
[11.900s] 5     CNL100 Class definition does not have a new line.
[11.901s] 2     E202 whitespace before ')'
[11.901s] 46    E203 whitespace before ':'
[11.902s] 20    E251 unexpected spaces around keyword / parameter equals
[11.902s] 7     E261 at least two spaces before inline comment
[11.903s] 7     E262 inline comment should start with '# '
[11.903s] 8     E265 block comment should start with '# '
[11.904s] 3     E301 expected 1 blank line, found 0
[11.904s] 11    E302 expected 2 blank lines, found 1
[11.904s] 1     E303 too many blank lines (3)
[11.905s] 8     E305 expected 2 blank lines after class or function definition, found 1
[11.905s] 3     E501 line too long (102 > 99 characters)
[11.905s] 1     E722 do not use bare 'except'
[11.906s] 2     F401 'socket.NI_NUMERICHOST' imported but unused
[11.906s] 1     F841 local variable 'data' is assigned to but never used
[11.906s] 11    I100 Import statements are in the wrong order. 'import os' should be before 'from setuptools import setup' and in a different group.
[11.907s] 5     I201 Missing newline between import groups. 'import os' is identified as Stdlib and 'from setuptools import setup' is identified as Third Party.
[11.907s] 34    Q000 Double quotes found but single quotes preferred
[11.908s] 1     W291 trailing whitespace
[11.908s] 14    W292 no newline at end of file
[11.909s] 2     W293 blank line contains whitespace
[11.910s] 
[11.911s] 14 files checked
[11.912s] 199 errors
[11.914s] 
[11.915s] 'B'-type errors: 1
[11.916s] 'C'-type errors: 11
[11.917s] 'E'-type errors: 117
[11.917s] 'F'-type errors: 3
[11.918s] 'I'-type errors: 16
[11.918s] 'Q'-type errors: 34
[11.919s] 'W'-type errors: 17
[11.919s] 
[11.920s] Checked files:
[11.920s] 
[11.921s] * ./setup.py
[11.921s] * ./launch/stem.launch.py
[11.922s] * ./stem_pkg/serial_talker.py
[11.923s] * ./stem_pkg/__init__.py
[11.923s] * ./stem_pkg/controller.py
[11.924s] * ./stem_pkg/async_serial_talker.py
[11.924s] * ./stem_pkg/cmd_selector.py
[11.924s] * ./stem_pkg/calculator.py
[11.925s] * ./stem_pkg/tensor.py
[11.925s] * ./stem_pkg/tester.py
[11.926s] * ./stem_pkg/tensor_publisher.py
[11.926s] * ./test/test_flake8.py
[11.927s] * ./test/test_copyright.py
[11.928s] * ./test/test_pep257.py
[11.928s] ------- generated xml file: /home/pi/sunflower/build/stem_pkg/pytest.xml -------
[11.929s] =========================== short test summary info ============================
[11.929s] FAILED test/test_copyright.py::test_copyright - AssertionError: Found errors
[11.930s] FAILED test/test_flake8.py::test_flake8 - AssertionError: Found 199 code styl...
[11.930s] [31m=================== [31m[1m2 failed[0m, [32m1 passed[0m, [33m5 warnings[0m[31m in 3.85s[0m[31m ====================[0m
[11.931s] Invoked command in '/home/pi/sunflower/src/stem_pkg' returned '1': PYTEST_ADDOPTS=--tb=short --junit-xml=/home/pi/sunflower/build/stem_pkg/pytest.xml --junit-prefix=stem_pkg -o cache_dir=/home/pi/sunflower/build/stem_pkg/.pytest_cache PYTHONPATH=/home/pi/sunflower/build/stem_pkg:/home/pi/sunflower/install/stem_pkg/lib/python3.8/site-packages:/home/pi/sunflower/install/sunflower_interfaces/lib/python3.8/site-packages:/opt/ros/foxy/lib/python3.8/site-packages /usr/bin/python3 -m pytest
