[3.784s] Invoking command in '/home/pi/sunflower/src/stem_pkg': PYTEST_ADDOPTS=--tb=short --junit-xml=/home/pi/sunflower/build/stem_pkg/pytest.xml --junit-prefix=stem_pkg -o cache_dir=/home/pi/sunflower/build/stem_pkg/.pytest_cache PYTHONPATH=/home/pi/sunflower/build/stem_pkg:/home/pi/sunflower/install/stem_pkg/lib/python3.8/site-packages:/home/pi/sunflower/build/tflite_pkg:/home/pi/sunflower/install/tflite_pkg/lib/python3.8/site-packages:/home/pi/sunflower/build/test_pkg:/home/pi/sunflower/install/test_pkg/lib/python3.8/site-packages:/home/pi/sunflower/install/sunflower_interfaces/lib/python3.8/site-packages:/home/pi/sunflower/build/sf_pkg:/home/pi/sunflower/install/sf_pkg/lib/python3.8/site-packages:/opt/ros/foxy/lib/python3.8/site-packages /usr/bin/python3 -m pytest
[9.887s] [1m============================= test session starts ==============================[0m
[9.888s] platform linux -- Python 3.8.10, pytest-7.1.2, pluggy-0.13.0
[9.889s] cachedir: /home/pi/sunflower/build/stem_pkg/.pytest_cache
[9.889s] rootdir: /home/pi/sunflower/src/stem_pkg
[9.890s] plugins: ament-flake8-0.9.6, ament-copyright-0.9.6, launch-testing-ros-0.11.6, ament-xmllint-0.9.6, ament-pep257-0.9.6, ament-lint-0.9.6, launch-testing-0.10.8, rerunfailures-10.2, repeat-0.9.1, colcon-core-0.8.3, cov-2.8.1
[9.891s] [1mcollecting ... [0m[1m
[9.891s] collected 3 items                                                              [0m
[9.892s] 
[10.250s] test/test_copyright.py [31mF[0m[31m                                                 [ 33%][0m
[11.862s] test/test_flake8.py [31mF[0m[31m                                                    [ 66%][0m
[12.154s] test/test_pep257.py [32m.[0m[31m                                                    [100%][0m
[12.155s] 
[12.156s] =================================== FAILURES ===================================
[12.157s] [31m[1m________________________________ test_copyright ________________________________[0m
[12.157s] [1m[31mtest/test_copyright.py[0m:23: in test_copyright
[12.263s]     [34;01massert[39;49;00m rc == [34;01m0[39;49;00m, [33m'[39;49;00m[33mFound errors[39;49;00m[33m'[39;49;00m
[12.264s] [1m[31mE   AssertionError: Found errors[0m
[12.265s] [1m[31mE   assert 1 == 0[0m
[12.266s] ----------------------------- Captured stderr call -----------------------------
[12.267s] launch/stem.launch.py: could not find copyright notice
[12.268s] stem_pkg/async_serial_talker.py: could not find copyright notice
[12.269s] stem_pkg/calculator.py: could not find copyright notice
[12.269s] stem_pkg/cmd_selector.py: could not find copyright notice
[12.284s] stem_pkg/controller.py: could not find copyright notice
[12.285s] stem_pkg/serial_talker.py: could not find copyright notice
[12.287s] stem_pkg/tensor.py: could not find copyright notice
[12.288s] stem_pkg/tensor_publisher.py: could not find copyright notice
[12.289s] stem_pkg/tester.py: could not find copyright notice
[12.290s] 9 errors, checked 13 files
[12.291s] [31m[1m_________________________________ test_flake8 __________________________________[0m
[12.294s] [1m[31mtest/test_flake8.py[0m:23: in test_flake8
[12.296s]     [34;01massert[39;49;00m rc == [34;01m0[39;49;00m, \
[12.297s] [1m[31mE   AssertionError: Found 199 code style errors / warnings:[0m
[12.299s] [1m[31mE     ./setup.py:2:1: I100 Import statements are in the wrong order. 'import os' should be before 'from setuptools import setup' and in a different group.[0m
[12.304s] [1m[31mE     ./setup.py:2:1: I201 Missing newline between import groups. 'import os' is identified as Stdlib and 'from setuptools import setup' is identified as Third Party.[0m
[12.306s] [1m[31mE     ./setup.py:3:1: I100 Import statements are in the wrong order. 'from glob import glob' should be before 'import os'[0m
[12.308s] [1m[31mE     ./setup.py:26:13: Q000 Double quotes found but single quotes preferred[0m
[12.310s] [1m[31mE     ./setup.py:27:13: Q000 Double quotes found but single quotes preferred[0m
[12.311s] [1m[31mE     ./setup.py:28:13: Q000 Double quotes found but single quotes preferred[0m
[12.340s] [1m[31mE     ./setup.py:29:13: Q000 Double quotes found but single quotes preferred[0m
[12.342s] [1m[31mE     ./setup.py:30:13: Q000 Double quotes found but single quotes preferred[0m
[12.343s] [1m[31mE     ./setup.py:31:13: E265 block comment should start with '# '[0m
[12.349s] [1m[31mE     ./setup.py:32:13: E265 block comment should start with '# '[0m
[12.350s] [1m[31mE     ./setup.py:35:2: W292 no newline at end of file[0m
[12.351s] [1m[31mE     ./launch/stem.launch.py:4:1: E302 expected 2 blank lines, found 1[0m
[12.353s] [1m[31mE     ./launch/stem.launch.py:10:20: E251 unexpected spaces around keyword / parameter equals[0m
[12.360s] [1m[31mE     ./launch/stem.launch.py:20:32: E202 whitespace before ')'[0m
[12.362s] [1m[31mE     ./launch/stem.launch.py:26:20: E251 unexpected spaces around keyword / parameter equals[0m
[12.363s] [1m[31mE     ./launch/stem.launch.py:26:29: E202 whitespace before ')'[0m
[12.364s] [1m[31mE     ./launch/stem.launch.py:27:7: W292 no newline at end of file[0m
[12.365s] [1m[31mE     ./stem_pkg/serial_talker.py:5:1: I100 Import statements are in the wrong order. 'import serial' should be before 'from std_msgs.msg import String'[0m
[12.366s] [1m[31mE     ./stem_pkg/serial_talker.py:5:14: W291 trailing whitespace[0m
[12.368s] [1m[31mE     ./stem_pkg/serial_talker.py:11:5: E301 expected 1 blank line, found 0[0m
[12.369s] [1m[31mE     ./stem_pkg/serial_talker.py:19:32: Q000 Double quotes found but single quotes preferred[0m
[12.370s] [1m[31mE     ./stem_pkg/serial_talker.py:22:24: Q000 Double quotes found but single quotes preferred[0m
[12.372s] [1m[31mE     ./stem_pkg/serial_talker.py:40:1: E305 expected 2 blank lines after class or function definition, found 1[0m
[12.374s] [1m[31mE     ./stem_pkg/serial_talker.py:40:26: E203 whitespace before ':'[0m
[12.376s] [1m[31mE     ./stem_pkg/serial_talker.py:41:11: W292 no newline at end of file[0m
[12.378s] [1m[31mE     ./stem_pkg/controller.py:5:1: I100 Import statements are in the wrong order. 'import RPi.GPIO' should be before 'from std_msgs.msg import String'[0m
[12.380s] [1m[31mE     ./stem_pkg/controller.py:7:1: E302 expected 2 blank lines, found 1[0m
[12.383s] [1m[31mE     ./stem_pkg/controller.py:7:23: E203 whitespace before ':'[0m
[12.386s] [1m[31mE     ./stem_pkg/controller.py:8:1: CNL100 Class definition does not have a new line.[0m
[12.388s] [1m[31mE     ./stem_pkg/controller.py:15:1: W293 blank line contains whitespace[0m
[12.390s] [1m[31mE     ./stem_pkg/controller.py:19:60: E261 at least two spaces before inline comment[0m
[12.392s] [1m[31mE     ./stem_pkg/controller.py:19:61: E262 inline comment should start with '# '[0m
[12.394s] [1m[31mE     ./stem_pkg/controller.py:20:60: E261 at least two spaces before inline comment[0m
[12.396s] [1m[31mE     ./stem_pkg/controller.py:20:61: E262 inline comment should start with '# '[0m
[12.397s] [1m[31mE     ./stem_pkg/controller.py:22:60: E261 at least two spaces before inline comment[0m
[12.399s] [1m[31mE     ./stem_pkg/controller.py:22:61: E262 inline comment should start with '# '[0m
[12.402s] [1m[31mE     ./stem_pkg/controller.py:23:60: E261 at least two spaces before inline comment[0m
[12.405s] [1m[31mE     ./stem_pkg/controller.py:23:61: E262 inline comment should start with '# '[0m
[12.409s] [1m[31mE     ./stem_pkg/controller.py:25:60: E261 at least two spaces before inline comment[0m
[12.412s] [1m[31mE     ./stem_pkg/controller.py:25:61: E262 inline comment should start with '# '[0m
[12.416s] [1m[31mE     ./stem_pkg/controller.py:26:60: E261 at least two spaces before inline comment[0m
[12.419s] [1m[31mE     ./stem_pkg/controller.py:26:61: E262 inline comment should start with '# '[0m
[12.422s] [1m[31mE     ./stem_pkg/controller.py:28:60: E261 at least two spaces before inline comment[0m
[12.425s] [1m[31mE     ./stem_pkg/controller.py:28:61: E262 inline comment should start with '# '[0m
[12.428s] [1m[31mE     ./stem_pkg/controller.py:30:9: E265 block comment should start with '# '[0m
[12.433s] [1m[31mE     ./stem_pkg/controller.py:31:9: E265 block comment should start with '# '[0m
[12.435s] [1m[31mE     ./stem_pkg/controller.py:33:57: E251 unexpected spaces around keyword / parameter equals[0m
[12.438s] [1m[31mE     ./stem_pkg/controller.py:33:59: E251 unexpected spaces around keyword / parameter equals[0m
[12.441s] [1m[31mE     ./stem_pkg/controller.py:34:57: E251 unexpected spaces around keyword / parameter equals[0m
[12.444s] [1m[31mE     ./stem_pkg/controller.py:34:59: E251 unexpected spaces around keyword / parameter equals[0m
[12.447s] [1m[31mE     ./stem_pkg/controller.py:36:57: E251 unexpected spaces around keyword / parameter equals[0m
[12.450s] [1m[31mE     ./stem_pkg/controller.py:36:59: E251 unexpected spaces around keyword / parameter equals[0m
[12.453s] [1m[31mE     ./stem_pkg/controller.py:37:57: E251 unexpected spaces around keyword / parameter equals[0m
[12.456s] [1m[31mE     ./stem_pkg/controller.py:37:59: E251 unexpected spaces around keyword / parameter equals[0m
[12.459s] [1m[31mE     ./stem_pkg/controller.py:39:57: E251 unexpected spaces around keyword / parameter equals[0m
[12.462s] [1m[31mE     ./stem_pkg/controller.py:39:59: E251 unexpected spaces around keyword / parameter equals[0m
[12.465s] [1m[31mE     ./stem_pkg/controller.py:40:57: E251 unexpected spaces around keyword / parameter equals[0m
[12.467s] [1m[31mE     ./stem_pkg/controller.py:40:59: E251 unexpected spaces around keyword / parameter equals[0m
[12.470s] [1m[31mE     ./stem_pkg/controller.py:42:57: E251 unexpected spaces around keyword / parameter equals[0m
[12.473s] [1m[31mE     ./stem_pkg/controller.py:42:59: E251 unexpected spaces around keyword / parameter equals[0m
[12.476s] [1m[31mE     ./stem_pkg/controller.py:46:9: E265 block comment should start with '# '[0m
[12.479s] [1m[31mE     ./stem_pkg/controller.py:48:43: E203 whitespace before ':'[0m
[12.482s] [1m[31mE     ./stem_pkg/controller.py:55:32: E203 whitespace before ':'[0m
[12.485s] [1m[31mE     ./stem_pkg/controller.py:60:19: E203 whitespace before ':'[0m
[12.489s] [1m[31mE     ./stem_pkg/controller.py:61:17: Q000 Double quotes found but single quotes preferred[0m
[12.492s] [1m[31mE     ./stem_pkg/controller.py:62:21: E203 whitespace before ':'[0m
[12.495s] [1m[31mE     ./stem_pkg/controller.py:63:17: Q000 Double quotes found but single quotes preferred[0m
[12.498s] [1m[31mE     ./stem_pkg/controller.py:64:21: E203 whitespace before ':'[0m
[12.501s] [1m[31mE     ./stem_pkg/controller.py:65:17: Q000 Double quotes found but single quotes preferred[0m
[12.502s] [1m[31mE     ./stem_pkg/controller.py:66:21: E203 whitespace before ':'[0m
[12.503s] [1m[31mE     ./stem_pkg/controller.py:67:17: Q000 Double quotes found but single quotes preferred[0m
[12.505s] [1m[31mE     ./stem_pkg/controller.py:68:21: E203 whitespace before ':'[0m
[12.506s] [1m[31mE     ./stem_pkg/controller.py:69:17: Q000 Double quotes found but single quotes preferred[0m
[12.507s] [1m[31mE     ./stem_pkg/controller.py:70:21: E203 whitespace before ':'[0m
[12.509s] [1m[31mE     ./stem_pkg/controller.py:71:17: Q000 Double quotes found but single quotes preferred[0m
[12.511s] [1m[31mE     ./stem_pkg/controller.py:72:21: E203 whitespace before ':'[0m
[12.513s] [1m[31mE     ./stem_pkg/controller.py:73:17: Q000 Double quotes found but single quotes preferred[0m
[12.516s] [1m[31mE     ./stem_pkg/controller.py:74:21: E203 whitespace before ':'[0m
[12.518s] [1m[31mE     ./stem_pkg/controller.py:75:17: Q000 Double quotes found but single quotes preferred[0m
[12.520s] [1m[31mE     ./stem_pkg/controller.py:76:21: E203 whitespace before ':'[0m
[12.523s] [1m[31mE     ./stem_pkg/controller.py:77:17: Q000 Double quotes found but single quotes preferred[0m
[12.526s] [1m[31mE     ./stem_pkg/controller.py:78:13: E203 whitespace before ':'[0m
[12.529s] [1m[31mE     ./stem_pkg/controller.py:83:20: E203 whitespace before ':'[0m
[12.532s] [1m[31mE     ./stem_pkg/controller.py:95:1: E305 expected 2 blank lines after class or function definition, found 1[0m
[12.535s] [1m[31mE     ./stem_pkg/controller.py:95:26: E203 whitespace before ':'[0m
[12.538s] [1m[31mE     ./stem_pkg/controller.py:96:11: W292 no newline at end of file[0m
[12.541s] [1m[31mE     ./stem_pkg/async_serial_talker.py:5:1: I100 Import statements are in the wrong order. 'import asyncio' should be before 'from std_msgs.msg import String' and in a different group.[0m
[12.544s] [1m[31mE     ./stem_pkg/async_serial_talker.py:5:1: I201 Missing newline between import groups. 'import asyncio' is identified as Stdlib and 'from std_msgs.msg import String' is identified as Third Party.[0m
[12.546s] [1m[31mE     ./stem_pkg/async_serial_talker.py:6:1: I201 Missing newline between import groups. 'import serial_asyncio' is identified as Third Party and 'import asyncio' is identified as Stdlib.[0m
[12.550s] [1m[31mE     ./stem_pkg/async_serial_talker.py:11:5: E301 expected 1 blank line, found 0[0m
[12.553s] [1m[31mE     ./stem_pkg/async_serial_talker.py:20:32: Q000 Double quotes found but single quotes preferred[0m
[12.556s] [1m[31mE     ./stem_pkg/async_serial_talker.py:29:100: E501 line too long (102 > 99 characters)[0m
[12.559s] [1m[31mE     ./stem_pkg/async_serial_talker.py:38:38: E203 whitespace before ':'[0m
[12.562s] [1m[31mE     ./stem_pkg/async_serial_talker.py:39:21: E203 whitespace before ':'[0m
[12.564s] [1m[31mE     ./stem_pkg/async_serial_talker.py:42:9: E265 block comment should start with '# '[0m
[12.567s] [1m[31mE     ./stem_pkg/async_serial_talker.py:57:1: E305 expected 2 blank lines after class or function definition, found 1[0m
[12.569s] [1m[31mE     ./stem_pkg/async_serial_talker.py:57:26: E203 whitespace before ':'[0m
[12.572s] [1m[31mE     ./stem_pkg/async_serial_talker.py:58:11: W292 no newline at end of file[0m
[12.575s] [1m[31mE     ./stem_pkg/cmd_selector.py:6:1: E302 expected 2 blank lines, found 1[0m
[12.577s] [1m[31mE     ./stem_pkg/cmd_selector.py:8:5: E301 expected 1 blank line, found 0[0m
[12.580s] [1m[31mE     ./stem_pkg/cmd_selector.py:44:1: E303 too many blank lines (3)[0m
[12.584s] [1m[31mE     ./stem_pkg/cmd_selector.py:55:1: E305 expected 2 blank lines after class or function definition, found 1[0m
[12.586s] [1m[31mE     ./stem_pkg/cmd_selector.py:55:26: E203 whitespace before ':'[0m
[12.589s] [1m[31mE     ./stem_pkg/cmd_selector.py:56:11: W292 no newline at end of file[0m
[12.593s] [1m[31mE     ./stem_pkg/calculator.py:1:1: F401 'socket.NI_NUMERICHOST' imported but unused[0m
[12.596s] [1m[31mE     ./stem_pkg/calculator.py:2:1: I201 Missing newline between import groups. 'import rclpy' is identified as Third Party and 'from socket import NI_NUMERICHOST' is identified as Stdlib.[0m
[12.599s] [1m[31mE     ./stem_pkg/calculator.py:7:1: I100 Import statements are in the wrong order. 'import math' should be before 'from sunflower_interfaces.msg import TfliteResult' and in a different group.[0m
[12.601s] [1m[31mE     ./stem_pkg/calculator.py:7:1: I201 Missing newline between import groups. 'import math' is identified as Stdlib and 'from sunflower_interfaces.msg import TfliteResult' is identified as Third Party.[0m
[12.604s] [1m[31mE     ./stem_pkg/calculator.py:9:1: E302 expected 2 blank lines, found 1[0m
[12.606s] [1m[31mE     ./stem_pkg/calculator.py:9:23: E203 whitespace before ':'[0m
[12.609s] [1m[31mE     ./stem_pkg/calculator.py:10:1: CNL100 Class definition does not have a new line.[0m
[12.611s] [1m[31mE     ./stem_pkg/calculator.py:23:35: E203 whitespace before ':'[0m
[12.613s] [1m[31mE     ./stem_pkg/calculator.py:31:30: Q000 Double quotes found but single quotes preferred[0m
[12.615s] [1m[31mE     ./stem_pkg/calculator.py:34:27: C417 Unnecessary use of map - use a generator expression instead.[0m
[12.617s] [1m[31mE     ./stem_pkg/calculator.py:35:27: C417 Unnecessary use of map - use a generator expression instead.[0m
[12.619s] [1m[31mE     ./stem_pkg/calculator.py:36:27: C417 Unnecessary use of map - use a generator expression instead.[0m
[12.621s] [1m[31mE     ./stem_pkg/calculator.py:62:1: W293 blank line contains whitespace[0m
[12.623s] [1m[31mE     ./stem_pkg/calculator.py:65:10: E203 whitespace before ','[0m
[12.624s] [1m[31mE     ./stem_pkg/calculator.py:65:39: C417 Unnecessary use of map - use a generator expression instead.[0m
[12.626s] [1m[31mE     ./stem_pkg/calculator.py:83:1: E302 expected 2 blank lines, found 1[0m
[12.627s] [1m[31mE     ./stem_pkg/calculator.py:83:20: E203 whitespace before ':'[0m
[12.628s] [1m[31mE     ./stem_pkg/calculator.py:94:1: E305 expected 2 blank lines after class or function definition, found 1[0m
[12.630s] [1m[31mE     ./stem_pkg/calculator.py:94:26: E203 whitespace before ':'[0m
[12.632s] [1m[31mE     ./stem_pkg/calculator.py:95:11: W292 no newline at end of file[0m
[12.634s] [1m[31mE     ./stem_pkg/tensor.py:5:1: I100 Import statements are in the wrong order. 'import cv2' should be before 'from sunflower_interfaces.msg import TfliteResult'[0m
[12.635s] [1m[31mE     ./stem_pkg/tensor.py:7:1: I100 Import statements are in the wrong order. 'import numpy' should be before 'import tensorflow'[0m
[12.637s] [1m[31mE     ./stem_pkg/tensor.py:9:1: E302 expected 2 blank lines, found 1[0m
[12.638s] [1m[31mE     ./stem_pkg/tensor.py:9:19: E203 whitespace before ':'[0m
[12.639s] [1m[31mE     ./stem_pkg/tensor.py:10:1: CNL100 Class definition does not have a new line.[0m
[12.641s] [1m[31mE     ./stem_pkg/tensor.py:20:46: E203 whitespace before ':'[0m
[12.644s] [1m[31mE     ./stem_pkg/tensor.py:41:9: F841 local variable 'data' is assigned to but never used[0m
[12.646s] [1m[31mE     ./stem_pkg/tensor.py:41:16: C408 Unnecessary list call - rewrite as a literal.[0m
[12.648s] [1m[31mE     ./stem_pkg/tensor.py:53:1: E302 expected 2 blank lines, found 1[0m
[12.651s] [1m[31mE     ./stem_pkg/tensor.py:53:20: E203 whitespace before ':'[0m
[12.653s] [1m[31mE     ./stem_pkg/tensor.py:55:50: Q000 Double quotes found but single quotes preferred[0m
[12.654s] [1m[31mE     ./stem_pkg/tensor.py:55:100: E501 line too long (100 > 99 characters)[0m
[12.655s] [1m[31mE     ./stem_pkg/tensor.py:67:1: E305 expected 2 blank lines after class or function definition, found 1[0m
[12.657s] [1m[31mE     ./stem_pkg/tensor.py:67:26: E203 whitespace before ':'[0m
[12.658s] [1m[31mE     ./stem_pkg/tensor.py:70:1: E265 block comment should start with '# '[0m
[12.660s] [1m[31mE     ./stem_pkg/tensor.py:70:29: W292 no newline at end of file[0m
[12.662s] [1m[31mE     ./stem_pkg/tensor.py:70:29: W292 no newline at end of file[0m
[12.664s] [1m[31mE     ./stem_pkg/tensor.py:70:29: W292 no newline at end of file[0m
[12.666s] [1m[31mE     ./stem_pkg/tester.py:5:1: I100 Import statements are in the wrong order. 'from pynput import keyboard' should be before 'from std_msgs.msg import String'[0m
[12.668s] [1m[31mE     ./stem_pkg/tester.py:7:1: E302 expected 2 blank lines, found 1[0m
[12.671s] [1m[31mE     ./stem_pkg/tester.py:7:19: E203 whitespace before ':'[0m
[12.673s] [1m[31mE     ./stem_pkg/tester.py:8:1: CNL100 Class definition does not have a new line.[0m
[12.675s] [1m[31mE     ./stem_pkg/tester.py:16:21: E251 unexpected spaces around keyword / parameter equals[0m
[12.678s] [1m[31mE     ./stem_pkg/tester.py:16:23: E251 unexpected spaces around keyword / parameter equals[0m
[12.681s] [1m[31mE     ./stem_pkg/tester.py:17:23: E251 unexpected spaces around keyword / parameter equals[0m
[12.684s] [1m[31mE     ./stem_pkg/tester.py:17:25: E251 unexpected spaces around keyword / parameter equals[0m
[12.687s] [1m[31mE     ./stem_pkg/tester.py:21:43: E203 whitespace before ':'[0m
[12.691s] [1m[31mE     ./stem_pkg/tester.py:29:1: B901 blind except: statement[0m
[12.694s] [1m[31mE     ./stem_pkg/tester.py:29:9: E722 do not use bare 'except'[0m
[12.696s] [1m[31mE     ./stem_pkg/tester.py:32:32: E203 whitespace before ':'[0m
[12.699s] [1m[31mE     ./stem_pkg/tester.py:37:17: Q000 Double quotes found but single quotes preferred[0m
[12.702s] [1m[31mE     ./stem_pkg/tester.py:37:20: E203 whitespace before ':'[0m
[12.704s] [1m[31mE     ./stem_pkg/tester.py:38:17: Q000 Double quotes found but single quotes preferred[0m
[12.706s] [1m[31mE     ./stem_pkg/tester.py:39:19: Q000 Double quotes found but single quotes preferred[0m
[12.709s] [1m[31mE     ./stem_pkg/tester.py:39:22: E203 whitespace before ':'[0m
[12.711s] [1m[31mE     ./stem_pkg/tester.py:40:17: Q000 Double quotes found but single quotes preferred[0m
[12.713s] [1m[31mE     ./stem_pkg/tester.py:41:19: Q000 Double quotes found but single quotes preferred[0m
[12.715s] [1m[31mE     ./stem_pkg/tester.py:41:22: E203 whitespace before ':'[0m
[12.716s] [1m[31mE     ./stem_pkg/tester.py:42:17: Q000 Double quotes found but single quotes preferred[0m
[12.718s] [1m[31mE     ./stem_pkg/tester.py:43:19: Q000 Double quotes found but single quotes preferred[0m
[12.721s] [1m[31mE     ./stem_pkg/tester.py:43:22: E203 whitespace before ':'[0m
[12.722s] [1m[31mE     ./stem_pkg/tester.py:44:17: Q000 Double quotes found but single quotes preferred[0m
[12.724s] [1m[31mE     ./stem_pkg/tester.py:45:19: Q000 Double quotes found but single quotes preferred[0m
[12.726s] [1m[31mE     ./stem_pkg/tester.py:45:22: E203 whitespace before ':'[0m
[12.729s] [1m[31mE     ./stem_pkg/tester.py:46:17: Q000 Double quotes found but single quotes preferred[0m
[12.731s] [1m[31mE     ./stem_pkg/tester.py:47:19: Q000 Double quotes found but single quotes preferred[0m
[12.734s] [1m[31mE     ./stem_pkg/tester.py:47:22: E203 whitespace before ':'[0m
[12.737s] [1m[31mE     ./stem_pkg/tester.py:48:17: Q000 Double quotes found but single quotes preferred[0m
[12.740s] [1m[31mE     ./stem_pkg/tester.py:49:13: E203 whitespace before ':'[0m
[12.743s] [1m[31mE     ./stem_pkg/tester.py:57:1: E302 expected 2 blank lines, found 1[0m
[12.746s] [1m[31mE     ./stem_pkg/tester.py:57:20: E203 whitespace before ':'[0m
[12.749s] [1m[31mE     ./stem_pkg/tester.py:68:1: E305 expected 2 blank lines after class or function definition, found 1[0m
[12.752s] [1m[31mE     ./stem_pkg/tester.py:68:26: E203 whitespace before ':'[0m
[12.753s] [1m[31mE     ./stem_pkg/tester.py:69:11: W292 no newline at end of file[0m
[12.755s] [1m[31mE     ./stem_pkg/tensor_publisher.py:5:1: I100 Import statements are in the wrong order. 'import cv2' should be before 'from std_msgs.msg import String'[0m
[12.756s] [1m[31mE     ./stem_pkg/tensor_publisher.py:7:1: I100 Import statements are in the wrong order. 'import numpy' should be before 'import tensorflow'[0m
[12.758s] [1m[31mE     ./stem_pkg/tensor_publisher.py:8:1: F401 'pandas as pd' imported but unused[0m
[12.759s] [1m[31mE     ./stem_pkg/tensor_publisher.py:10:1: E302 expected 2 blank lines, found 1[0m
[12.761s] [1m[31mE     ./stem_pkg/tensor_publisher.py:10:28: E203 whitespace before ':'[0m
[12.762s] [1m[31mE     ./stem_pkg/tensor_publisher.py:11:1: CNL100 Class definition does not have a new line.[0m
[12.763s] [1m[31mE     ./stem_pkg/tensor_publisher.py:21:46: E203 whitespace before ':'[0m
[12.766s] [1m[31mE     ./stem_pkg/tensor_publisher.py:42:16: C408 Unnecessary list call - rewrite as a literal.[0m
[12.769s] [1m[31mE     ./stem_pkg/tensor_publisher.py:44:28: E203 whitespace before ':'[0m
[12.771s] [1m[31mE     ./stem_pkg/tensor_publisher.py:47:20: Q000 Double quotes found but single quotes preferred[0m
[12.773s] [1m[31mE     ./stem_pkg/tensor_publisher.py:48:20: Q000 Double quotes found but single quotes preferred[0m
[12.776s] [1m[31mE     ./stem_pkg/tensor_publisher.py:52:1: E302 expected 2 blank lines, found 1[0m
[12.777s] [1m[31mE     ./stem_pkg/tensor_publisher.py:52:20: E203 whitespace before ':'[0m
[12.779s] [1m[31mE     ./stem_pkg/tensor_publisher.py:54:50: Q000 Double quotes found but single quotes preferred[0m
[12.780s] [1m[31mE     ./stem_pkg/tensor_publisher.py:54:100: E501 line too long (100 > 99 characters)[0m
[12.781s] [1m[31mE     ./stem_pkg/tensor_publisher.py:66:1: E305 expected 2 blank lines after class or function definition, found 1[0m
[12.782s] [1m[31mE     ./stem_pkg/tensor_publisher.py:66:26: E203 whitespace before ':'[0m
[12.784s] [1m[31mE     ./stem_pkg/tensor_publisher.py:69:1: E265 block comment should start with '# '[0m
[12.786s] [1m[31mE     ./stem_pkg/tensor_publisher.py:69:29: W292 no newline at end of file[0m
[12.788s] [1m[31mE     ./stem_pkg/tensor_publisher.py:69:29: W292 no newline at end of file[0m
[12.790s] [1m[31mE     ./stem_pkg/tensor_publisher.py:69:29: W292 no newline at end of file[0m
[12.792s] [1m[31mE   assert 1 == 0[0m
[12.794s] ----------------------------- Captured stdout call -----------------------------
[12.796s] 
[12.797s] ./setup.py:2:1: I100 Import statements are in the wrong order. 'import os' should be before 'from setuptools import setup' and in a different group.
[12.799s] import os
[12.800s] ^
[12.802s] 
[12.803s] ./setup.py:2:1: I201 Missing newline between import groups. 'import os' is identified as Stdlib and 'from setuptools import setup' is identified as Third Party.
[12.805s] import os
[12.806s] ^
[12.808s] 
[12.810s] ./setup.py:3:1: I100 Import statements are in the wrong order. 'from glob import glob' should be before 'import os'
[12.812s] from glob import glob
[12.814s] ^
[12.816s] 
[12.817s] ./setup.py:26:13: Q000 Double quotes found but single quotes preferred
[12.819s]             "serial_talker=stem_pkg.serial_talker:main",
[12.820s]             ^
[12.821s] 
[12.823s] ./setup.py:27:13: Q000 Double quotes found but single quotes preferred
[12.824s]             "cmd_selector=stem_pkg.cmd_selector:main",
[12.826s]             ^
[12.828s] 
[12.830s] ./setup.py:28:13: Q000 Double quotes found but single quotes preferred
[12.833s]             "calculator=stem_pkg.calculator:main",
[12.836s]             ^
[12.848s] 
[12.850s] ./setup.py:29:13: Q000 Double quotes found but single quotes preferred
[12.852s]             "tensor_publisher=stem_pkg.tensor_publisher:main",
[12.854s]             ^
[12.857s] 
[12.859s] ./setup.py:30:13: Q000 Double quotes found but single quotes preferred
[12.861s]             "tensor=stem_pkg.tensor:main"
[12.863s]             ^
[12.865s] 
[12.867s] ./setup.py:31:13: E265 block comment should start with '# '
[12.869s]             #"tester=stem_pkg.tester:main",
[12.871s]             ^
[12.874s] 
[12.878s] ./setup.py:32:13: E265 block comment should start with '# '
[12.880s]             #"controller=stem_pkg.controller:main"
[12.881s]             ^
[12.882s] 
[12.883s] ./setup.py:35:2: W292 no newline at end of file
[12.885s] ) ^
[12.887s] 
[12.889s] ./launch/stem.launch.py:4:1: E302 expected 2 blank lines, found 1
[12.890s] def generate_launch_description():
[12.892s] ^
[12.894s] 
[12.896s] ./launch/stem.launch.py:10:20: E251 unexpected spaces around keyword / parameter equals
[12.897s]             output= 'screen'),
[12.899s]                    ^
[12.901s] 
[12.902s] ./launch/stem.launch.py:20:32: E202 whitespace before ')'
[12.904s]             name='cmd_selector' ),
[12.905s]                                ^
[12.907s] 
[12.908s] ./launch/stem.launch.py:26:20: E251 unexpected spaces around keyword / parameter equals
[12.910s]             output= 'screen' )
[12.911s]                    ^
[12.912s] 
[12.913s] ./launch/stem.launch.py:26:29: E202 whitespace before ')'
[12.914s]             output= 'screen' )
[12.915s]                             ^
[12.916s] 
[12.917s] ./launch/stem.launch.py:27:7: W292 no newline at end of file
[12.919s]     ])      ^
[12.920s] 
[12.921s] ./stem_pkg/serial_talker.py:5:1: I100 Import statements are in the wrong order. 'import serial' should be before 'from std_msgs.msg import String'
[12.928s] import serial 
[12.930s] ^
[12.936s] 
[12.937s] ./stem_pkg/serial_talker.py:5:14: W291 trailing whitespace
[12.939s] import serial 
[12.940s]              ^
[12.942s] 
[12.944s] ./stem_pkg/serial_talker.py:11:5: E301 expected 1 blank line, found 0
[12.946s]     def __init__(self):
[12.947s]     ^
[12.949s] 
[12.950s] ./stem_pkg/serial_talker.py:19:32: Q000 Double quotes found but single quotes preferred
[12.952s]         self.get_logger().info("Serial connection started")
[12.953s]                                ^
[12.955s] 
[12.957s] ./stem_pkg/serial_talker.py:22:24: Q000 Double quotes found but single quotes preferred
[12.958s]         self.ser.write("^1*2*3*4*5*6*7*8*8".encode())
[12.960s]                        ^
[12.961s] 
[12.962s] ./stem_pkg/serial_talker.py:40:1: E305 expected 2 blank lines after class or function definition, found 1
[12.964s] if __name__ == '__main__' :
[12.965s] ^
[12.967s] 
[12.969s] ./stem_pkg/serial_talker.py:40:26: E203 whitespace before ':'
[12.970s] if __name__ == '__main__' :
[12.972s]                          ^
[12.973s] 
[12.975s] ./stem_pkg/serial_talker.py:41:11: W292 no newline at end of file
[12.976s]     main()          ^
[12.978s] 
[12.979s] ./stem_pkg/controller.py:5:1: I100 Import statements are in the wrong order. 'import RPi.GPIO' should be before 'from std_msgs.msg import String'
[12.981s] import RPi.GPIO as GPIO
[12.982s] ^
[12.984s] 
[12.985s] ./stem_pkg/controller.py:7:1: E302 expected 2 blank lines, found 1
[12.987s] class Controller(Node) :
[12.988s] ^
[12.989s] 
[12.990s] ./stem_pkg/controller.py:7:23: E203 whitespace before ':'
[12.992s] class Controller(Node) :
[12.994s]                       ^
[12.996s] 
[12.997s] ./stem_pkg/controller.py:8:1: CNL100 Class definition does not have a new line.
[12.999s]     def __init__(self):
[13.001s] ^
[13.003s] 
[13.004s] ./stem_pkg/controller.py:15:1: W293 blank line contains whitespace
[13.006s]         
[13.008s] ^
[13.009s] 
[13.011s] ./stem_pkg/controller.py:19:60: E261 at least two spaces before inline comment
[13.013s]         GPIO.setup(12, GPIO.IN, pull_up_down=GPIO.PUD_DOWN) #RED
[13.015s]                                                            ^
[13.016s] 
[13.018s] ./stem_pkg/controller.py:19:61: E262 inline comment should start with '# '
[13.019s]         GPIO.setup(12, GPIO.IN, pull_up_down=GPIO.PUD_DOWN) #RED
[13.021s]                                                             ^
[13.023s] 
[13.024s] ./stem_pkg/controller.py:20:60: E261 at least two spaces before inline comment
[13.026s]         GPIO.setup(13, GPIO.IN, pull_up_down=GPIO.PUD_DOWN) #ORANGE
[13.027s]                                                            ^
[13.029s] 
[13.033s] ./stem_pkg/controller.py:20:61: E262 inline comment should start with '# '
[13.034s]         GPIO.setup(13, GPIO.IN, pull_up_down=GPIO.PUD_DOWN) #ORANGE
[13.037s]                                                             ^
[13.038s] 
[13.040s] ./stem_pkg/controller.py:22:60: E261 at least two spaces before inline comment
[13.041s]         GPIO.setup(19, GPIO.IN, pull_up_down=GPIO.PUD_DOWN) #YELLOW
[13.043s]                                                            ^
[13.044s] 
[13.045s] ./stem_pkg/controller.py:22:61: E262 inline comment should start with '# '
[13.047s]         GPIO.setup(19, GPIO.IN, pull_up_down=GPIO.PUD_DOWN) #YELLOW
[13.048s]                                                             ^
[13.050s] 
[13.051s] ./stem_pkg/controller.py:23:60: E261 at least two spaces before inline comment
[13.064s]         GPIO.setup(16, GPIO.IN, pull_up_down=GPIO.PUD_DOWN) #GREEN
[13.066s]                                                            ^
[13.073s] 
[13.075s] ./stem_pkg/controller.py:23:61: E262 inline comment should start with '# '
[13.076s]         GPIO.setup(16, GPIO.IN, pull_up_down=GPIO.PUD_DOWN) #GREEN
[13.078s]                                                             ^
[13.080s] 
[13.085s] ./stem_pkg/controller.py:25:60: E261 at least two spaces before inline comment
[13.086s]         GPIO.setup(20, GPIO.IN, pull_up_down=GPIO.PUD_DOWN) #BLUE
[13.088s]                                                            ^
[13.096s] 
[13.097s] ./stem_pkg/controller.py:25:61: E262 inline comment should start with '# '
[13.099s]         GPIO.setup(20, GPIO.IN, pull_up_down=GPIO.PUD_DOWN) #BLUE
[13.101s]                                                             ^
[13.102s] 
[13.108s] ./stem_pkg/controller.py:26:60: E261 at least two spaces before inline comment
[13.110s]         GPIO.setup(26, GPIO.IN, pull_up_down=GPIO.PUD_DOWN) #VIOLET
[13.111s]                                                            ^
[13.113s] 
[13.120s] ./stem_pkg/controller.py:26:61: E262 inline comment should start with '# '
[13.121s]         GPIO.setup(26, GPIO.IN, pull_up_down=GPIO.PUD_DOWN) #VIOLET
[13.123s]                                                             ^
[13.125s] 
[13.126s] ./stem_pkg/controller.py:28:60: E261 at least two spaces before inline comment
[13.132s]         GPIO.setup(21, GPIO.IN, pull_up_down=GPIO.PUD_DOWN) #BROWN
[13.133s]                                                            ^
[13.134s] 
[13.135s] ./stem_pkg/controller.py:28:61: E262 inline comment should start with '# '
[13.136s]         GPIO.setup(21, GPIO.IN, pull_up_down=GPIO.PUD_DOWN) #BROWN
[13.137s]                                                             ^
[13.138s] 
[13.138s] ./stem_pkg/controller.py:30:9: E265 block comment should start with '# '
[13.139s]         #GPIO.setup(17, GPIO.IN, GPIO.PUD_UP) #black toggle yellow
[13.140s]         ^
[13.141s] 
[13.141s] ./stem_pkg/controller.py:31:9: E265 block comment should start with '# '
[13.142s]         #GPIO.setup(18, GPIO.IN, GPIO.PUD_UP) #black toggle greeen
[13.143s]         ^
[13.143s] 
[13.152s] ./stem_pkg/controller.py:33:57: E251 unexpected spaces around keyword / parameter equals
[13.154s]         GPIO.add_event_detect(12, GPIO.FALLING, callback = self.on_press, bouncetime=100)
[13.155s]                                                         ^
[13.157s] 
[13.158s] ./stem_pkg/controller.py:33:59: E251 unexpected spaces around keyword / parameter equals
[13.160s]         GPIO.add_event_detect(12, GPIO.FALLING, callback = self.on_press, bouncetime=100)
[13.162s]                                                           ^
[13.164s] 
[13.166s] ./stem_pkg/controller.py:34:57: E251 unexpected spaces around keyword / parameter equals
[13.168s]         GPIO.add_event_detect(13, GPIO.FALLING, callback = self.on_press, bouncetime=100)
[13.170s]                                                         ^
[13.172s] 
[13.174s] ./stem_pkg/controller.py:34:59: E251 unexpected spaces around keyword / parameter equals
[13.176s]         GPIO.add_event_detect(13, GPIO.FALLING, callback = self.on_press, bouncetime=100)
[13.178s]                                                           ^
[13.180s] 
[13.182s] ./stem_pkg/controller.py:36:57: E251 unexpected spaces around keyword / parameter equals
[13.185s]         GPIO.add_event_detect(19, GPIO.FALLING, callback = self.on_press, bouncetime=100)
[13.187s]                                                         ^
[13.189s] 
[13.191s] ./stem_pkg/controller.py:36:59: E251 unexpected spaces around keyword / parameter equals
[13.192s]         GPIO.add_event_detect(19, GPIO.FALLING, callback = self.on_press, bouncetime=100)
[13.194s]                                                           ^
[13.196s] 
[13.198s] ./stem_pkg/controller.py:37:57: E251 unexpected spaces around keyword / parameter equals
[13.199s]         GPIO.add_event_detect(16, GPIO.FALLING, callback = self.on_press, bouncetime=100)
[13.200s]                                                         ^
[13.201s] 
[13.203s] ./stem_pkg/controller.py:37:59: E251 unexpected spaces around keyword / parameter equals
[13.205s]         GPIO.add_event_detect(16, GPIO.FALLING, callback = self.on_press, bouncetime=100)
[13.206s]                                                           ^
[13.207s] 
[13.234s] ./stem_pkg/controller.py:39:57: E251 unexpected spaces around keyword / parameter equals
[13.235s]         GPIO.add_event_detect(20, GPIO.FALLING, callback = self.on_press, bouncetime=100)
[13.237s]                                                         ^
[13.237s] 
[13.238s] ./stem_pkg/controller.py:39:59: E251 unexpected spaces around keyword / parameter equals
[13.239s]         GPIO.add_event_detect(20, GPIO.FALLING, callback = self.on_press, bouncetime=100)
[13.239s]                                                           ^
[13.240s] 
[13.241s] ./stem_pkg/controller.py:40:57: E251 unexpected spaces around keyword / parameter equals
[13.241s]         GPIO.add_event_detect(26, GPIO.FALLING, callback = self.on_press, bouncetime=100)
[13.242s]                                                         ^
[13.243s] 
[13.243s] ./stem_pkg/controller.py:40:59: E251 unexpected spaces around keyword / parameter equals
[13.252s]         GPIO.add_event_detect(26, GPIO.FALLING, callback = self.on_press, bouncetime=100)
[13.255s]                                                           ^
[13.257s] 
[13.258s] ./stem_pkg/controller.py:42:57: E251 unexpected spaces around keyword / parameter equals
[13.260s]         GPIO.add_event_detect(21, GPIO.FALLING, callback = self.on_press, bouncetime=100)
[13.268s]                                                         ^
[13.270s] 
[13.271s] ./stem_pkg/controller.py:42:59: E251 unexpected spaces around keyword / parameter equals
[13.273s]         GPIO.add_event_detect(21, GPIO.FALLING, callback = self.on_press, bouncetime=100)
[13.274s]                                                           ^
[13.276s] 
[13.277s] ./stem_pkg/controller.py:46:9: E265 block comment should start with '# '
[13.285s]         #GPIO.wait_for_edge(18, GPIO.RISING, bouncetime = 10)
[13.286s]         ^
[13.288s] 
[13.291s] ./stem_pkg/controller.py:48:43: E203 whitespace before ':'
[13.301s]     def publish_key_command_msg(self, msg) :
[13.303s]                                           ^
[13.304s] 
[13.307s] ./stem_pkg/controller.py:55:32: E203 whitespace before ':'
[13.309s]         if msg.data is not None :
[13.310s]                                ^
[13.312s] 
[13.313s] ./stem_pkg/controller.py:60:19: E203 whitespace before ':'
[13.315s]         if k == 12 :
[13.317s]                   ^
[13.318s] 
[13.319s] ./stem_pkg/controller.py:61:17: Q000 Double quotes found but single quotes preferred
[13.321s]             c = "up"
[13.322s]                 ^
[13.324s] 
[13.325s] ./stem_pkg/controller.py:62:21: E203 whitespace before ':'
[13.327s]         elif k == 13 :
[13.329s]                     ^
[13.330s] 
[13.332s] ./stem_pkg/controller.py:63:17: Q000 Double quotes found but single quotes preferred
[13.333s]             c = "left"
[13.335s]                 ^
[13.338s] 
[13.344s] ./stem_pkg/controller.py:64:21: E203 whitespace before ':'
[13.346s]         elif k == 19 :
[13.347s]                     ^
[13.349s] 
[13.353s] ./stem_pkg/controller.py:65:17: Q000 Double quotes found but single quotes preferred
[13.355s]             c = "init"
[13.361s]                 ^
[13.363s] 
[13.364s] ./stem_pkg/controller.py:66:21: E203 whitespace before ':'
[13.365s]         elif k == 16 :
[13.366s]                     ^
[13.376s] 
[13.377s] ./stem_pkg/controller.py:67:17: Q000 Double quotes found but single quotes preferred
[13.377s]             c = "down"
[13.378s]                 ^
[13.379s] 
[13.379s] ./stem_pkg/controller.py:68:21: E203 whitespace before ':'
[13.380s]         elif k == 20 :
[13.381s]                     ^
[13.382s] 
[13.382s] ./stem_pkg/controller.py:69:17: Q000 Double quotes found but single quotes preferred
[13.383s]             c = "turn left"
[13.384s]                 ^
[13.384s] 
[13.385s] ./stem_pkg/controller.py:70:21: E203 whitespace before ':'
[13.386s]         elif k == 26 :
[13.386s]                     ^
[13.387s] 
[13.388s] ./stem_pkg/controller.py:71:17: Q000 Double quotes found but single quotes preferred
[13.390s]             c = "turn right"
[13.392s]                 ^
[13.392s] 
[13.393s] ./stem_pkg/controller.py:72:21: E203 whitespace before ':'
[13.394s]         elif k == 21 :
[13.394s]                     ^
[13.395s] 
[13.396s] ./stem_pkg/controller.py:73:17: Q000 Double quotes found but single quotes preferred
[13.396s]             c = "right"
[13.397s]                 ^
[13.398s] 
[13.398s] ./stem_pkg/controller.py:74:21: E203 whitespace before ':'
[13.399s]         elif k == 18 :
[13.400s]                     ^
[13.400s] 
[13.401s] ./stem_pkg/controller.py:75:17: Q000 Double quotes found but single quotes preferred
[13.402s]             c = "True"
[13.402s]                 ^
[13.403s] 
[13.403s] ./stem_pkg/controller.py:76:21: E203 whitespace before ':'
[13.404s]         elif k == 17 :
[13.406s]                     ^
[13.407s] 
[13.408s] ./stem_pkg/controller.py:77:17: Q000 Double quotes found but single quotes preferred
[13.410s]             c = "False"
[13.411s]                 ^
[13.413s] 
[13.421s] ./stem_pkg/controller.py:78:13: E203 whitespace before ':'
[13.422s]         else :
[13.424s]             ^
[13.425s] 
[13.427s] ./stem_pkg/controller.py:83:20: E203 whitespace before ':'
[13.428s] def main(args=None) :
[13.430s]                    ^
[13.433s] [33m=============================== warnings summary ===============================[0m
[13.435s] ../../../.local/lib/python3.8/site-packages/_pytest/nodes.py:633
[13.437s]   Warning: The (fspath: py.path.local) argument to Package is deprecated. Please use the (path: pathlib.Path) argument instead.
[13.439s]   See https://docs.pytest.org/en/latest/deprecations.html#fspath-argument-for-node-constructors-replaced-with-pathlib-path
[13.441s] 
[13.442s] 
[13.444s] ./stem_pkg/controller.py:95:1: E305 expected 2 blank lines after class or function definition, found 1
[13.445s] if __name__ == '__main__' :
[13.447s] ^
[13.449s] 
[13.450s] ./stem_pkg/controller.py:95:26: E203 whitespace before ':'
[13.452s] if __name__ == '__main__' :
[13.453s]                          ^
[13.455s] 
[13.456s] ./stem_pkg/controller.py:96:11: W292 no newline at end of file
[13.458s]     main()          ^
[13.459s] 
[13.461s] ./stem_pkg/async_serial_talker.py:5:1: I100 Import statements are in the wrong order. 'import asyncio' should be before 'from std_msgs.msg import String' and in a different group.
[13.462s] import asyncio
[13.464s] ^
[13.465s] 
[13.467s] ./stem_pkg/async_serial_talker.py:5:1: I201 Missing newline between import groups. 'import asyncio' is identified as Stdlib and 'from std_msgs.msg import String' is identified as Third Party.
[13.468s] import asyncio
[13.470s] ^
[13.471s] 
[13.473s] ./stem_pkg/async_serial_talker.py:6:1: I201 Missing newline between import groups. 'import serial_asyncio' is identified as Third Party and 'import asyncio' is identified as Stdlib.
[13.474s] import serial_asyncio
[13.476s] ^
[13.477s] 
[13.478s] ./stem_pkg/async_serial_talker.py:11:5: E301 expected 1 blank line, found 0
[13.480s]     def __init__(self):
[13.481s]     ^
[13.483s] 
[13.484s] ./stem_pkg/async_serial_talker.py:20:32: Q000 Double quotes found but single quotes preferred
[13.486s]         self.get_logger().info("Serial connection started")
[13.487s]                                ^
[13.489s] 
[13.490s] ./stem_pkg/async_serial_talker.py:29:100: E501 line too long (102 > 99 characters)
[13.492s]         _, writer = await serial_asyncio.open_serial_connection(url=self.SERIAL_PORT, baudrate=115200)
[13.493s]                                                                                                    ^
[13.495s] 
[13.496s] ./stem_pkg/async_serial_talker.py:38:38: E203 whitespace before ':'
[13.498s]     async def send(self, writer, msg) :
[13.499s]                                      ^
[13.501s] 
[13.502s] ./stem_pkg/async_serial_talker.py:39:21: E203 whitespace before ':'
[13.504s]         for c in msg :
[13.505s]                     ^
[13.507s] 
[13.509s] ./stem_pkg/async_serial_talker.py:42:9: E265 block comment should start with '# '
[13.510s]         #writer.write(b'_')
[13.511s]         ^
[13.513s] 
[13.514s] ./stem_pkg/async_serial_talker.py:57:1: E305 expected 2 blank lines after class or function definition, found 1
[13.516s] if __name__ == '__main__' :
[13.517s] ^
[13.519s] 
[13.520s] ./stem_pkg/async_serial_talker.py:57:26: E203 whitespace before ':'
[13.522s] if __name__ == '__main__' :
[13.524s]                          ^
[13.525s] 
[13.527s] ./stem_pkg/async_serial_talker.py:58:11: W292 no newline at end of file
[13.529s]     main()          ^
[13.531s] 
[13.533s] ./stem_pkg/cmd_selector.py:6:1: E302 expected 2 blank lines, found 1
[13.535s] class CommandSelector(Node):
[13.536s] ^
[13.539s] 
[13.541s] ./stem_pkg/cmd_selector.py:8:5: E301 expected 1 blank line, found 0
[13.544s]     def __init__(self):
[13.546s]     ^
[13.548s] 
[13.551s] ./stem_pkg/cmd_selector.py:44:1: E303 too many blank lines (3)
[13.554s] def main(args=None):
[13.557s] ^
[13.560s] 
[13.581s] ./stem_pkg/cmd_selector.py:55:1: E305 expected 2 blank lines after class or function definition, found 1
[13.582s] if __name__ == '__main__' :
[13.584s] ^
[13.585s] 
[13.586s] ./stem_pkg/cmd_selector.py:55:26: E203 whitespace before ':'
[13.588s] if __name__ == '__main__' :
[13.589s]                          ^
[13.590s] 
[13.591s] ./stem_pkg/cmd_selector.py:56:11: W292 no newline at end of file
[13.602s]     main()          ^
[13.604s] 
[13.608s] ./stem_pkg/calculator.py:1:1: F401 'socket.NI_NUMERICHOST' imported but unused
[13.611s] from socket import NI_NUMERICHOST
[13.614s] ^
[13.616s] 
[13.619s] ./stem_pkg/calculator.py:2:1: I201 Missing newline between import groups. 'import rclpy' is identified as Third Party and 'from socket import NI_NUMERICHOST' is identified as Stdlib.
[13.621s] import rclpy
[13.623s] ^
[13.626s] 
[13.630s] ./stem_pkg/calculator.py:7:1: I100 Import statements are in the wrong order. 'import math' should be before 'from sunflower_interfaces.msg import TfliteResult' and in a different group.
[13.633s] import math
[13.636s] ^
[13.641s] 
[13.645s] ./stem_pkg/calculator.py:7:1: I201 Missing newline between import groups. 'import math' is identified as Stdlib and 'from sunflower_interfaces.msg import TfliteResult' is identified as Third Party.
[13.648s] import math
[13.651s] ^
[13.654s] 
[13.658s] ./stem_pkg/calculator.py:9:1: E302 expected 2 blank lines, found 1
[13.661s] class Calculator(Node) :
[13.664s] ^
[13.667s] 
[13.670s] ./stem_pkg/calculator.py:9:23: E203 whitespace before ':'
[13.673s] class Calculator(Node) :
[13.677s]                       ^
[13.681s] 
[13.685s] ./stem_pkg/calculator.py:10:1: CNL100 Class definition does not have a new line.
[13.688s]     def __init__(self):
[13.691s] ^
[13.694s] 
[13.697s] ./stem_pkg/calculator.py:23:35: E203 whitespace before ':'
[13.700s]     def publish_command(self, cmd) :
[13.702s]                                   ^
[13.705s] 
[13.708s] ./stem_pkg/calculator.py:31:30: Q000 Double quotes found but single quotes preferred
[13.710s]         self.publish_command("".join(data))
[13.713s]                              ^
[13.716s] 
[13.719s] ./stem_pkg/calculator.py:34:27: C417 Unnecessary use of map - use a generator expression instead.
[13.722s]         n_x, n_y, n_con = map(lambda x: x, nose)
[13.726s]                           ^
[13.729s] 
[13.732s] ./stem_pkg/calculator.py:35:27: C417 Unnecessary use of map - use a generator expression instead.
[13.734s]         l_x, l_y, l_con = map(lambda x: x, eye_l)
[13.737s]                           ^
[13.740s] 
[13.743s] ./stem_pkg/calculator.py:36:27: C417 Unnecessary use of map - use a generator expression instead.
[13.745s]         r_x, r_y, r_con = map(lambda x: x, eye_r)
[13.747s]                           ^
[13.750s] 
[13.752s] ./stem_pkg/calculator.py:62:1: W293 blank line contains whitespace
[13.754s]     
[13.757s] ^
[13.760s] 
[13.762s] ./stem_pkg/calculator.py:65:10: E203 whitespace before ','
[13.764s]         _ , nose_x, nose_confidence = map(lambda x: x, nose)
[13.766s]          ^
[13.769s] 
[13.771s] ./stem_pkg/calculator.py:65:39: C417 Unnecessary use of map - use a generator expression instead.
[13.774s]         _ , nose_x, nose_confidence = map(lambda x: x, nose)
[13.777s]                                       ^
[13.802s] 
[13.804s] ./stem_pkg/calculator.py:83:1: E302 expected 2 blank lines, found 1
[13.807s] def main(args=None) :
[13.811s] ^
[13.816s] 
[13.819s] ./stem_pkg/calculator.py:83:20: E203 whitespace before ':'
[13.825s] def main(args=None) :
[13.828s]                    ^
[13.831s] 
[13.834s] ./stem_pkg/calculator.py:94:1: E305 expected 2 blank lines after class or function definition, found 1
[13.838s] if __name__ == '__main__' :
[13.843s] ^
[13.846s] 
[13.849s] ./stem_pkg/calculator.py:94:26: E203 whitespace before ':'
[13.852s] if __name__ == '__main__' :
[13.854s]                          ^
[13.857s] 
[13.859s] ./stem_pkg/calculator.py:95:11: W292 no newline at end of file
[13.861s]     main()          ^
[13.863s] 
[13.866s] ./stem_pkg/tensor.py:5:1: I100 Import statements are in the wrong order. 'import cv2' should be before 'from sunflower_interfaces.msg import TfliteResult'
[13.868s] import cv2
[13.871s] ^
[13.873s] 
[13.875s] ./stem_pkg/tensor.py:7:1: I100 Import statements are in the wrong order. 'import numpy' should be before 'import tensorflow'
[13.877s] import numpy as np
[13.880s] ^
[13.882s] 
[13.885s] ./stem_pkg/tensor.py:9:1: E302 expected 2 blank lines, found 1
[13.887s] class Tensor(Node) :
[13.889s] ^
[13.892s] 
[13.894s] ./stem_pkg/tensor.py:9:19: E203 whitespace before ':'
[13.897s] class Tensor(Node) :
[13.899s]                   ^
[13.901s] 
[13.904s] ./stem_pkg/tensor.py:10:1: CNL100 Class definition does not have a new line.
[13.906s]     def __init__(self, interpreter, cap):
[13.908s] ^
[13.911s] 
[13.913s] ./stem_pkg/tensor.py:20:46: E203 whitespace before ':'
[13.915s]     def tensor_result(self, interpreter, cap) :
[13.918s]                                              ^
[13.921s] 
[13.922s] ./stem_pkg/tensor.py:41:9: F841 local variable 'data' is assigned to but never used
[13.923s]         data = list()
[13.925s]         ^
[13.926s] 
[13.928s] ./stem_pkg/tensor.py:41:16: C408 Unnecessary list call - rewrite as a literal.
[13.929s]         data = list()
[13.930s]                ^
[13.932s] 
[13.933s] ./stem_pkg/tensor.py:53:1: E302 expected 2 blank lines, found 1
[13.935s] def main(args=None) :
[13.936s] ^
[13.937s] 
[13.939s] ./stem_pkg/tensor.py:53:20: E203 whitespace before ':'
[13.940s] def main(args=None) :
[13.942s]                    ^
[13.944s] 
[13.945s] ./stem_pkg/tensor.py:55:50: Q000 Double quotes found but single quotes preferred
[13.947s]     interpreter = tf.lite.Interpreter(model_path="lite-model_movenet_singlepose_lightning_3.tflite")
[13.948s]                                                  ^
[13.949s] 
[13.951s] ./stem_pkg/tensor.py:55:100: E501 line too long (100 > 99 characters)
[13.953s]     interpreter = tf.lite.Interpreter(model_path="lite-model_movenet_singlepose_lightning_3.tflite")
[13.954s]                                                                                                    ^
[13.956s] 
[13.957s] ./stem_pkg/tensor.py:67:1: E305 expected 2 blank lines after class or function definition, found 1
[13.959s] if __name__ == '__main__' :
[13.960s] ^
[13.961s] 
[13.963s] ./stem_pkg/tensor.py:67:26: E203 whitespace before ':'
[13.964s] if __name__ == '__main__' :
[13.965s]                          ^
[13.967s] 
[13.968s] ./stem_pkg/tensor.py:70:1: E265 block comment should start with '# '
[13.969s] #코, 왼눈, 오눈, 왼귀, 오귀, 왼어깨, 오어깨^
[13.971s] 
[13.972s] ./stem_pkg/tensor.py:70:29: W292 no newline at end of file
[13.974s] #코, 왼눈, 오눈, 왼귀, 오귀, 왼어깨, 오어깨                            ^
[13.975s] 
[13.977s] ./stem_pkg/tensor.py:70:29: W292 no newline at end of file
[13.978s] #코, 왼눈, 오눈, 왼귀, 오귀, 왼어깨, 오어깨                            ^
[13.979s] 
[13.981s] ./stem_pkg/tensor.py:70:29: W292 no newline at end of file
[13.982s] #코, 왼눈, 오눈, 왼귀, 오귀, 왼어깨, 오어깨                            ^
[13.984s] 
[13.985s] ./stem_pkg/tester.py:5:1: I100 Import statements are in the wrong order. 'from pynput import keyboard' should be before 'from std_msgs.msg import String'
[13.986s] from pynput import keyboard
[13.988s] ^
[13.989s] 
[13.990s] ./stem_pkg/tester.py:7:1: E302 expected 2 blank lines, found 1
[13.992s] class Tester(Node) :
[13.993s] ^
[13.994s] 
[13.996s] ./stem_pkg/tester.py:7:19: E203 whitespace before ':'
[13.997s] class Tester(Node) :
[14.000s]                   ^
[14.001s] 
[14.002s] ./stem_pkg/tester.py:8:1: CNL100 Class definition does not have a new line.
[14.002s]     def __init__(self):
[14.003s] ^
[14.004s] 
[14.004s] ./stem_pkg/tester.py:16:21: E251 unexpected spaces around keyword / parameter equals
[14.005s]             on_press = self.on_press,
[14.006s]                     ^
[14.006s] 
[14.007s] ./stem_pkg/tester.py:16:23: E251 unexpected spaces around keyword / parameter equals
[14.008s]             on_press = self.on_press,
[14.008s]                       ^
[14.009s] 
[14.010s] ./stem_pkg/tester.py:17:23: E251 unexpected spaces around keyword / parameter equals
[14.010s]             on_release = self.on_release)
[14.011s]                       ^
[14.012s] 
[14.012s] ./stem_pkg/tester.py:17:25: E251 unexpected spaces around keyword / parameter equals
[14.013s]             on_release = self.on_release)
[14.014s]                         ^
[14.014s] 
[14.015s] ./stem_pkg/tester.py:21:43: E203 whitespace before ':'
[14.016s]     def publish_key_command_msg(self, msg) :
[14.017s]                                           ^
[14.017s] 
[14.018s] ./stem_pkg/tester.py:29:1: B901 blind except: statement
[14.019s]         except:
[14.020s] ^
[14.020s] 
[14.021s] ./stem_pkg/tester.py:29:9: E722 do not use bare 'except'
[14.022s]         except:
[14.022s]         ^
[14.023s] 
[14.023s] ./stem_pkg/tester.py:32:32: E203 whitespace before ':'
[14.024s]         if msg.data is not None :
[14.025s]                                ^
[14.025s] 
[14.026s] ./stem_pkg/tester.py:37:17: Q000 Double quotes found but single quotes preferred
[14.027s]         if k == "w" :
[14.027s]                 ^
[14.028s] 
[14.029s] ./stem_pkg/tester.py:37:20: E203 whitespace before ':'
[14.029s]         if k == "w" :
[14.030s]                    ^
[14.031s] 
[14.032s] ./stem_pkg/tester.py:38:17: Q000 Double quotes found but single quotes preferred
[14.032s]             c = "up"
[14.033s]                 ^
[14.034s] 
[14.034s] ./stem_pkg/tester.py:39:19: Q000 Double quotes found but single quotes preferred
[14.035s]         elif k == "s" :
[14.035s]                   ^
[14.036s] 
[14.037s] ./stem_pkg/tester.py:39:22: E203 whitespace before ':'
[14.037s]         elif k == "s" :
[14.038s]                      ^
[14.038s] 
[14.039s] ./stem_pkg/tester.py:40:17: Q000 Double quotes found but single quotes preferred
[14.040s]             c = "down"
[14.040s]                 ^
[14.042s] 
[14.043s] ./stem_pkg/tester.py:41:19: Q000 Double quotes found but single quotes preferred
[14.044s]         elif k == "a" :
[14.045s]                   ^
[14.045s] 
[14.046s] ./stem_pkg/tester.py:41:22: E203 whitespace before ':'
[14.047s]         elif k == "a" :
[14.048s]                      ^
[14.048s] 
[14.049s] ./stem_pkg/tester.py:42:17: Q000 Double quotes found but single quotes preferred
[14.049s]             c = "left"
[14.050s]                 ^
[14.051s] 
[14.051s] ./stem_pkg/tester.py:43:19: Q000 Double quotes found but single quotes preferred
[14.052s]         elif k == "d" :
[14.053s]                   ^
[14.053s] 
[14.054s] ./stem_pkg/tester.py:43:22: E203 whitespace before ':'
[14.054s]         elif k == "d" :
[14.055s]                      ^
[14.056s] 
[14.056s] ./stem_pkg/tester.py:44:17: Q000 Double quotes found but single quotes preferred
[14.057s]             c = "right"
[14.057s]                 ^
[14.058s] 
[14.059s] ./stem_pkg/tester.py:45:19: Q000 Double quotes found but single quotes preferred
[14.059s]         elif k == "," :
[14.060s]                   ^
[14.061s] 
[14.062s] ./stem_pkg/tester.py:45:22: E203 whitespace before ':'
[14.062s]         elif k == "," :
[14.063s]                      ^
[14.064s] 
[14.064s] ./stem_pkg/tester.py:46:17: Q000 Double quotes found but single quotes preferred
[14.065s]             c = "turn left"
[14.066s]                 ^
[14.067s] 
[14.068s] ./stem_pkg/tester.py:47:19: Q000 Double quotes found but single quotes preferred
[14.069s]         elif k == "." :
[14.070s]                   ^
[14.071s] 
[14.071s] ./stem_pkg/tester.py:47:22: E203 whitespace before ':'
[14.072s]         elif k == "." :
[14.072s]                      ^
[14.073s] 
[14.073s] ./stem_pkg/tester.py:48:17: Q000 Double quotes found but single quotes preferred
[14.074s]             c = "turn right"
[14.075s]                 ^
[14.075s] 
[14.076s] ./stem_pkg/tester.py:49:13: E203 whitespace before ':'
[14.076s]         else :
[14.077s]             ^
[14.078s] 
[14.078s] ./stem_pkg/tester.py:57:1: E302 expected 2 blank lines, found 1
[14.079s] def main(args=None) :
[14.079s] ^
[14.080s] 
[14.081s] ./stem_pkg/tester.py:57:20: E203 whitespace before ':'
[14.081s] def main(args=None) :
[14.082s]                    ^
[14.082s] 
[14.083s] ./stem_pkg/tester.py:68:1: E305 expected 2 blank lines after class or function definition, found 1
[14.084s] if __name__ == '__main__' :
[14.084s] ^
[14.085s] 
[14.086s] ./stem_pkg/tester.py:68:26: E203 whitespace before ':'
[14.086s] if __name__ == '__main__' :
[14.087s]                          ^
[14.087s] 
[14.088s] ./stem_pkg/tester.py:69:11: W292 no newline at end of file
[14.089s]     main()          ^
[14.089s] 
[14.090s] ./stem_pkg/tensor_publisher.py:5:1: I100 Import statements are in the wrong order. 'import cv2' should be before 'from std_msgs.msg import String'
[14.090s] import cv2
[14.091s] ^
[14.091s] 
[14.092s] ./stem_pkg/tensor_publisher.py:7:1: I100 Import statements are in the wrong order. 'import numpy' should be before 'import tensorflow'
[14.093s] import numpy as np
[14.093s] ^
[14.094s] 
[14.095s] ./stem_pkg/tensor_publisher.py:8:1: F401 'pandas as pd' imported but unused
[14.095s] import pandas as pd
[14.096s] ^
[14.097s] 
[14.097s] ./stem_pkg/tensor_publisher.py:10:1: E302 expected 2 blank lines, found 1
[14.098s] class TensorPublisher(Node) :
[14.099s] ^
[14.099s] 
[14.100s] ./stem_pkg/tensor_publisher.py:10:28: E203 whitespace before ':'
[14.101s] class TensorPublisher(Node) :
[14.101s]                            ^
[14.102s] 
[14.103s] ./stem_pkg/tensor_publisher.py:11:1: CNL100 Class definition does not have a new line.
[14.103s]     def __init__(self, interpreter, cap):
[14.104s] ^
[14.104s] 
[14.105s] ./stem_pkg/tensor_publisher.py:21:46: E203 whitespace before ':'
[14.106s]     def tensor_result(self, interpreter, cap) :
[14.106s]                                              ^
[14.107s] 
[14.107s] ./stem_pkg/tensor_publisher.py:42:16: C408 Unnecessary list call - rewrite as a literal.
[14.108s]         data = list()
[14.109s]                ^
[14.109s] 
[14.110s] ./stem_pkg/tensor_publisher.py:44:28: E203 whitespace before ':'
[14.110s]         for shape in shaped :
[14.111s]                            ^
[14.111s] 
[14.112s] ./stem_pkg/tensor_publisher.py:47:20: Q000 Double quotes found but single quotes preferred
[14.112s]         datastr = ["^"] + datastr
[14.113s]                    ^
[14.113s] 
[14.114s] ./stem_pkg/tensor_publisher.py:48:20: Q000 Double quotes found but single quotes preferred
[14.114s]         msg.data = "*".join(datastr)
[14.115s]                    ^
[14.115s] 
[14.116s] ./stem_pkg/tensor_publisher.py:52:1: E302 expected 2 blank lines, found 1
[14.116s] def main(args=None) :
[14.117s] ^
[14.117s] 
[14.118s] ./stem_pkg/tensor_publisher.py:52:20: E203 whitespace before ':'
[14.119s] def main(args=None) :
[14.119s]                    ^
[14.120s] 
[14.121s] ./stem_pkg/tensor_publisher.py:54:50: Q000 Double quotes found but single quotes preferred
[14.121s]     interpreter = tf.lite.Interpreter(model_path="lite-model_movenet_singlepose_lightning_3.tflite")
[14.122s]                                                  ^
[14.123s] 
[14.123s] ./stem_pkg/tensor_publisher.py:54:100: E501 line too long (100 > 99 characters)
[14.124s]     interpreter = tf.lite.Interpreter(model_path="lite-model_movenet_singlepose_lightning_3.tflite")
[14.125s]                                                                                                    ^
[14.125s] 
[14.125s] ./stem_pkg/tensor_publisher.py:66:1: E305 expected 2 blank lines after class or function definition, found 1
[14.126s] if __name__ == '__main__' :
[14.126s] ^
[14.127s] 
[14.127s] ./stem_pkg/tensor_publisher.py:66:26: E203 whitespace before ':'
[14.128s] if __name__ == '__main__' :
[14.128s]                          ^
[14.129s] 
[14.129s] ./stem_pkg/tensor_publisher.py:69:1: E265 block comment should start with '# '
[14.130s] #코, 왼눈, 오눈, 왼귀, 오귀, 왼어깨, 오어깨^
[14.130s] 
[14.131s] ./stem_pkg/tensor_publisher.py:69:29: W292 no newline at end of file
[14.131s] #코, 왼눈, 오눈, 왼귀, 오귀, 왼어깨, 오어깨                            ^
[14.132s] 
[14.132s] ./stem_pkg/tensor_publisher.py:69:29: W292 no newline at end of file
[14.133s] #코, 왼눈, 오눈, 왼귀, 오귀, 왼어깨, 오어깨                            ^
[14.133s] 
[14.134s] ./stem_pkg/tensor_publisher.py:69:29: W292 no newline at end of file
[14.134s] #코, 왼눈, 오눈, 왼귀, 오귀, 왼어깨, 오어깨                            ^
[14.135s] 
[14.135s] 1     B901 blind except: statement
[14.136s] 2     C408 Unnecessary list call - rewrite as a literal.
[14.137s] 4     C417 Unnecessary use of map - use a generator expression instead.
[14.137s] 5     CNL100 Class definition does not have a new line.
[14.137s] 2     E202 whitespace before ')'
[14.138s] 46    E203 whitespace before ':'
[14.138s] 20    E251 unexpected spaces around keyword / parameter equals
[14.139s] 7     E261 at least two spaces before inline comment
[14.139s] 7     E262 inline comment should start with '# '
[14.139s] 8     E265 block comment should start with '# '
[14.140s] 3     E301 expected 1 blank line, found 0
[14.141s] 11    E302 expected 2 blank lines, found 1
[14.142s] 1     E303 too many blank lines (3)
[14.143s] 8     E305 expected 2 blank lines after class or function definition, found 1
[14.143s] 3     E501 line too long (102 > 99 characters)
[14.144s] 1     E722 do not use bare 'except'
[14.145s] 2     F401 'socket.NI_NUMERICHOST' imported but unused
[14.145s] 1     F841 local variable 'data' is assigned to but never used
[14.146s] 11    I100 Import statements are in the wrong order. 'import os' should be before 'from setuptools import setup' and in a different group.
[14.146s] 5     I201 Missing newline between import groups. 'import os' is identified as Stdlib and 'from setuptools import setup' is identified as Third Party.
[14.147s] 34    Q000 Double quotes found but single quotes preferred
[14.147s] 1     W291 trailing whitespace
[14.148s] 14    W292 no newline at end of file
[14.148s] 2     W293 blank line contains whitespace
[14.149s] 
[14.150s] 14 files checked
[14.150s] 199 errors
[14.151s] 
[14.151s] 'B'-type errors: 1
[14.152s] 'C'-type errors: 11
[14.152s] 'E'-type errors: 117
[14.153s] 'F'-type errors: 3
[14.154s] 'I'-type errors: 16
[14.154s] 'Q'-type errors: 34
[14.155s] 'W'-type errors: 17
[14.155s] 
[14.156s] Checked files:
[14.156s] 
[14.157s] * ./setup.py
[14.158s] * ./launch/stem.launch.py
[14.158s] * ./stem_pkg/serial_talker.py
[14.159s] * ./stem_pkg/__init__.py
[14.160s] * ./stem_pkg/controller.py
[14.160s] * ./stem_pkg/async_serial_talker.py
[14.161s] * ./stem_pkg/cmd_selector.py
[14.162s] * ./stem_pkg/calculator.py
[14.162s] * ./stem_pkg/tensor.py
[14.163s] * ./stem_pkg/tester.py
[14.163s] * ./stem_pkg/tensor_publisher.py
[14.164s] * ./test/test_flake8.py
[14.164s] * ./test/test_copyright.py
[14.165s] * ./test/test_pep257.py
[14.166s] ../../../../../opt/ros/foxy/lib/python3.8/site-packages/launch_testing/pytest/hooks.py:179
[14.166s] ../../../../../opt/ros/foxy/lib/python3.8/site-packages/launch_testing/pytest/hooks.py:179
[14.167s] ../../../../../opt/ros/foxy/lib/python3.8/site-packages/launch_testing/pytest/hooks.py:179
[14.167s]   Warning: The (fspath: py.path.local) argument to Module is deprecated. Please use the (path: pathlib.Path) argument instead.
[14.168s]   See https://docs.pytest.org/en/latest/deprecations.html#fspath-argument-for-node-constructors-replaced-with-pathlib-path
[14.168s] 
[14.169s] ../../../../../usr/lib/python3/dist-packages/pydocstyle/config.py:6
[14.170s]   Warning: Using or importing the ABCs from 'collections' instead of from 'collections.abc' is deprecated since Python 3.3, and in 3.10 it will stop working
[14.170s] 
[14.171s] -- Docs: https://docs.pytest.org/en/stable/how-to/capture-warnings.html
[14.171s] ------- generated xml file: /home/pi/sunflower/build/stem_pkg/pytest.xml -------
[14.172s] =========================== short test summary info ============================
[14.173s] FAILED test/test_copyright.py::test_copyright - AssertionError: Found errors
[14.173s] FAILED test/test_flake8.py::test_flake8 - AssertionError: Found 199 code styl...
[14.174s] [31m=================== [31m[1m2 failed[0m, [32m1 passed[0m, [33m5 warnings[0m[31m in 2.91s[0m[31m ====================[0m
[14.175s] Invoked command in '/home/pi/sunflower/src/stem_pkg' returned '1': PYTEST_ADDOPTS=--tb=short --junit-xml=/home/pi/sunflower/build/stem_pkg/pytest.xml --junit-prefix=stem_pkg -o cache_dir=/home/pi/sunflower/build/stem_pkg/.pytest_cache PYTHONPATH=/home/pi/sunflower/build/stem_pkg:/home/pi/sunflower/install/stem_pkg/lib/python3.8/site-packages:/home/pi/sunflower/build/tflite_pkg:/home/pi/sunflower/install/tflite_pkg/lib/python3.8/site-packages:/home/pi/sunflower/build/test_pkg:/home/pi/sunflower/install/test_pkg/lib/python3.8/site-packages:/home/pi/sunflower/install/sunflower_interfaces/lib/python3.8/site-packages:/home/pi/sunflower/build/sf_pkg:/home/pi/sunflower/install/sf_pkg/lib/python3.8/site-packages:/opt/ros/foxy/lib/python3.8/site-packages /usr/bin/python3 -m pytest
