[3.789s] Invoking command in '/home/pi/sunflower/src/stem_pkg': PYTEST_ADDOPTS=--tb=short --junit-xml=/home/pi/sunflower/build/stem_pkg/pytest.xml --junit-prefix=stem_pkg -o cache_dir=/home/pi/sunflower/build/stem_pkg/.pytest_cache PYTHONPATH=/home/pi/sunflower/build/stem_pkg:/home/pi/sunflower/install/stem_pkg/lib/python3.8/site-packages:/home/pi/sunflower/build/tflite_pkg:/home/pi/sunflower/install/tflite_pkg/lib/python3.8/site-packages:/home/pi/sunflower/build/test_pkg:/home/pi/sunflower/install/test_pkg/lib/python3.8/site-packages:/home/pi/sunflower/install/sunflower_interfaces/lib/python3.8/site-packages:/home/pi/sunflower/build/sf_pkg:/home/pi/sunflower/install/sf_pkg/lib/python3.8/site-packages:/opt/ros/foxy/lib/python3.8/site-packages /usr/bin/python3 -m pytest
[10.118s] [1m============================= test session starts ==============================[0m
[10.120s] platform linux -- Python 3.8.10, pytest-7.1.2, pluggy-0.13.0
[10.121s] cachedir: /home/pi/sunflower/build/stem_pkg/.pytest_cache
[10.123s] rootdir: /home/pi/sunflower/src/stem_pkg
[10.138s] plugins: ament-flake8-0.9.6, ament-copyright-0.9.6, launch-testing-ros-0.11.6, ament-xmllint-0.9.6, ament-pep257-0.9.6, ament-lint-0.9.6, launch-testing-0.10.8, rerunfailures-10.2, repeat-0.9.1, colcon-core-0.8.3, cov-2.8.1
[10.154s] [1mcollecting ... [0m[1m
[10.166s] collected 3 items                                                              [0m
[10.167s] 
[10.169s] test/test_copyright.py [31mF[0m[31m                                                 [ 33%][0m
[12.001s] test/test_flake8.py [31mF[0m[31m                                                    [ 66%][0m
[12.285s] test/test_pep257.py [32m.[0m[31m                                                    [100%][0m
[12.286s] 
[12.287s] =================================== FAILURES ===================================
[12.288s] [31m[1m________________________________ test_copyright ________________________________[0m
[12.289s] [1m[31mtest/test_copyright.py[0m:23: in test_copyright
[12.397s]     [34;01massert[39;49;00m rc == [34;01m0[39;49;00m, [33m'[39;49;00m[33mFound errors[39;49;00m[33m'[39;49;00m
[12.399s] [1m[31mE   AssertionError: Found errors[0m
[12.400s] [1m[31mE   assert 1 == 0[0m
[12.401s] ----------------------------- Captured stderr call -----------------------------
[12.403s] launch/stem.launch.py: could not find copyright notice
[12.405s] stem_pkg/async_serial_talker.py: could not find copyright notice
[12.406s] stem_pkg/calculator.py: could not find copyright notice
[12.412s] stem_pkg/cmd_selector.py: could not find copyright notice
[12.413s] stem_pkg/controller.py: could not find copyright notice
[12.415s] stem_pkg/serial_talker.py: could not find copyright notice
[12.419s] stem_pkg/tensor.py: could not find copyright notice
[12.430s] stem_pkg/tensor_publisher.py: could not find copyright notice
[12.432s] stem_pkg/tester.py: could not find copyright notice
[12.433s] 9 errors, checked 13 files
[12.434s] [31m[1m_________________________________ test_flake8 __________________________________[0m
[12.434s] [1m[31mtest/test_flake8.py[0m:23: in test_flake8
[12.435s]     [34;01massert[39;49;00m rc == [34;01m0[39;49;00m, \
[12.436s] [1m[31mE   AssertionError: Found 199 code style errors / warnings:[0m
[12.436s] [1m[31mE     ./setup.py:2:1: I100 Import statements are in the wrong order. 'import os' should be before 'from setuptools import setup' and in a different group.[0m
[12.437s] [1m[31mE     ./setup.py:2:1: I201 Missing newline between import groups. 'import os' is identified as Stdlib and 'from setuptools import setup' is identified as Third Party.[0m
[12.440s] [1m[31mE     ./setup.py:3:1: I100 Import statements are in the wrong order. 'from glob import glob' should be before 'import os'[0m
[12.441s] [1m[31mE     ./setup.py:26:13: Q000 Double quotes found but single quotes preferred[0m
[12.454s] [1m[31mE     ./setup.py:27:13: Q000 Double quotes found but single quotes preferred[0m
[12.455s] [1m[31mE     ./setup.py:28:13: Q000 Double quotes found but single quotes preferred[0m
[12.456s] [1m[31mE     ./setup.py:29:13: Q000 Double quotes found but single quotes preferred[0m
[12.456s] [1m[31mE     ./setup.py:30:13: Q000 Double quotes found but single quotes preferred[0m
[12.458s] [1m[31mE     ./setup.py:31:13: E265 block comment should start with '# '[0m
[12.459s] [1m[31mE     ./setup.py:32:13: E265 block comment should start with '# '[0m
[12.462s] [1m[31mE     ./setup.py:35:2: W292 no newline at end of file[0m
[12.463s] [1m[31mE     ./launch/stem.launch.py:4:1: E302 expected 2 blank lines, found 1[0m
[12.476s] [1m[31mE     ./launch/stem.launch.py:10:20: E251 unexpected spaces around keyword / parameter equals[0m
[12.482s] [1m[31mE     ./launch/stem.launch.py:20:32: E202 whitespace before ')'[0m
[12.486s] [1m[31mE     ./launch/stem.launch.py:26:20: E251 unexpected spaces around keyword / parameter equals[0m
[12.489s] [1m[31mE     ./launch/stem.launch.py:26:29: E202 whitespace before ')'[0m
[12.492s] [1m[31mE     ./launch/stem.launch.py:27:7: W292 no newline at end of file[0m
[12.506s] [1m[31mE     ./stem_pkg/serial_talker.py:5:1: I100 Import statements are in the wrong order. 'import serial' should be before 'from std_msgs.msg import String'[0m
[12.511s] [1m[31mE     ./stem_pkg/serial_talker.py:5:14: W291 trailing whitespace[0m
[12.513s] [1m[31mE     ./stem_pkg/serial_talker.py:11:5: E301 expected 1 blank line, found 0[0m
[12.516s] [1m[31mE     ./stem_pkg/serial_talker.py:19:32: Q000 Double quotes found but single quotes preferred[0m
[12.519s] [1m[31mE     ./stem_pkg/serial_talker.py:22:24: Q000 Double quotes found but single quotes preferred[0m
[12.522s] [1m[31mE     ./stem_pkg/serial_talker.py:40:1: E305 expected 2 blank lines after class or function definition, found 1[0m
[12.536s] [1m[31mE     ./stem_pkg/serial_talker.py:40:26: E203 whitespace before ':'[0m
[12.539s] [1m[31mE     ./stem_pkg/serial_talker.py:41:11: W292 no newline at end of file[0m
[12.542s] [1m[31mE     ./stem_pkg/controller.py:5:1: I100 Import statements are in the wrong order. 'import RPi.GPIO' should be before 'from std_msgs.msg import String'[0m
[12.545s] [1m[31mE     ./stem_pkg/controller.py:7:1: E302 expected 2 blank lines, found 1[0m
[12.548s] [1m[31mE     ./stem_pkg/controller.py:7:23: E203 whitespace before ':'[0m
[12.558s] [1m[31mE     ./stem_pkg/controller.py:8:1: CNL100 Class definition does not have a new line.[0m
[12.559s] [1m[31mE     ./stem_pkg/controller.py:15:1: W293 blank line contains whitespace[0m
[12.559s] [1m[31mE     ./stem_pkg/controller.py:19:60: E261 at least two spaces before inline comment[0m
[12.560s] [1m[31mE     ./stem_pkg/controller.py:19:61: E262 inline comment should start with '# '[0m
[12.561s] [1m[31mE     ./stem_pkg/controller.py:20:60: E261 at least two spaces before inline comment[0m
[12.562s] [1m[31mE     ./stem_pkg/controller.py:20:61: E262 inline comment should start with '# '[0m
[12.562s] [1m[31mE     ./stem_pkg/controller.py:22:60: E261 at least two spaces before inline comment[0m
[12.563s] [1m[31mE     ./stem_pkg/controller.py:22:61: E262 inline comment should start with '# '[0m
[12.564s] [1m[31mE     ./stem_pkg/controller.py:23:60: E261 at least two spaces before inline comment[0m
[12.564s] [1m[31mE     ./stem_pkg/controller.py:23:61: E262 inline comment should start with '# '[0m
[12.565s] [1m[31mE     ./stem_pkg/controller.py:25:60: E261 at least two spaces before inline comment[0m
[12.566s] [1m[31mE     ./stem_pkg/controller.py:25:61: E262 inline comment should start with '# '[0m
[12.567s] [1m[31mE     ./stem_pkg/controller.py:26:60: E261 at least two spaces before inline comment[0m
[12.567s] [1m[31mE     ./stem_pkg/controller.py:26:61: E262 inline comment should start with '# '[0m
[12.568s] [1m[31mE     ./stem_pkg/controller.py:28:60: E261 at least two spaces before inline comment[0m
[12.569s] [1m[31mE     ./stem_pkg/controller.py:28:61: E262 inline comment should start with '# '[0m
[12.569s] [1m[31mE     ./stem_pkg/controller.py:30:9: E265 block comment should start with '# '[0m
[12.570s] [1m[31mE     ./stem_pkg/controller.py:31:9: E265 block comment should start with '# '[0m
[12.571s] [1m[31mE     ./stem_pkg/controller.py:33:57: E251 unexpected spaces around keyword / parameter equals[0m
[12.571s] [1m[31mE     ./stem_pkg/controller.py:33:59: E251 unexpected spaces around keyword / parameter equals[0m
[12.572s] [1m[31mE     ./stem_pkg/controller.py:34:57: E251 unexpected spaces around keyword / parameter equals[0m
[12.573s] [1m[31mE     ./stem_pkg/controller.py:34:59: E251 unexpected spaces around keyword / parameter equals[0m
[12.573s] [1m[31mE     ./stem_pkg/controller.py:36:57: E251 unexpected spaces around keyword / parameter equals[0m
[12.574s] [1m[31mE     ./stem_pkg/controller.py:36:59: E251 unexpected spaces around keyword / parameter equals[0m
[12.575s] [1m[31mE     ./stem_pkg/controller.py:37:57: E251 unexpected spaces around keyword / parameter equals[0m
[12.577s] [1m[31mE     ./stem_pkg/controller.py:37:59: E251 unexpected spaces around keyword / parameter equals[0m
[12.579s] [1m[31mE     ./stem_pkg/controller.py:39:57: E251 unexpected spaces around keyword / parameter equals[0m
[12.580s] [1m[31mE     ./stem_pkg/controller.py:39:59: E251 unexpected spaces around keyword / parameter equals[0m
[12.583s] [1m[31mE     ./stem_pkg/controller.py:40:57: E251 unexpected spaces around keyword / parameter equals[0m
[12.586s] [1m[31mE     ./stem_pkg/controller.py:40:59: E251 unexpected spaces around keyword / parameter equals[0m
[12.589s] [1m[31mE     ./stem_pkg/controller.py:42:57: E251 unexpected spaces around keyword / parameter equals[0m
[12.593s] [1m[31mE     ./stem_pkg/controller.py:42:59: E251 unexpected spaces around keyword / parameter equals[0m
[12.595s] [1m[31mE     ./stem_pkg/controller.py:46:9: E265 block comment should start with '# '[0m
[12.596s] [1m[31mE     ./stem_pkg/controller.py:48:43: E203 whitespace before ':'[0m
[12.598s] [1m[31mE     ./stem_pkg/controller.py:55:32: E203 whitespace before ':'[0m
[12.600s] [1m[31mE     ./stem_pkg/controller.py:60:19: E203 whitespace before ':'[0m
[12.601s] [1m[31mE     ./stem_pkg/controller.py:61:17: Q000 Double quotes found but single quotes preferred[0m
[12.603s] [1m[31mE     ./stem_pkg/controller.py:62:21: E203 whitespace before ':'[0m
[12.604s] [1m[31mE     ./stem_pkg/controller.py:63:17: Q000 Double quotes found but single quotes preferred[0m
[12.606s] [1m[31mE     ./stem_pkg/controller.py:64:21: E203 whitespace before ':'[0m
[12.622s] [1m[31mE     ./stem_pkg/controller.py:65:17: Q000 Double quotes found but single quotes preferred[0m
[12.624s] [1m[31mE     ./stem_pkg/controller.py:66:21: E203 whitespace before ':'[0m
[12.626s] [1m[31mE     ./stem_pkg/controller.py:67:17: Q000 Double quotes found but single quotes preferred[0m
[12.628s] [1m[31mE     ./stem_pkg/controller.py:68:21: E203 whitespace before ':'[0m
[12.630s] [1m[31mE     ./stem_pkg/controller.py:69:17: Q000 Double quotes found but single quotes preferred[0m
[12.634s] [1m[31mE     ./stem_pkg/controller.py:70:21: E203 whitespace before ':'[0m
[12.637s] [1m[31mE     ./stem_pkg/controller.py:71:17: Q000 Double quotes found but single quotes preferred[0m
[12.640s] [1m[31mE     ./stem_pkg/controller.py:72:21: E203 whitespace before ':'[0m
[12.643s] [1m[31mE     ./stem_pkg/controller.py:73:17: Q000 Double quotes found but single quotes preferred[0m
[12.646s] [1m[31mE     ./stem_pkg/controller.py:74:21: E203 whitespace before ':'[0m
[12.647s] [1m[31mE     ./stem_pkg/controller.py:75:17: Q000 Double quotes found but single quotes preferred[0m
[12.649s] [1m[31mE     ./stem_pkg/controller.py:76:21: E203 whitespace before ':'[0m
[12.650s] [1m[31mE     ./stem_pkg/controller.py:77:17: Q000 Double quotes found but single quotes preferred[0m
[12.652s] [1m[31mE     ./stem_pkg/controller.py:78:13: E203 whitespace before ':'[0m
[12.653s] [1m[31mE     ./stem_pkg/controller.py:83:20: E203 whitespace before ':'[0m
[12.655s] [1m[31mE     ./stem_pkg/controller.py:95:1: E305 expected 2 blank lines after class or function definition, found 1[0m
[12.657s] [1m[31mE     ./stem_pkg/controller.py:95:26: E203 whitespace before ':'[0m
[12.659s] [1m[31mE     ./stem_pkg/controller.py:96:11: W292 no newline at end of file[0m
[12.662s] [1m[31mE     ./stem_pkg/async_serial_talker.py:5:1: I100 Import statements are in the wrong order. 'import asyncio' should be before 'from std_msgs.msg import String' and in a different group.[0m
[12.665s] [1m[31mE     ./stem_pkg/async_serial_talker.py:5:1: I201 Missing newline between import groups. 'import asyncio' is identified as Stdlib and 'from std_msgs.msg import String' is identified as Third Party.[0m
[12.667s] [1m[31mE     ./stem_pkg/async_serial_talker.py:6:1: I201 Missing newline between import groups. 'import serial_asyncio' is identified as Third Party and 'import asyncio' is identified as Stdlib.[0m
[12.669s] [1m[31mE     ./stem_pkg/async_serial_talker.py:11:5: E301 expected 1 blank line, found 0[0m
[12.670s] [1m[31mE     ./stem_pkg/async_serial_talker.py:20:32: Q000 Double quotes found but single quotes preferred[0m
[12.672s] [1m[31mE     ./stem_pkg/async_serial_talker.py:29:100: E501 line too long (102 > 99 characters)[0m
[12.673s] [1m[31mE     ./stem_pkg/async_serial_talker.py:38:38: E203 whitespace before ':'[0m
[12.675s] [1m[31mE     ./stem_pkg/async_serial_talker.py:39:21: E203 whitespace before ':'[0m
[12.676s] [1m[31mE     ./stem_pkg/async_serial_talker.py:42:9: E265 block comment should start with '# '[0m
[12.677s] [1m[31mE     ./stem_pkg/async_serial_talker.py:57:1: E305 expected 2 blank lines after class or function definition, found 1[0m
[12.679s] [1m[31mE     ./stem_pkg/async_serial_talker.py:57:26: E203 whitespace before ':'[0m
[12.680s] [1m[31mE     ./stem_pkg/async_serial_talker.py:58:11: W292 no newline at end of file[0m
[12.682s] [1m[31mE     ./stem_pkg/cmd_selector.py:6:1: E302 expected 2 blank lines, found 1[0m
[12.684s] [1m[31mE     ./stem_pkg/cmd_selector.py:8:5: E301 expected 1 blank line, found 0[0m
[12.698s] [1m[31mE     ./stem_pkg/cmd_selector.py:44:1: E303 too many blank lines (3)[0m
[12.701s] [1m[31mE     ./stem_pkg/cmd_selector.py:55:1: E305 expected 2 blank lines after class or function definition, found 1[0m
[12.703s] [1m[31mE     ./stem_pkg/cmd_selector.py:55:26: E203 whitespace before ':'[0m
[12.704s] [1m[31mE     ./stem_pkg/cmd_selector.py:56:11: W292 no newline at end of file[0m
[12.706s] [1m[31mE     ./stem_pkg/calculator.py:1:1: F401 'socket.NI_NUMERICHOST' imported but unused[0m
[12.709s] [1m[31mE     ./stem_pkg/calculator.py:2:1: I201 Missing newline between import groups. 'import rclpy' is identified as Third Party and 'from socket import NI_NUMERICHOST' is identified as Stdlib.[0m
[12.713s] [1m[31mE     ./stem_pkg/calculator.py:7:1: I100 Import statements are in the wrong order. 'import math' should be before 'from sunflower_interfaces.msg import TfliteResult' and in a different group.[0m
[12.716s] [1m[31mE     ./stem_pkg/calculator.py:7:1: I201 Missing newline between import groups. 'import math' is identified as Stdlib and 'from sunflower_interfaces.msg import TfliteResult' is identified as Third Party.[0m
[12.719s] [1m[31mE     ./stem_pkg/calculator.py:9:1: E302 expected 2 blank lines, found 1[0m
[12.721s] [1m[31mE     ./stem_pkg/calculator.py:9:23: E203 whitespace before ':'[0m
[12.723s] [1m[31mE     ./stem_pkg/calculator.py:10:1: CNL100 Class definition does not have a new line.[0m
[12.724s] [1m[31mE     ./stem_pkg/calculator.py:23:35: E203 whitespace before ':'[0m
[12.726s] [1m[31mE     ./stem_pkg/calculator.py:31:30: Q000 Double quotes found but single quotes preferred[0m
[12.728s] [1m[31mE     ./stem_pkg/calculator.py:34:27: C417 Unnecessary use of map - use a generator expression instead.[0m
[12.730s] [1m[31mE     ./stem_pkg/calculator.py:35:27: C417 Unnecessary use of map - use a generator expression instead.[0m
[12.731s] [1m[31mE     ./stem_pkg/calculator.py:36:27: C417 Unnecessary use of map - use a generator expression instead.[0m
[12.733s] [1m[31mE     ./stem_pkg/calculator.py:62:1: W293 blank line contains whitespace[0m
[12.736s] [1m[31mE     ./stem_pkg/calculator.py:65:10: E203 whitespace before ','[0m
[12.740s] [1m[31mE     ./stem_pkg/calculator.py:65:39: C417 Unnecessary use of map - use a generator expression instead.[0m
[12.744s] [1m[31mE     ./stem_pkg/calculator.py:83:1: E302 expected 2 blank lines, found 1[0m
[12.745s] [1m[31mE     ./stem_pkg/calculator.py:83:20: E203 whitespace before ':'[0m
[12.746s] [1m[31mE     ./stem_pkg/calculator.py:94:1: E305 expected 2 blank lines after class or function definition, found 1[0m
[12.748s] [1m[31mE     ./stem_pkg/calculator.py:94:26: E203 whitespace before ':'[0m
[12.749s] [1m[31mE     ./stem_pkg/calculator.py:95:11: W292 no newline at end of file[0m
[12.751s] [1m[31mE     ./stem_pkg/tensor.py:5:1: I100 Import statements are in the wrong order. 'import cv2' should be before 'from sunflower_interfaces.msg import TfliteResult'[0m
[12.752s] [1m[31mE     ./stem_pkg/tensor.py:7:1: I100 Import statements are in the wrong order. 'import numpy' should be before 'import tensorflow'[0m
[12.755s] [1m[31mE     ./stem_pkg/tensor.py:9:1: E302 expected 2 blank lines, found 1[0m
[12.757s] [1m[31mE     ./stem_pkg/tensor.py:9:19: E203 whitespace before ':'[0m
[12.759s] [1m[31mE     ./stem_pkg/tensor.py:10:1: CNL100 Class definition does not have a new line.[0m
[12.762s] [1m[31mE     ./stem_pkg/tensor.py:20:46: E203 whitespace before ':'[0m
[12.765s] [1m[31mE     ./stem_pkg/tensor.py:41:9: F841 local variable 'data' is assigned to but never used[0m
[12.766s] [1m[31mE     ./stem_pkg/tensor.py:41:16: C408 Unnecessary list call - rewrite as a literal.[0m
[12.768s] [1m[31mE     ./stem_pkg/tensor.py:53:1: E302 expected 2 blank lines, found 1[0m
[12.769s] [1m[31mE     ./stem_pkg/tensor.py:53:20: E203 whitespace before ':'[0m
[12.771s] [1m[31mE     ./stem_pkg/tensor.py:55:50: Q000 Double quotes found but single quotes preferred[0m
[12.772s] [1m[31mE     ./stem_pkg/tensor.py:55:100: E501 line too long (100 > 99 characters)[0m
[12.774s] [1m[31mE     ./stem_pkg/tensor.py:67:1: E305 expected 2 blank lines after class or function definition, found 1[0m
[12.776s] [1m[31mE     ./stem_pkg/tensor.py:67:26: E203 whitespace before ':'[0m
[12.778s] [1m[31mE     ./stem_pkg/tensor.py:70:1: E265 block comment should start with '# '[0m
[12.781s] [1m[31mE     ./stem_pkg/tensor.py:70:29: W292 no newline at end of file[0m
[12.784s] [1m[31mE     ./stem_pkg/tensor.py:70:29: W292 no newline at end of file[0m
[12.787s] [1m[31mE     ./stem_pkg/tensor.py:70:29: W292 no newline at end of file[0m
[12.790s] [1m[31mE     ./stem_pkg/tester.py:5:1: I100 Import statements are in the wrong order. 'from pynput import keyboard' should be before 'from std_msgs.msg import String'[0m
[12.792s] [1m[31mE     ./stem_pkg/tester.py:7:1: E302 expected 2 blank lines, found 1[0m
[12.793s] [1m[31mE     ./stem_pkg/tester.py:7:19: E203 whitespace before ':'[0m
[12.795s] [1m[31mE     ./stem_pkg/tester.py:8:1: CNL100 Class definition does not have a new line.[0m
[12.797s] [1m[31mE     ./stem_pkg/tester.py:16:21: E251 unexpected spaces around keyword / parameter equals[0m
[12.799s] [1m[31mE     ./stem_pkg/tester.py:16:23: E251 unexpected spaces around keyword / parameter equals[0m
[12.800s] [1m[31mE     ./stem_pkg/tester.py:17:23: E251 unexpected spaces around keyword / parameter equals[0m
[12.803s] [1m[31mE     ./stem_pkg/tester.py:17:25: E251 unexpected spaces around keyword / parameter equals[0m
[12.806s] [1m[31mE     ./stem_pkg/tester.py:21:43: E203 whitespace before ':'[0m
[12.808s] [1m[31mE     ./stem_pkg/tester.py:29:1: B901 blind except: statement[0m
[12.811s] [1m[31mE     ./stem_pkg/tester.py:29:9: E722 do not use bare 'except'[0m
[12.815s] [1m[31mE     ./stem_pkg/tester.py:32:32: E203 whitespace before ':'[0m
[12.817s] [1m[31mE     ./stem_pkg/tester.py:37:17: Q000 Double quotes found but single quotes preferred[0m
[12.819s] [1m[31mE     ./stem_pkg/tester.py:37:20: E203 whitespace before ':'[0m
[12.821s] [1m[31mE     ./stem_pkg/tester.py:38:17: Q000 Double quotes found but single quotes preferred[0m
[12.822s] [1m[31mE     ./stem_pkg/tester.py:39:19: Q000 Double quotes found but single quotes preferred[0m
[12.824s] [1m[31mE     ./stem_pkg/tester.py:39:22: E203 whitespace before ':'[0m
[12.826s] [1m[31mE     ./stem_pkg/tester.py:40:17: Q000 Double quotes found but single quotes preferred[0m
[12.828s] [1m[31mE     ./stem_pkg/tester.py:41:19: Q000 Double quotes found but single quotes preferred[0m
[12.830s] [1m[31mE     ./stem_pkg/tester.py:41:22: E203 whitespace before ':'[0m
[12.832s] [1m[31mE     ./stem_pkg/tester.py:42:17: Q000 Double quotes found but single quotes preferred[0m
[12.834s] [1m[31mE     ./stem_pkg/tester.py:43:19: Q000 Double quotes found but single quotes preferred[0m
[12.836s] [1m[31mE     ./stem_pkg/tester.py:43:22: E203 whitespace before ':'[0m
[12.839s] [1m[31mE     ./stem_pkg/tester.py:44:17: Q000 Double quotes found but single quotes preferred[0m
[12.840s] [1m[31mE     ./stem_pkg/tester.py:45:19: Q000 Double quotes found but single quotes preferred[0m
[12.842s] [1m[31mE     ./stem_pkg/tester.py:45:22: E203 whitespace before ':'[0m
[12.843s] [1m[31mE     ./stem_pkg/tester.py:46:17: Q000 Double quotes found but single quotes preferred[0m
[12.845s] [1m[31mE     ./stem_pkg/tester.py:47:19: Q000 Double quotes found but single quotes preferred[0m
[12.847s] [1m[31mE     ./stem_pkg/tester.py:47:22: E203 whitespace before ':'[0m
[12.849s] [1m[31mE     ./stem_pkg/tester.py:48:17: Q000 Double quotes found but single quotes preferred[0m
[12.851s] [1m[31mE     ./stem_pkg/tester.py:49:13: E203 whitespace before ':'[0m
[12.853s] [1m[31mE     ./stem_pkg/tester.py:57:1: E302 expected 2 blank lines, found 1[0m
[12.855s] [1m[31mE     ./stem_pkg/tester.py:57:20: E203 whitespace before ':'[0m
[12.858s] [1m[31mE     ./stem_pkg/tester.py:68:1: E305 expected 2 blank lines after class or function definition, found 1[0m
[12.859s] [1m[31mE     ./stem_pkg/tester.py:68:26: E203 whitespace before ':'[0m
[12.861s] [1m[31mE     ./stem_pkg/tester.py:69:11: W292 no newline at end of file[0m
[12.863s] [1m[31mE     ./stem_pkg/tensor_publisher.py:5:1: I100 Import statements are in the wrong order. 'import cv2' should be before 'from std_msgs.msg import String'[0m
[12.864s] [1m[31mE     ./stem_pkg/tensor_publisher.py:7:1: I100 Import statements are in the wrong order. 'import numpy' should be before 'import tensorflow'[0m
[12.866s] [1m[31mE     ./stem_pkg/tensor_publisher.py:8:1: F401 'pandas as pd' imported but unused[0m
[12.868s] [1m[31mE     ./stem_pkg/tensor_publisher.py:10:1: E302 expected 2 blank lines, found 1[0m
[12.870s] [1m[31mE     ./stem_pkg/tensor_publisher.py:10:28: E203 whitespace before ':'[0m
[12.872s] [1m[31mE     ./stem_pkg/tensor_publisher.py:11:1: CNL100 Class definition does not have a new line.[0m
[12.874s] [1m[31mE     ./stem_pkg/tensor_publisher.py:21:46: E203 whitespace before ':'[0m
[12.876s] [1m[31mE     ./stem_pkg/tensor_publisher.py:42:16: C408 Unnecessary list call - rewrite as a literal.[0m
[12.879s] [1m[31mE     ./stem_pkg/tensor_publisher.py:44:28: E203 whitespace before ':'[0m
[12.881s] [1m[31mE     ./stem_pkg/tensor_publisher.py:47:20: Q000 Double quotes found but single quotes preferred[0m
[12.883s] [1m[31mE     ./stem_pkg/tensor_publisher.py:48:20: Q000 Double quotes found but single quotes preferred[0m
[12.884s] [1m[31mE     ./stem_pkg/tensor_publisher.py:52:1: E302 expected 2 blank lines, found 1[0m
[12.886s] [1m[31mE     ./stem_pkg/tensor_publisher.py:52:20: E203 whitespace before ':'[0m
[12.888s] [1m[31mE     ./stem_pkg/tensor_publisher.py:54:50: Q000 Double quotes found but single quotes preferred[0m
[12.889s] [1m[31mE     ./stem_pkg/tensor_publisher.py:54:100: E501 line too long (100 > 99 characters)[0m
[12.891s] [1m[31mE     ./stem_pkg/tensor_publisher.py:66:1: E305 expected 2 blank lines after class or function definition, found 1[0m
[12.893s] [1m[31mE     ./stem_pkg/tensor_publisher.py:66:26: E203 whitespace before ':'[0m
[12.894s] [1m[31mE     ./stem_pkg/tensor_publisher.py:69:1: E265 block comment should start with '# '[0m
[12.896s] [1m[31mE     ./stem_pkg/tensor_publisher.py:69:29: W292 no newline at end of file[0m
[12.897s] [1m[31mE     ./stem_pkg/tensor_publisher.py:69:29: W292 no newline at end of file[0m
[12.898s] [1m[31mE     ./stem_pkg/tensor_publisher.py:69:29: W292 no newline at end of file[0m
[12.899s] [1m[31mE   assert 1 == 0[0m
[12.900s] ----------------------------- Captured stdout call -----------------------------
[12.901s] 
[12.903s] ./setup.py:2:1: I100 Import statements are in the wrong order. 'import os' should be before 'from setuptools import setup' and in a different group.
[12.905s] import os
[12.907s] ^
[12.908s] 
[12.910s] ./setup.py:2:1: I201 Missing newline between import groups. 'import os' is identified as Stdlib and 'from setuptools import setup' is identified as Third Party.
[12.912s] import os
[12.916s] ^
[12.918s] 
[12.923s] ./setup.py:3:1: I100 Import statements are in the wrong order. 'from glob import glob' should be before 'import os'
[12.926s] from glob import glob
[12.927s] ^
[12.929s] 
[12.930s] ./setup.py:26:13: Q000 Double quotes found but single quotes preferred
[12.932s]             "serial_talker=stem_pkg.serial_talker:main",
[12.935s]             ^
[12.937s] 
[12.939s] ./setup.py:27:13: Q000 Double quotes found but single quotes preferred
[12.943s]             "cmd_selector=stem_pkg.cmd_selector:main",
[12.946s]             ^
[12.950s] 
[12.953s] ./setup.py:28:13: Q000 Double quotes found but single quotes preferred
[12.956s]             "calculator=stem_pkg.calculator:main",
[12.959s]             ^
[12.962s] 
[12.965s] ./setup.py:29:13: Q000 Double quotes found but single quotes preferred
[12.968s]             "tensor_publisher=stem_pkg.tensor_publisher:main",
[12.971s]             ^
[12.973s] 
[12.977s] ./setup.py:30:13: Q000 Double quotes found but single quotes preferred
[12.980s]             "tensor=stem_pkg.tensor:main"
[12.983s]             ^
[12.987s] 
[12.991s] ./setup.py:31:13: E265 block comment should start with '# '
[12.994s]             #"tester=stem_pkg.tester:main",
[12.999s]             ^
[13.003s] 
[13.005s] ./setup.py:32:13: E265 block comment should start with '# '
[13.008s]             #"controller=stem_pkg.controller:main"
[13.011s]             ^
[13.013s] 
[13.022s] ./setup.py:35:2: W292 no newline at end of file
[13.024s] ) ^
[13.026s] 
[13.028s] ./launch/stem.launch.py:4:1: E302 expected 2 blank lines, found 1
[13.037s] def generate_launch_description():
[13.042s] ^
[13.044s] 
[13.046s] ./launch/stem.launch.py:10:20: E251 unexpected spaces around keyword / parameter equals
[13.048s]             output= 'screen'),
[13.050s]                    ^
[13.052s] 
[13.054s] ./launch/stem.launch.py:20:32: E202 whitespace before ')'
[13.057s]             name='cmd_selector' ),
[13.059s]                                ^
[13.062s] 
[13.064s] ./launch/stem.launch.py:26:20: E251 unexpected spaces around keyword / parameter equals
[13.066s]             output= 'screen' )
[13.068s]                    ^
[13.071s] 
[13.074s] ./launch/stem.launch.py:26:29: E202 whitespace before ')'
[13.075s]             output= 'screen' )
[13.077s]                             ^
[13.079s] 
[13.080s] ./launch/stem.launch.py:27:7: W292 no newline at end of file
[13.082s]     ])      ^
[13.084s] 
[13.085s] ./stem_pkg/serial_talker.py:5:1: I100 Import statements are in the wrong order. 'import serial' should be before 'from std_msgs.msg import String'
[13.087s] import serial 
[13.088s] ^
[13.090s] 
[13.092s] ./stem_pkg/serial_talker.py:5:14: W291 trailing whitespace
[13.094s] import serial 
[13.096s]              ^
[13.097s] 
[13.099s] ./stem_pkg/serial_talker.py:11:5: E301 expected 1 blank line, found 0
[13.101s]     def __init__(self):
[13.103s]     ^
[13.104s] 
[13.106s] ./stem_pkg/serial_talker.py:19:32: Q000 Double quotes found but single quotes preferred
[13.108s]         self.get_logger().info("Serial connection started")
[13.109s]                                ^
[13.111s] 
[13.113s] ./stem_pkg/serial_talker.py:22:24: Q000 Double quotes found but single quotes preferred
[13.115s]         self.ser.write("^1*2*3*4*5*6*7*8*8".encode())
[13.120s]                        ^
[13.122s] 
[13.124s] ./stem_pkg/serial_talker.py:40:1: E305 expected 2 blank lines after class or function definition, found 1
[13.126s] if __name__ == '__main__' :
[13.128s] ^
[13.129s] 
[13.131s] ./stem_pkg/serial_talker.py:40:26: E203 whitespace before ':'
[13.133s] if __name__ == '__main__' :
[13.134s]                          ^
[13.136s] 
[13.137s] ./stem_pkg/serial_talker.py:41:11: W292 no newline at end of file
[13.139s]     main()          ^
[13.141s] 
[13.142s] ./stem_pkg/controller.py:5:1: I100 Import statements are in the wrong order. 'import RPi.GPIO' should be before 'from std_msgs.msg import String'
[13.144s] import RPi.GPIO as GPIO
[13.147s] ^
[13.148s] 
[13.151s] ./stem_pkg/controller.py:7:1: E302 expected 2 blank lines, found 1
[13.154s] class Controller(Node) :
[13.158s] ^
[13.161s] 
[13.164s] ./stem_pkg/controller.py:7:23: E203 whitespace before ':'
[13.167s] class Controller(Node) :
[13.171s]                       ^
[13.174s] 
[13.178s] ./stem_pkg/controller.py:8:1: CNL100 Class definition does not have a new line.
[13.181s]     def __init__(self):
[13.184s] ^
[13.187s] 
[13.190s] ./stem_pkg/controller.py:15:1: W293 blank line contains whitespace
[13.194s]         
[13.196s] ^
[13.199s] 
[13.201s] ./stem_pkg/controller.py:19:60: E261 at least two spaces before inline comment
[13.202s]         GPIO.setup(12, GPIO.IN, pull_up_down=GPIO.PUD_DOWN) #RED
[13.204s]                                                            ^
[13.206s] 
[13.207s] ./stem_pkg/controller.py:19:61: E262 inline comment should start with '# '
[13.209s]         GPIO.setup(12, GPIO.IN, pull_up_down=GPIO.PUD_DOWN) #RED
[13.210s]                                                             ^
[13.212s] 
[13.213s] ./stem_pkg/controller.py:20:60: E261 at least two spaces before inline comment
[13.215s]         GPIO.setup(13, GPIO.IN, pull_up_down=GPIO.PUD_DOWN) #ORANGE
[13.220s]                                                            ^
[13.222s] 
[13.224s] ./stem_pkg/controller.py:20:61: E262 inline comment should start with '# '
[13.226s]         GPIO.setup(13, GPIO.IN, pull_up_down=GPIO.PUD_DOWN) #ORANGE
[13.227s]                                                             ^
[13.229s] 
[13.231s] ./stem_pkg/controller.py:22:60: E261 at least two spaces before inline comment
[13.233s]         GPIO.setup(19, GPIO.IN, pull_up_down=GPIO.PUD_DOWN) #YELLOW
[13.234s]                                                            ^
[13.236s] 
[13.237s] ./stem_pkg/controller.py:22:61: E262 inline comment should start with '# '
[13.239s]         GPIO.setup(19, GPIO.IN, pull_up_down=GPIO.PUD_DOWN) #YELLOW
[13.240s]                                                             ^
[13.242s] 
[13.243s] ./stem_pkg/controller.py:23:60: E261 at least two spaces before inline comment
[13.245s]         GPIO.setup(16, GPIO.IN, pull_up_down=GPIO.PUD_DOWN) #GREEN
[13.246s]                                                            ^
[13.248s] 
[13.250s] ./stem_pkg/controller.py:23:61: E262 inline comment should start with '# '
[13.251s]         GPIO.setup(16, GPIO.IN, pull_up_down=GPIO.PUD_DOWN) #GREEN
[13.253s]                                                             ^
[13.255s] 
[13.256s] ./stem_pkg/controller.py:25:60: E261 at least two spaces before inline comment
[13.258s]         GPIO.setup(20, GPIO.IN, pull_up_down=GPIO.PUD_DOWN) #BLUE
[13.260s]                                                            ^
[13.261s] 
[13.263s] ./stem_pkg/controller.py:25:61: E262 inline comment should start with '# '
[13.264s]         GPIO.setup(20, GPIO.IN, pull_up_down=GPIO.PUD_DOWN) #BLUE
[13.266s]                                                             ^
[13.267s] 
[13.268s] ./stem_pkg/controller.py:26:60: E261 at least two spaces before inline comment
[13.270s]         GPIO.setup(26, GPIO.IN, pull_up_down=GPIO.PUD_DOWN) #VIOLET
[13.271s]                                                            ^
[13.273s] 
[13.274s] ./stem_pkg/controller.py:26:61: E262 inline comment should start with '# '
[13.276s]         GPIO.setup(26, GPIO.IN, pull_up_down=GPIO.PUD_DOWN) #VIOLET
[13.278s]                                                             ^
[13.280s] 
[13.281s] ./stem_pkg/controller.py:28:60: E261 at least two spaces before inline comment
[13.283s]         GPIO.setup(21, GPIO.IN, pull_up_down=GPIO.PUD_DOWN) #BROWN
[13.285s]                                                            ^
[13.287s] 
[13.288s] ./stem_pkg/controller.py:28:61: E262 inline comment should start with '# '
[13.290s]         GPIO.setup(21, GPIO.IN, pull_up_down=GPIO.PUD_DOWN) #BROWN
[13.292s]                                                             ^
[13.294s] 
[13.295s] ./stem_pkg/controller.py:30:9: E265 block comment should start with '# '
[13.297s]         #GPIO.setup(17, GPIO.IN, GPIO.PUD_UP) #black toggle yellow
[13.299s]         ^
[13.300s] 
[13.302s] ./stem_pkg/controller.py:31:9: E265 block comment should start with '# '
[13.304s]         #GPIO.setup(18, GPIO.IN, GPIO.PUD_UP) #black toggle greeen
[13.306s]         ^
[13.307s] 
[13.309s] ./stem_pkg/controller.py:33:57: E251 unexpected spaces around keyword / parameter equals
[13.311s]         GPIO.add_event_detect(12, GPIO.FALLING, callback = self.on_press, bouncetime=100)
[13.313s]                                                         ^
[13.314s] 
[13.316s] ./stem_pkg/controller.py:33:59: E251 unexpected spaces around keyword / parameter equals
[13.321s]         GPIO.add_event_detect(12, GPIO.FALLING, callback = self.on_press, bouncetime=100)
[13.323s]                                                           ^
[13.324s] 
[13.326s] ./stem_pkg/controller.py:34:57: E251 unexpected spaces around keyword / parameter equals
[13.328s]         GPIO.add_event_detect(13, GPIO.FALLING, callback = self.on_press, bouncetime=100)
[13.330s]                                                         ^
[13.332s] 
[13.334s] ./stem_pkg/controller.py:34:59: E251 unexpected spaces around keyword / parameter equals
[13.336s]         GPIO.add_event_detect(13, GPIO.FALLING, callback = self.on_press, bouncetime=100)
[13.337s]                                                           ^
[13.339s] 
[13.341s] ./stem_pkg/controller.py:36:57: E251 unexpected spaces around keyword / parameter equals
[13.343s]         GPIO.add_event_detect(19, GPIO.FALLING, callback = self.on_press, bouncetime=100)
[13.344s]                                                         ^
[13.346s] 
[13.348s] ./stem_pkg/controller.py:36:59: E251 unexpected spaces around keyword / parameter equals
[13.350s]         GPIO.add_event_detect(19, GPIO.FALLING, callback = self.on_press, bouncetime=100)
[13.351s]                                                           ^
[13.353s] 
[13.355s] ./stem_pkg/controller.py:37:57: E251 unexpected spaces around keyword / parameter equals
[13.357s]         GPIO.add_event_detect(16, GPIO.FALLING, callback = self.on_press, bouncetime=100)
[13.359s]                                                         ^
[13.361s] 
[13.362s] ./stem_pkg/controller.py:37:59: E251 unexpected spaces around keyword / parameter equals
[13.364s]         GPIO.add_event_detect(16, GPIO.FALLING, callback = self.on_press, bouncetime=100)
[13.365s]                                                           ^
[13.367s] 
[13.369s] ./stem_pkg/controller.py:39:57: E251 unexpected spaces around keyword / parameter equals
[13.371s]         GPIO.add_event_detect(20, GPIO.FALLING, callback = self.on_press, bouncetime=100)
[13.372s]                                                         ^
[13.374s] 
[13.376s] ./stem_pkg/controller.py:39:59: E251 unexpected spaces around keyword / parameter equals
[13.377s]         GPIO.add_event_detect(20, GPIO.FALLING, callback = self.on_press, bouncetime=100)
[13.379s]                                                           ^
[13.381s] 
[13.382s] ./stem_pkg/controller.py:40:57: E251 unexpected spaces around keyword / parameter equals
[13.384s]         GPIO.add_event_detect(26, GPIO.FALLING, callback = self.on_press, bouncetime=100)
[13.385s]                                                         ^
[13.387s] 
[13.389s] ./stem_pkg/controller.py:40:59: E251 unexpected spaces around keyword / parameter equals
[13.391s]         GPIO.add_event_detect(26, GPIO.FALLING, callback = self.on_press, bouncetime=100)
[13.392s]                                                           ^
[13.394s] 
[13.396s] ./stem_pkg/controller.py:42:57: E251 unexpected spaces around keyword / parameter equals
[13.398s]         GPIO.add_event_detect(21, GPIO.FALLING, callback = self.on_press, bouncetime=100)
[13.400s]                                                         ^
[13.401s] 
[13.404s] ./stem_pkg/controller.py:42:59: E251 unexpected spaces around keyword / parameter equals
[13.406s]         GPIO.add_event_detect(21, GPIO.FALLING, callback = self.on_press, bouncetime=100)
[13.408s]                                                           ^
[13.410s] 
[13.412s] ./stem_pkg/controller.py:46:9: E265 block comment should start with '# '
[13.414s]         #GPIO.wait_for_edge(18, GPIO.RISING, bouncetime = 10)
[13.416s]         ^
[13.418s] 
[13.423s] ./stem_pkg/controller.py:48:43: E203 whitespace before ':'
[13.426s]     def publish_key_command_msg(self, msg) :
[13.428s]                                           ^
[13.429s] 
[13.431s] ./stem_pkg/controller.py:55:32: E203 whitespace before ':'
[13.434s]         if msg.data is not None :
[13.435s]                                ^
[13.437s] 
[13.439s] ./stem_pkg/controller.py:60:19: E203 whitespace before ':'
[13.440s]         if k == 12 :
[13.442s]                   ^
[13.444s] 
[13.446s] ./stem_pkg/controller.py:61:17: Q000 Double quotes found but single quotes preferred
[13.448s]             c = "up"
[13.450s]                 ^
[13.452s] 
[13.453s] ./stem_pkg/controller.py:62:21: E203 whitespace before ':'
[13.455s]         elif k == 13 :
[13.457s]                     ^
[13.459s] 
[13.461s] ./stem_pkg/controller.py:63:17: Q000 Double quotes found but single quotes preferred
[13.463s]             c = "left"
[13.464s]                 ^
[13.466s] 
[13.468s] ./stem_pkg/controller.py:64:21: E203 whitespace before ':'
[13.469s]         elif k == 19 :
[13.471s]                     ^
[13.473s] 
[13.475s] ./stem_pkg/controller.py:65:17: Q000 Double quotes found but single quotes preferred
[13.476s]             c = "init"
[13.478s]                 ^
[13.480s] 
[13.482s] ./stem_pkg/controller.py:66:21: E203 whitespace before ':'
[13.483s]         elif k == 16 :
[13.485s]                     ^
[13.487s] 
[13.489s] ./stem_pkg/controller.py:67:17: Q000 Double quotes found but single quotes preferred
[13.491s]             c = "down"
[13.493s]                 ^
[13.494s] 
[13.497s] ./stem_pkg/controller.py:68:21: E203 whitespace before ':'
[13.499s]         elif k == 20 :
[13.501s]                     ^
[13.503s] 
[13.506s] ./stem_pkg/controller.py:69:17: Q000 Double quotes found but single quotes preferred
[13.508s]             c = "turn left"
[13.510s]                 ^
[13.512s] 
[13.514s] ./stem_pkg/controller.py:70:21: E203 whitespace before ':'
[13.517s]         elif k == 26 :
[13.520s]                     ^
[13.523s] 
[13.525s] ./stem_pkg/controller.py:71:17: Q000 Double quotes found but single quotes preferred
[13.526s]             c = "turn right"
[13.527s]                 ^
[13.528s] 
[13.529s] ./stem_pkg/controller.py:72:21: E203 whitespace before ':'
[13.530s]         elif k == 21 :
[13.531s]                     ^
[13.532s] 
[13.533s] ./stem_pkg/controller.py:73:17: Q000 Double quotes found but single quotes preferred
[13.533s]             c = "right"
[13.534s]                 ^
[13.535s] 
[13.535s] ./stem_pkg/controller.py:74:21: E203 whitespace before ':'
[13.536s]         elif k == 18 :
[13.542s]                     ^
[13.542s] 
[13.543s] ./stem_pkg/controller.py:75:17: Q000 Double quotes found but single quotes preferred
[13.544s]             c = "True"
[13.545s]                 ^
[13.545s] 
[13.546s] ./stem_pkg/controller.py:76:21: E203 whitespace before ':'
[13.547s]         elif k == 17 :
[13.548s]                     ^
[13.549s] 
[13.550s] ./stem_pkg/controller.py:77:17: Q000 Double quotes found but single quotes preferred
[13.551s]             c = "False"
[13.552s]                 ^
[13.553s] 
[13.554s] ./stem_pkg/controller.py:78:13: E203 whitespace before ':'
[13.555s]         else :
[13.555s]             ^
[13.556s] 
[13.557s] ./stem_pkg/controller.py:83:20: E203 whitespace before ':'
[13.557s] def main(args=None) :
[13.558s]                    ^
[13.570s] 
[13.571s] ./stem_pkg/controller.py:95:1: E305 expected 2 blank lines after class or function definition, found 1
[13.572s] if __name__ == '__main__' :
[13.572s] ^
[13.573s] 
[13.582s] ./stem_pkg/controller.py:95:26: E203 whitespace before ':'
[13.583s] if __name__ == '__main__' :
[13.584s]                          ^
[13.584s] 
[13.585s] ./stem_pkg/controller.py:96:11: W292 no newline at end of file
[13.586s]     main()          ^
[13.586s] 
[13.587s] ./stem_pkg/async_serial_talker.py:5:1: I100 Import statements are in the wrong order. 'import asyncio' should be before 'from std_msgs.msg import String' and in a different group.
[13.588s] import asyncio
[13.588s] ^
[13.589s] 
[13.589s] ./stem_pkg/async_serial_talker.py:5:1: I201 Missing newline between import groups. 'import asyncio' is identified as Stdlib and 'from std_msgs.msg import String' is identified as Third Party.
[13.590s] import asyncio
[13.591s] ^
[13.592s] 
[13.592s] ./stem_pkg/async_serial_talker.py:6:1: I201 Missing newline between import groups. 'import serial_asyncio' is identified as Third Party and 'import asyncio' is identified as Stdlib.
[13.593s] import serial_asyncio
[13.606s] ^
[13.607s] 
[13.608s] ./stem_pkg/async_serial_talker.py:11:5: E301 expected 1 blank line, found 0
[13.608s]     def __init__(self):
[13.609s]     ^
[13.610s] 
[13.610s] ./stem_pkg/async_serial_talker.py:20:32: Q000 Double quotes found but single quotes preferred
[13.611s]         self.get_logger().info("Serial connection started")
[13.612s]                                ^
[13.613s] 
[13.613s] ./stem_pkg/async_serial_talker.py:29:100: E501 line too long (102 > 99 characters)
[13.614s]         _, writer = await serial_asyncio.open_serial_connection(url=self.SERIAL_PORT, baudrate=115200)
[13.615s]                                                                                                    ^
[13.616s] 
[13.616s] ./stem_pkg/async_serial_talker.py:38:38: E203 whitespace before ':'
[13.617s]     async def send(self, writer, msg) :
[13.630s]                                      ^
[13.632s] 
[13.633s] ./stem_pkg/async_serial_talker.py:39:21: E203 whitespace before ':'
[13.633s]         for c in msg :
[13.634s]                     ^
[13.635s] 
[13.635s] ./stem_pkg/async_serial_talker.py:42:9: E265 block comment should start with '# '
[13.636s]         #writer.write(b'_')
[13.637s]         ^
[13.638s] 
[13.638s] ./stem_pkg/async_serial_talker.py:57:1: E305 expected 2 blank lines after class or function definition, found 1
[13.639s] if __name__ == '__main__' :
[13.640s] ^
[13.640s] 
[13.641s] ./stem_pkg/async_serial_talker.py:57:26: E203 whitespace before ':'
[13.654s] if __name__ == '__main__' :
[13.655s]                          ^
[13.656s] 
[13.656s] ./stem_pkg/async_serial_talker.py:58:11: W292 no newline at end of file
[13.657s]     main()          ^
[13.657s] 
[13.658s] ./stem_pkg/cmd_selector.py:6:1: E302 expected 2 blank lines, found 1
[13.659s] class CommandSelector(Node):
[13.660s] ^
[13.660s] 
[13.661s] ./stem_pkg/cmd_selector.py:8:5: E301 expected 1 blank line, found 0
[13.662s]     def __init__(self):
[13.662s]     ^
[13.663s] 
[13.664s] ./stem_pkg/cmd_selector.py:44:1: E303 too many blank lines (3)
[13.664s] def main(args=None):
[13.665s] ^
[13.678s] 
[13.679s] ./stem_pkg/cmd_selector.py:55:1: E305 expected 2 blank lines after class or function definition, found 1
[13.680s] if __name__ == '__main__' :
[13.680s] ^
[13.681s] 
[13.682s] ./stem_pkg/cmd_selector.py:55:26: E203 whitespace before ':'
[13.682s] if __name__ == '__main__' :
[13.683s]                          ^
[13.684s] 
[13.685s] ./stem_pkg/cmd_selector.py:56:11: W292 no newline at end of file
[13.685s]     main()          ^
[13.686s] 
[13.687s] ./stem_pkg/calculator.py:1:1: F401 'socket.NI_NUMERICHOST' imported but unused
[13.687s] from socket import NI_NUMERICHOST
[13.688s] ^
[13.688s] 
[13.689s] ./stem_pkg/calculator.py:2:1: I201 Missing newline between import groups. 'import rclpy' is identified as Third Party and 'from socket import NI_NUMERICHOST' is identified as Stdlib.
[13.689s] import rclpy
[13.692s] ^
[13.692s] 
[13.693s] ./stem_pkg/calculator.py:7:1: I100 Import statements are in the wrong order. 'import math' should be before 'from sunflower_interfaces.msg import TfliteResult' and in a different group.
[13.694s] import math
[13.694s] ^
[13.695s] 
[13.696s] ./stem_pkg/calculator.py:7:1: I201 Missing newline between import groups. 'import math' is identified as Stdlib and 'from sunflower_interfaces.msg import TfliteResult' is identified as Third Party.
[13.709s] import math
[13.710s] ^
[13.710s] 
[13.711s] ./stem_pkg/calculator.py:9:1: E302 expected 2 blank lines, found 1
[13.711s] class Calculator(Node) :
[13.712s] ^
[13.713s] 
[13.713s] ./stem_pkg/calculator.py:9:23: E203 whitespace before ':'
[13.714s] class Calculator(Node) :
[13.714s]                       ^
[13.715s] 
[13.716s] ./stem_pkg/calculator.py:10:1: CNL100 Class definition does not have a new line.
[13.716s]     def __init__(self):
[13.717s] ^
[13.717s] 
[13.718s] ./stem_pkg/calculator.py:23:35: E203 whitespace before ':'
[13.719s]     def publish_command(self, cmd) :
[13.719s]                                   ^
[13.720s] 
[13.721s] ./stem_pkg/calculator.py:31:30: Q000 Double quotes found but single quotes preferred
[13.722s]         self.publish_command("".join(data))
[13.723s]                              ^
[13.724s] 
[13.724s] ./stem_pkg/calculator.py:34:27: C417 Unnecessary use of map - use a generator expression instead.
[13.725s]         n_x, n_y, n_con = map(lambda x: x, nose)
[13.726s]                           ^
[13.726s] 
[13.727s] ./stem_pkg/calculator.py:35:27: C417 Unnecessary use of map - use a generator expression instead.
[13.728s]         l_x, l_y, l_con = map(lambda x: x, eye_l)
[13.729s]                           ^
[13.730s] 
[13.730s] ./stem_pkg/calculator.py:36:27: C417 Unnecessary use of map - use a generator expression instead.
[13.732s]         r_x, r_y, r_con = map(lambda x: x, eye_r)
[13.734s]                           ^
[13.735s] 
[13.736s] ./stem_pkg/calculator.py:62:1: W293 blank line contains whitespace
[13.737s]     
[13.738s] ^
[13.739s] 
[13.740s] ./stem_pkg/calculator.py:65:10: E203 whitespace before ','
[13.741s]         _ , nose_x, nose_confidence = map(lambda x: x, nose)
[13.742s]          ^
[13.743s] 
[13.743s] ./stem_pkg/calculator.py:65:39: C417 Unnecessary use of map - use a generator expression instead.
[13.744s]         _ , nose_x, nose_confidence = map(lambda x: x, nose)
[13.745s]                                       ^
[13.746s] 
[13.747s] ./stem_pkg/calculator.py:83:1: E302 expected 2 blank lines, found 1
[13.748s] def main(args=None) :
[13.749s] ^
[13.750s] 
[13.751s] ./stem_pkg/calculator.py:83:20: E203 whitespace before ':'
[13.752s] def main(args=None) :
[13.754s]                    ^
[13.754s] 
[13.755s] ./stem_pkg/calculator.py:94:1: E305 expected 2 blank lines after class or function definition, found 1
[13.756s] if __name__ == '__main__' :
[13.757s] ^
[13.758s] 
[13.759s] ./stem_pkg/calculator.py:94:26: E203 whitespace before ':'
[13.760s] if __name__ == '__main__' :
[13.761s]                          ^
[13.762s] 
[13.763s] ./stem_pkg/calculator.py:95:11: W292 no newline at end of file
[13.764s]     main()          ^
[13.764s] 
[13.765s] ./stem_pkg/tensor.py:5:1: I100 Import statements are in the wrong order. 'import cv2' should be before 'from sunflower_interfaces.msg import TfliteResult'
[13.766s] import cv2
[13.767s] ^
[13.768s] 
[13.769s] ./stem_pkg/tensor.py:7:1: I100 Import statements are in the wrong order. 'import numpy' should be before 'import tensorflow'
[13.771s] import numpy as np
[13.772s] ^
[13.773s] 
[13.773s] ./stem_pkg/tensor.py:9:1: E302 expected 2 blank lines, found 1
[13.774s] class Tensor(Node) :
[13.775s] ^
[13.776s] 
[13.777s] ./stem_pkg/tensor.py:9:19: E203 whitespace before ':'
[13.777s] class Tensor(Node) :
[13.778s]                   ^
[13.779s] 
[13.780s] ./stem_pkg/tensor.py:10:1: CNL100 Class definition does not have a new line.
[13.781s]     def __init__(self, interpreter, cap):
[13.781s] ^
[13.782s] 
[13.783s] ./stem_pkg/tensor.py:20:46: E203 whitespace before ':'
[13.784s]     def tensor_result(self, interpreter, cap) :
[13.785s]                                              ^
[13.786s] 
[13.786s] ./stem_pkg/tensor.py:41:9: F841 local variable 'data' is assigned to but never used
[13.787s]         data = list()
[13.788s]         ^
[13.789s] 
[13.790s] ./stem_pkg/tensor.py:41:16: C408 Unnecessary list call - rewrite as a literal.
[13.791s]         data = list()
[13.792s]                ^
[13.792s] 
[13.793s] ./stem_pkg/tensor.py:53:1: E302 expected 2 blank lines, found 1
[13.794s] def main(args=None) :
[13.795s] ^
[13.796s] 
[13.796s] ./stem_pkg/tensor.py:53:20: E203 whitespace before ':'
[13.797s] def main(args=None) :
[13.798s]                    ^
[13.799s] 
[13.800s] ./stem_pkg/tensor.py:55:50: Q000 Double quotes found but single quotes preferred
[13.801s]     interpreter = tf.lite.Interpreter(model_path="lite-model_movenet_singlepose_lightning_3.tflite")
[13.801s]                                                  ^
[13.802s] 
[13.803s] ./stem_pkg/tensor.py:55:100: E501 line too long (100 > 99 characters)
[13.804s]     interpreter = tf.lite.Interpreter(model_path="lite-model_movenet_singlepose_lightning_3.tflite")
[13.805s]                                                                                                    ^
[13.805s] 
[13.806s] ./stem_pkg/tensor.py:67:1: E305 expected 2 blank lines after class or function definition, found 1
[13.807s] if __name__ == '__main__' :
[13.808s] ^
[13.809s] 
[13.810s] ./stem_pkg/tensor.py:67:26: E203 whitespace before ':'
[13.811s] if __name__ == '__main__' :
[13.812s]                          ^
[13.813s] 
[13.814s] ./stem_pkg/tensor.py:70:1: E265 block comment should start with '# '
[13.815s] #코, 왼눈, 오눈, 왼귀, 오귀, 왼어깨, 오어깨^
[13.816s] 
[13.817s] ./stem_pkg/tensor.py:70:29: W292 no newline at end of file
[13.818s] #코, 왼눈, 오눈, 왼귀, 오귀, 왼어깨, 오어깨                            ^
[13.819s] 
[13.821s] ./stem_pkg/tensor.py:70:29: W292 no newline at end of file
[13.822s] #코, 왼눈, 오눈, 왼귀, 오귀, 왼어깨, 오어깨                            ^
[13.823s] 
[13.824s] ./stem_pkg/tensor.py:70:29: W292 no newline at end of file
[13.825s] #코, 왼눈, 오눈, 왼귀, 오귀, 왼어깨, 오어깨                            ^
[13.827s] 
[13.828s] ./stem_pkg/tester.py:5:1: I100 Import statements are in the wrong order. 'from pynput import keyboard' should be before 'from std_msgs.msg import String'
[13.829s] from pynput import keyboard
[13.831s] ^
[13.834s] 
[13.836s] ./stem_pkg/tester.py:7:1: E302 expected 2 blank lines, found 1
[13.838s] class Tester(Node) :
[13.840s] ^
[13.842s] 
[13.844s] ./stem_pkg/tester.py:7:19: E203 whitespace before ':'
[13.846s] class Tester(Node) :
[13.848s]                   ^
[13.850s] 
[13.852s] ./stem_pkg/tester.py:8:1: CNL100 Class definition does not have a new line.
[13.854s]     def __init__(self):
[13.856s] ^
[13.858s] 
[13.860s] ./stem_pkg/tester.py:16:21: E251 unexpected spaces around keyword / parameter equals
[13.862s]             on_press = self.on_press,
[13.864s]                     ^
[13.866s] 
[13.868s] ./stem_pkg/tester.py:16:23: E251 unexpected spaces around keyword / parameter equals
[13.870s]             on_press = self.on_press,
[13.872s]                       ^
[13.874s] 
[13.876s] ./stem_pkg/tester.py:17:23: E251 unexpected spaces around keyword / parameter equals
[13.877s]             on_release = self.on_release)
[13.879s]                       ^
[13.882s] 
[13.884s] ./stem_pkg/tester.py:17:25: E251 unexpected spaces around keyword / parameter equals
[13.886s]             on_release = self.on_release)
[13.887s]                         ^
[13.889s] 
[13.890s] ./stem_pkg/tester.py:21:43: E203 whitespace before ':'
[13.892s]     def publish_key_command_msg(self, msg) :
[13.894s]                                           ^
[13.896s] 
[13.898s] ./stem_pkg/tester.py:29:1: B901 blind except: statement
[13.899s]         except:
[13.901s] ^
[13.903s] 
[13.904s] ./stem_pkg/tester.py:29:9: E722 do not use bare 'except'
[13.905s]         except:
[13.906s]         ^
[13.908s] 
[13.909s] ./stem_pkg/tester.py:32:32: E203 whitespace before ':'
[13.910s]         if msg.data is not None :
[13.911s]                                ^
[13.913s] 
[13.914s] ./stem_pkg/tester.py:37:17: Q000 Double quotes found but single quotes preferred
[13.916s]         if k == "w" :
[13.918s]                 ^
[13.920s] 
[13.922s] ./stem_pkg/tester.py:37:20: E203 whitespace before ':'
[13.924s]         if k == "w" :
[13.926s]                    ^
[13.928s] 
[13.930s] ./stem_pkg/tester.py:38:17: Q000 Double quotes found but single quotes preferred
[13.932s]             c = "up"
[13.938s]                 ^
[13.940s] 
[13.942s] ./stem_pkg/tester.py:39:19: Q000 Double quotes found but single quotes preferred
[13.944s]         elif k == "s" :
[13.945s]                   ^
[13.947s] 
[13.949s] ./stem_pkg/tester.py:39:22: E203 whitespace before ':'
[13.950s]         elif k == "s" :
[13.952s]                      ^
[13.953s] 
[13.955s] ./stem_pkg/tester.py:40:17: Q000 Double quotes found but single quotes preferred
[13.957s]             c = "down"
[13.959s]                 ^
[13.961s] 
[13.963s] ./stem_pkg/tester.py:41:19: Q000 Double quotes found but single quotes preferred
[13.965s]         elif k == "a" :
[13.967s]                   ^
[13.969s] 
[13.971s] ./stem_pkg/tester.py:41:22: E203 whitespace before ':'
[13.973s]         elif k == "a" :
[13.975s]                      ^
[13.976s] 
[13.978s] ./stem_pkg/tester.py:42:17: Q000 Double quotes found but single quotes preferred
[13.980s]             c = "left"
[13.981s]                 ^
[13.983s] 
[13.984s] ./stem_pkg/tester.py:43:19: Q000 Double quotes found but single quotes preferred
[13.986s]         elif k == "d" :
[13.988s]                   ^
[13.990s] 
[13.992s] ./stem_pkg/tester.py:43:22: E203 whitespace before ':'
[13.993s]         elif k == "d" :
[13.995s]                      ^
[13.996s] 
[13.997s] ./stem_pkg/tester.py:44:17: Q000 Double quotes found but single quotes preferred
[13.999s]             c = "right"
[14.000s]                 ^
[14.002s] 
[14.004s] ./stem_pkg/tester.py:45:19: Q000 Double quotes found but single quotes preferred
[14.005s]         elif k == "," :
[14.008s]                   ^
[14.009s] 
[14.011s] ./stem_pkg/tester.py:45:22: E203 whitespace before ':'
[14.013s]         elif k == "," :
[14.014s]                      ^
[14.016s] 
[14.018s] ./stem_pkg/tester.py:46:17: Q000 Double quotes found but single quotes preferred
[14.019s]             c = "turn left"
[14.021s]                 ^
[14.022s] 
[14.024s] ./stem_pkg/tester.py:47:19: Q000 Double quotes found but single quotes preferred
[14.025s]         elif k == "." :
[14.026s]                   ^
[14.028s] 
[14.029s] ./stem_pkg/tester.py:47:22: E203 whitespace before ':'
[14.030s]         elif k == "." :
[14.031s]                      ^
[14.033s] 
[14.036s] ./stem_pkg/tester.py:48:17: Q000 Double quotes found but single quotes preferred
[14.039s]             c = "turn right"
[14.040s]                 ^
[14.041s] 
[14.043s] ./stem_pkg/tester.py:49:13: E203 whitespace before ':'
[14.044s]         else :
[14.045s]             ^
[14.047s] 
[14.049s] ./stem_pkg/tester.py:57:1: E302 expected 2 blank lines, found 1
[14.050s] def main(args=None) :
[14.052s] ^
[14.053s] 
[14.054s] ./stem_pkg/tester.py:57:20: E203 whitespace before ':'
[14.056s] def main(args=None) :
[14.057s]                    ^
[14.058s] 
[14.060s] ./stem_pkg/tester.py:68:1: E305 expected 2 blank lines after class or function definition, found 1
[14.061s] if __name__ == '__main__' :
[14.062s] ^
[14.064s] 
[14.065s] ./stem_pkg/tester.py:68:26: E203 whitespace before ':'
[14.067s] if __name__ == '__main__' :
[14.068s]                          ^
[14.070s] 
[14.072s] ./stem_pkg/tester.py:69:11: W292 no newline at end of file
[14.074s]     main()          ^
[14.076s] 
[14.078s] ./stem_pkg/tensor_publisher.py:5:1: I100 Import statements are in the wrong order. 'import cv2' should be before 'from std_msgs.msg import String'
[14.081s] import cv2
[14.083s] ^
[14.085s] 
[14.087s] ./stem_pkg/tensor_publisher.py:7:1: I100 Import statements are in the wrong order. 'import numpy' should be before 'import tensorflow'
[14.089s] import numpy as np
[14.091s] ^
[14.093s] 
[14.094s] ./stem_pkg/tensor_publisher.py:8:1: F401 'pandas as pd' imported but unused
[14.096s] import pandas as pd
[14.097s] ^
[14.099s] 
[14.101s] ./stem_pkg/tensor_publisher.py:10:1: E302 expected 2 blank lines, found 1
[14.102s] class TensorPublisher(Node) :
[14.104s] ^
[14.106s] 
[14.107s] ./stem_pkg/tensor_publisher.py:10:28: E203 whitespace before ':'
[14.109s] class TensorPublisher(Node) :
[14.110s]                            ^
[14.112s] 
[14.113s] ./stem_pkg/tensor_publisher.py:11:1: CNL100 Class definition does not have a new line.
[14.115s]     def __init__(self, interpreter, cap):
[14.117s] ^
[14.119s] 
[14.120s] ./stem_pkg/tensor_publisher.py:21:46: E203 whitespace before ':'
[14.122s]     def tensor_result(self, interpreter, cap) :
[14.124s]                                              ^
[14.126s] 
[14.128s] ./stem_pkg/tensor_publisher.py:42:16: C408 Unnecessary list call - rewrite as a literal.
[14.130s]         data = list()
[14.132s]                ^
[14.134s] 
[14.147s] ./stem_pkg/tensor_publisher.py:44:28: E203 whitespace before ':'
[14.148s]         for shape in shaped :
[14.150s]                            ^
[14.151s] 
[14.152s] ./stem_pkg/tensor_publisher.py:47:20: Q000 Double quotes found but single quotes preferred
[14.153s]         datastr = ["^"] + datastr
[14.155s]                    ^
[14.156s] 
[14.158s] ./stem_pkg/tensor_publisher.py:48:20: Q000 Double quotes found but single quotes preferred
[14.159s]         msg.data = "*".join(datastr)
[14.160s]                    ^
[14.161s] 
[14.163s] ./stem_pkg/tensor_publisher.py:52:1: E302 expected 2 blank lines, found 1
[14.164s] def main(args=None) :
[14.165s] ^
[14.167s] 
[14.168s] ./stem_pkg/tensor_publisher.py:52:20: E203 whitespace before ':'
[14.169s] def main(args=None) :
[14.170s]                    ^
[14.171s] 
[14.173s] ./stem_pkg/tensor_publisher.py:54:50: Q000 Double quotes found but single quotes preferred
[14.174s]     interpreter = tf.lite.Interpreter(model_path="lite-model_movenet_singlepose_lightning_3.tflite")
[14.176s]                                                  ^
[14.177s] 
[14.179s] ./stem_pkg/tensor_publisher.py:54:100: E501 line too long (100 > 99 characters)
[14.185s]     interpreter = tf.lite.Interpreter(model_path="lite-model_movenet_singlepose_lightning_3.tflite")
[14.189s]                                                                                                    ^
[14.191s] 
[14.192s] ./stem_pkg/tensor_publisher.py:66:1: E305 expected 2 blank lines after class or function definition, found 1
[14.193s] if __name__ == '__main__' :
[14.194s] ^
[14.195s] 
[14.197s] ./stem_pkg/tensor_publisher.py:66:26: E203 whitespace before ':'
[14.199s] if __name__ == '__main__' :
[14.200s]                          ^
[14.201s] 
[14.202s] ./stem_pkg/tensor_publisher.py:69:1: E265 block comment should start with '# '
[14.204s] #코, 왼눈, 오눈, 왼귀, 오귀, 왼어깨, 오어깨^
[14.205s] 
[14.206s] ./stem_pkg/tensor_publisher.py:69:29: W292 no newline at end of file
[14.207s] #코, 왼눈, 오눈, 왼귀, 오귀, 왼어깨, 오어깨                            ^
[14.209s] 
[14.210s] ./stem_pkg/tensor_publisher.py:69:29: W292 no newline at end of file
[14.212s] #코, 왼눈, 오눈, 왼귀, 오귀, 왼어깨, 오어깨                            ^
[14.218s] 
[14.219s] ./stem_pkg/tensor_publisher.py:69:29: W292 no newline at end of file
[14.220s] #코, 왼눈, 오눈, 왼귀, 오귀, 왼어깨, 오어깨                            ^
[14.220s] 
[14.221s] 1     B901 blind except: statement
[14.222s] 2     C408 Unnecessary list call - rewrite as a literal.
[14.223s] 4     C417 Unnecessary use of map - use a generator expression instead.
[14.224s] 5     CNL100 Class definition does not have a new line.
[14.225s] 2     E202 whitespace before ')'
[14.225s] 46    E203 whitespace before ':'
[14.226s] 20    E251 unexpected spaces around keyword / parameter equals
[14.227s] 7     E261 at least two spaces before inline comment
[14.228s] 7     E262 inline comment should start with '# '
[14.229s] 8     E265 block comment should start with '# '
[14.230s] 3     E301 expected 1 blank line, found 0
[14.231s] 11    E302 expected 2 blank lines, found 1
[14.232s] 1     E303 too many blank lines (3)
[14.233s] 8     E305 expected 2 blank lines after class or function definition, found 1
[14.233s] 3     E501 line too long (102 > 99 characters)
[14.234s] 1     E722 do not use bare 'except'
[14.235s] 2     F401 'socket.NI_NUMERICHOST' imported but unused
[14.237s] 1     F841 local variable 'data' is assigned to but never used
[14.237s] 11    I100 Import statements are in the wrong order. 'import os' should be before 'from setuptools import setup' and in a different group.
[14.238s] 5     I201 Missing newline between import groups. 'import os' is identified as Stdlib and 'from setuptools import setup' is identified as Third Party.
[14.239s] 34    Q000 Double quotes found but single quotes preferred
[14.240s] 1     W291 trailing whitespace
[14.240s] 14    W292 no newline at end of file
[14.242s] 2     W293 blank line contains whitespace
[14.242s] 
[14.243s] 14 files checked
[14.243s] 199 errors
[14.244s] 
[14.245s] 'B'-type errors: 1
[14.245s] 'C'-type errors: 11
[14.246s] 'E'-type errors: 117
[14.246s] 'F'-type errors: 3
[14.247s] 'I'-type errors: 16
[14.247s] 'Q'-type errors: 34
[14.248s] 'W'-type errors: 17
[14.249s] 
[14.250s] Checked files:
[14.251s] 
[14.251s] * ./setup.py
[14.252s] * ./launch/stem.launch.py
[14.253s] * ./stem_pkg/serial_talker.py
[14.254s] * ./stem_pkg/__init__.py
[14.255s] * ./stem_pkg/controller.py
[14.256s] * ./stem_pkg/async_serial_talker.py
[14.256s] * ./stem_pkg/cmd_selector.py
[14.257s] * ./stem_pkg/calculator.py
[14.258s] * ./stem_pkg/tensor.py
[14.259s] * ./stem_pkg/tester.py
[14.260s] * ./stem_pkg/tensor_publisher.py
[14.261s] * ./test/test_flake8.py
[14.261s] * ./test/test_copyright.py
[14.262s] * ./test/test_pep257.py
[14.263s] [33m=============================== warnings summary ===============================[0m
[14.264s] ../../../.local/lib/python3.8/site-packages/_pytest/nodes.py:633
[14.265s]   Warning: The (fspath: py.path.local) argument to Package is deprecated. Please use the (path: pathlib.Path) argument instead.
[14.266s]   See https://docs.pytest.org/en/latest/deprecations.html#fspath-argument-for-node-constructors-replaced-with-pathlib-path
[14.266s] 
[14.267s] ../../../../../opt/ros/foxy/lib/python3.8/site-packages/launch_testing/pytest/hooks.py:179
[14.268s] ../../../../../opt/ros/foxy/lib/python3.8/site-packages/launch_testing/pytest/hooks.py:179
[14.268s] ../../../../../opt/ros/foxy/lib/python3.8/site-packages/launch_testing/pytest/hooks.py:179
[14.269s]   Warning: The (fspath: py.path.local) argument to Module is deprecated. Please use the (path: pathlib.Path) argument instead.
[14.269s]   See https://docs.pytest.org/en/latest/deprecations.html#fspath-argument-for-node-constructors-replaced-with-pathlib-path
[14.270s] 
[14.271s] ../../../../../usr/lib/python3/dist-packages/pydocstyle/config.py:6
[14.271s]   Warning: Using or importing the ABCs from 'collections' instead of from 'collections.abc' is deprecated since Python 3.3, and in 3.10 it will stop working
[14.272s] 
[14.272s] -- Docs: https://docs.pytest.org/en/stable/how-to/capture-warnings.html
[14.273s] ------- generated xml file: /home/pi/sunflower/build/stem_pkg/pytest.xml -------
[14.274s] =========================== short test summary info ============================
[14.274s] FAILED test/test_copyright.py::test_copyright - AssertionError: Found errors
[14.275s] FAILED test/test_flake8.py::test_flake8 - AssertionError: Found 199 code styl...
[14.276s] [31m=================== [31m[1m2 failed[0m, [32m1 passed[0m, [33m5 warnings[0m[31m in 3.29s[0m[31m ====================[0m
[14.279s] Invoked command in '/home/pi/sunflower/src/stem_pkg' returned '1': PYTEST_ADDOPTS=--tb=short --junit-xml=/home/pi/sunflower/build/stem_pkg/pytest.xml --junit-prefix=stem_pkg -o cache_dir=/home/pi/sunflower/build/stem_pkg/.pytest_cache PYTHONPATH=/home/pi/sunflower/build/stem_pkg:/home/pi/sunflower/install/stem_pkg/lib/python3.8/site-packages:/home/pi/sunflower/build/tflite_pkg:/home/pi/sunflower/install/tflite_pkg/lib/python3.8/site-packages:/home/pi/sunflower/build/test_pkg:/home/pi/sunflower/install/test_pkg/lib/python3.8/site-packages:/home/pi/sunflower/install/sunflower_interfaces/lib/python3.8/site-packages:/home/pi/sunflower/build/sf_pkg:/home/pi/sunflower/install/sf_pkg/lib/python3.8/site-packages:/opt/ros/foxy/lib/python3.8/site-packages /usr/bin/python3 -m pytest
